Initializing document watcher...
portfolio/tailwind.config.js: {"insertSpaces":true,"tabSize":2}
portfolio/tailwind.config.js: {"insertSpaces":true,"tabSize":2}
portfolio/tailwind.config.js: Using EditorConfig core...
tailwind.config.js: editor.action.trimTrailingWhitespace
portfolio/tailwind.config.js: {"insertSpaces":true,"tabSize":2}
portfolio/tailwind.config.js: {"insertSpaces":true,"tabSize":2}
portfolio/tailwind.config.js: {"insertSpaces":true,"tabSize":2}
portfolio/package.json: {"insertSpaces":true,"tabSize":2}
/home/dotnet/.config/VSCodium/User/settings.json: {}
portfolio/package.json: {"insertSpaces":true,"tabSize":2}
portfolio/src/components/Blog.js: {"insertSpaces":true,"tabSize":2}
portfolio/src/components/Blog.js: Using EditorConfig core...
src/components/Blog.js: editor.action.trimTrailingWhitespace
portfolio/tailwind.config.js: {"insertSpaces":true,"tabSize":2}
portfolio/tailwind.config.js: {"insertSpaces":true,"tabSize":2}
portfolio/src/styles/GlobalStyles.js: {"insertSpaces":true,"tabSize":2}
portfolio/tailwind.config.js: {"insertSpaces":true,"tabSize":2}
portfolio/tailwind.config.js: {"insertSpaces":true,"tabSize":2}
portfolio/tailwind.config.js: {"insertSpaces":true,"tabSize":2}
portfolio/tailwind.config.js: {"insertSpaces":true,"tabSize":2}
portfolio/package.json: {"insertSpaces":true,"tabSize":2}
portfolio/src/styles/GlobalStyles.js: {"insertSpaces":true,"tabSize":2}
portfolio/src/pages/index.js: {"insertSpaces":true,"tabSize":2}
portfolio/src/components/Header.js: {"insertSpaces":true,"tabSize":2}
portfolio/gatsby-config.js: {"insertSpaces":true,"tabSize":2}
portfolio/src/styles/site.css: {"insertSpaces":true,"tabSize":2}
portfolio/src/components/Blog.js: {"insertSpaces":true,"tabSize":2}
portfolio/src/components/Blog.js: Using EditorConfig core...
src/components/Blog.js: editor.action.trimTrailingWhitespace
portfolio/src/components/Investing.js: {"insertSpaces":true,"tabSize":2}
portfolio/src/components/Blog.js: {"insertSpaces":true,"tabSize":2}
portfolio/src/components/Blog.js: Using EditorConfig core...
src/components/Blog.js: editor.action.trimTrailingWhitespace
portfolio/src/components/Blog.js: {"insertSpaces":true,"tabSize":2}
portfolio/src/components/Blog.js: Using EditorConfig core...
src/components/Blog.js: editor.action.trimTrailingWhitespace
portfolio/src/components/Blog.js: {"insertSpaces":true,"tabSize":2}
portfolio/src/components/Blog.js: Using EditorConfig core...
src/components/Blog.js: editor.action.trimTrailingWhitespace
portfolio/src/components/Blog.js: {"insertSpaces":true,"tabSize":2}
portfolio/src/components/Blog.js: {"insertSpaces":true,"tabSize":2}
portfolio/src/components/Blog.js: {"insertSpaces":true,"tabSize":2}
portfolio/src/components/Investing.js: {"insertSpaces":true,"tabSize":2}
portfolio/src/components/Blog.js: Using EditorConfig core...
src/components/Blog.js: trimTrailingWhitespace()
portfolio/src/components/Investing.js: Using EditorConfig core...
src/components/Investing.js: editor.action.trimTrailingWhitespace
portfolio/src/components/Blog.js: {"insertSpaces":true,"tabSize":2}
portfolio/src/components/Blog.js: Using EditorConfig core...
src/components/Blog.js: editor.action.trimTrailingWhitespace
portfolio/src/components/Blog.js: {"insertSpaces":true,"tabSize":2}
portfolio/src/components/Blog.js: Using EditorConfig core...
src/components/Blog.js: editor.action.trimTrailingWhitespace
portfolio/src/components/Blog.js: {"insertSpaces":true,"tabSize":2}
portfolio/src/components/Blog.js: Using EditorConfig core...
src/components/Blog.js: editor.action.trimTrailingWhitespace
portfolio/src/components/Blog.js: {"insertSpaces":true,"tabSize":2}
portfolio/src/components/Blog.js: {"insertSpaces":true,"tabSize":2}
portfolio/src/components/Blog.js: Using EditorConfig core...
src/components/Blog.js: editor.action.trimTrailingWhitespace
portfolio/src/components/Blog.js: {"insertSpaces":true,"tabSize":2}
portfolio/src/components/Blog.js: Using EditorConfig core...
src/components/Blog.js: editor.action.trimTrailingWhitespace
portfolio/src/components/Blog.js: {"insertSpaces":true,"tabSize":2}
portfolio/src/components/Blog.js: {"insertSpaces":true,"tabSize":2}
portfolio/src/components/Blog.js: {"insertSpaces":true,"tabSize":2}
portfolio/src/components/Blog.js: Using EditorConfig core...
src/components/Blog.js: editor.action.trimTrailingWhitespace
portfolio/src/components/Blog.js: {"insertSpaces":true,"tabSize":2}
portfolio/src/components/Blog.js: {"insertSpaces":true,"tabSize":2}
portfolio/src/components/Blog.js: Using EditorConfig core...
src/components/Blog.js: editor.action.trimTrailingWhitespace
portfolio/src/components/Blog.js: {"insertSpaces":true,"tabSize":2}
portfolio/src/components/Blog.js: Using EditorConfig core...
src/components/Blog.js: editor.action.trimTrailingWhitespace
portfolio/src/components/Blog.js: {"insertSpaces":true,"tabSize":2}
portfolio/src/components/Blog.js: {"insertSpaces":true,"tabSize":2}
portfolio/src/components/Blog.js: Using EditorConfig core...
src/components/Blog.js: editor.action.trimTrailingWhitespace
portfolio/src/components/Blog.js: {"insertSpaces":true,"tabSize":2}
portfolio/src/components/Blog.js: Using EditorConfig core...
src/components/Blog.js: editor.action.trimTrailingWhitespace
portfolio/src/components/Blog.js: {"insertSpaces":true,"tabSize":2}
portfolio/src/components/Blog.js: Using EditorConfig core...
src/components/Blog.js: editor.action.trimTrailingWhitespace
portfolio/src/components/Blog.js: {"insertSpaces":true,"tabSize":2}
portfolio/src/components/Blog.js: Using EditorConfig core...
src/components/Blog.js: editor.action.trimTrailingWhitespace
portfolio/src/components/Blog.js: {"insertSpaces":true,"tabSize":2}
portfolio/src/components/Blog.js: {"insertSpaces":true,"tabSize":2}
portfolio/src/components/Blog.js: {"insertSpaces":true,"tabSize":2}
portfolio/src/components/Blog.js: Using EditorConfig core...
src/components/Blog.js: editor.action.trimTrailingWhitespace
portfolio/src/components/Blog.js: {"insertSpaces":true,"tabSize":2}
portfolio/src/components/Blog.js: Using EditorConfig core...
src/components/Blog.js: editor.action.trimTrailingWhitespace
portfolio/src/components/Blog.js: {"insertSpaces":true,"tabSize":2}
portfolio/src/components/Blog.js: Using EditorConfig core...
src/components/Blog.js: editor.action.trimTrailingWhitespace
portfolio/src/components/Blog.js: {"insertSpaces":true,"tabSize":2}
portfolio/src/components/Blog.js: Using EditorConfig core...
src/components/Blog.js: editor.action.trimTrailingWhitespace
portfolio/src/components/Blog.js: {"insertSpaces":true,"tabSize":2}
portfolio/src/components/Blog.js: {"insertSpaces":true,"tabSize":2}
portfolio/src/components/Blog.js: Using EditorConfig core...
src/components/Blog.js: editor.action.trimTrailingWhitespace
portfolio/src/components/Blog.js: {"insertSpaces":true,"tabSize":2}
portfolio/src/components/Blog.js: {"insertSpaces":true,"tabSize":2}
portfolio/src/components/Blog.js: Using EditorConfig core...
src/components/Blog.js: editor.action.trimTrailingWhitespace
portfolio/src/components/Blog.js: {"insertSpaces":true,"tabSize":2}
portfolio/src/components/Blog.js: Using EditorConfig core...
src/components/Blog.js: editor.action.trimTrailingWhitespace
portfolio/src/components/Blog.js: {"insertSpaces":true,"tabSize":2}
portfolio/src/components/Blog.js: Using EditorConfig core...
src/components/Blog.js: editor.action.trimTrailingWhitespace
portfolio/src/components/Blog.js: {"insertSpaces":true,"tabSize":2}
portfolio/src/components/Blog.js: Using EditorConfig core...
src/components/Blog.js: editor.action.trimTrailingWhitespace
portfolio/src/components/Blog.js: {"insertSpaces":true,"tabSize":2}
portfolio/src/components/Blog.js: {"insertSpaces":true,"tabSize":2}
portfolio/src/components/Blog.js: Using EditorConfig core...
src/components/Blog.js: editor.action.trimTrailingWhitespace
portfolio/src/components/Blog.js: {"insertSpaces":true,"tabSize":2}
portfolio/src/components/Blog.js: {"insertSpaces":true,"tabSize":2}
portfolio/src/components/Blog.js: Using EditorConfig core...
src/components/Blog.js: editor.action.trimTrailingWhitespace
portfolio/src/components/Blog.js: {"insertSpaces":true,"tabSize":2}
portfolio/src/components/Blog.js: {"insertSpaces":true,"tabSize":2}
portfolio/src/components/Blog.js: {"insertSpaces":true,"tabSize":2}
portfolio/src/components/Blog.js: Using EditorConfig core...
src/components/Blog.js: editor.action.trimTrailingWhitespace
portfolio/src/components/Blog.js: {"insertSpaces":true,"tabSize":2}
portfolio/src/components/Blog.js: Using EditorConfig core...
src/components/Blog.js: editor.action.trimTrailingWhitespace
portfolio/src/components/Blog.js: Using EditorConfig core...
src/components/Blog.js: editor.action.trimTrailingWhitespace
portfolio/src/components/Blog.js: Using EditorConfig core...
src/components/Blog.js: editor.action.trimTrailingWhitespace
portfolio/src/components/Blog.js: Using EditorConfig core...
src/components/Blog.js: editor.action.trimTrailingWhitespace
portfolio/src/components/Blog.js: Using EditorConfig core...
src/components/Blog.js: editor.action.trimTrailingWhitespace
portfolio/src/components/Blog.js: Using EditorConfig core...
src/components/Blog.js: editor.action.trimTrailingWhitespace
portfolio/src/components/Blog.js: {"insertSpaces":true,"tabSize":2}
portfolio/src/components/Blog.js: {"insertSpaces":true,"tabSize":2}
portfolio/src/components/Blog.js: {"insertSpaces":true,"tabSize":2}
portfolio/src/components/Blog.js: Using EditorConfig core...
src/components/Blog.js: editor.action.trimTrailingWhitespace
portfolio/src/components/Blog.js: {"insertSpaces":true,"tabSize":2}
portfolio/src/components/Blog.js: {"insertSpaces":true,"tabSize":2}
portfolio/src/components/Blog.js: Using EditorConfig core...
src/components/Blog.js: editor.action.trimTrailingWhitespace
portfolio/src/components/Blog.js: {"insertSpaces":true,"tabSize":2}
portfolio/src/components/Blog.js: Using EditorConfig core...
src/components/Blog.js: editor.action.trimTrailingWhitespace
portfolio/src/components/Blog.js: {"insertSpaces":true,"tabSize":2}
portfolio/src/styles/GlobalStyles.js: {"insertSpaces":true,"tabSize":2}
portfolio/src/components/Blog.js: Using EditorConfig core...
src/components/Blog.js: trimTrailingWhitespace()
portfolio/src/styles/GlobalStyles.js: Using EditorConfig core...
src/styles/GlobalStyles.js: editor.action.trimTrailingWhitespace
portfolio/src/styles/GlobalStyles.js: {"insertSpaces":true,"tabSize":2}
portfolio/src/styles/GlobalStyles.js: Using EditorConfig core...
src/styles/GlobalStyles.js: editor.action.trimTrailingWhitespace
portfolio/src/styles/GlobalStyles.js: {"insertSpaces":true,"tabSize":2}
portfolio/src/styles/GlobalStyles.js: Using EditorConfig core...
src/styles/GlobalStyles.js: editor.action.trimTrailingWhitespace
portfolio/tailwind.config.js: {"insertSpaces":true,"tabSize":2}
portfolio/src/styles/GlobalStyles.js: {"insertSpaces":true,"tabSize":2}
portfolio/tailwind.config.js: Using EditorConfig core...
tailwind.config.js: trimTrailingWhitespace()
portfolio/src/styles/GlobalStyles.js: {"insertSpaces":true,"tabSize":2}
portfolio/tailwind.config.js: {"insertSpaces":true,"tabSize":2}
portfolio/tailwind.config.js: Using EditorConfig core...
tailwind.config.js: editor.action.trimTrailingWhitespace
portfolio/tailwind.config.js: Using EditorConfig core...
tailwind.config.js: editor.action.trimTrailingWhitespace
portfolio/src/styles/GlobalStyles.js: {"insertSpaces":true,"tabSize":2}
portfolio/src/pages/index.js: {"insertSpaces":true,"tabSize":2}
portfolio/src/components/Header.js: {"insertSpaces":true,"tabSize":2}
portfolio/gatsby-config.js: {"insertSpaces":true,"tabSize":2}
portfolio/src/styles/site.css: {"insertSpaces":true,"tabSize":2}
portfolio/src/components/Investing.js: {"insertSpaces":true,"tabSize":2}
portfolio/src/components/Investing.js: Using EditorConfig core...
src/components/Investing.js: editor.action.trimTrailingWhitespace
portfolio/src/components/Investing.js: Using EditorConfig core...
src/components/Investing.js: editor.action.trimTrailingWhitespace
portfolio/src/styles/site.css: {"insertSpaces":true,"tabSize":2}
portfolio/src/components/Blog.js: {"insertSpaces":true,"tabSize":2}
portfolio/src/styles/site.css: {"insertSpaces":true,"tabSize":2}
portfolio/src/components/Blog.js: Using EditorConfig core...
src/components/Blog.js: trimTrailingWhitespace()
portfolio/src/components/Blog.js: {"insertSpaces":true,"tabSize":2}
portfolio/gatsby-config.js: {"insertSpaces":true,"tabSize":2}
portfolio/gatsby-config.js: {"insertSpaces":true,"tabSize":2}
portfolio/gatsby-config.js: {"insertSpaces":true,"tabSize":2}
portfolio/src/components/Blog.js: {"insertSpaces":true,"tabSize":2}
portfolio/src/components/Blog.js: Using EditorConfig core...
src/components/Blog.js: editor.action.trimTrailingWhitespace
portfolio/src/components/Blog.js: {"insertSpaces":true,"tabSize":2}
portfolio/src/components/Blog.js: {"insertSpaces":true,"tabSize":2}
portfolio/src/components/Blog.js: {"insertSpaces":true,"tabSize":2}
portfolio/tailwind.config.js: {"insertSpaces":true,"tabSize":2}
portfolio/tailwind.config.js: Using EditorConfig core...
tailwind.config.js: editor.action.trimTrailingWhitespace
portfolio/tailwind.config.js: {"insertSpaces":true,"tabSize":2}
portfolio/package.json: {"insertSpaces":true,"tabSize":2}
portfolio/tailwind.config.js: {"insertSpaces":true,"tabSize":2}
portfolio/tailwind.config.js: {"insertSpaces":true,"tabSize":2}
portfolio/src/styles/GlobalStyles.js: {"insertSpaces":true,"tabSize":2}
portfolio/src/styles/GlobalStyles.js: Using EditorConfig core...
src/styles/GlobalStyles.js: editor.action.trimTrailingWhitespace
portfolio/src/styles/GlobalStyles.js: {"insertSpaces":true,"tabSize":2}
portfolio/src/components/Blog.js: {"insertSpaces":true,"tabSize":2}
portfolio/tailwind.config.js: {"insertSpaces":true,"tabSize":2}
portfolio/src/components/Blog.js: Using EditorConfig core...
src/components/Blog.js: trimTrailingWhitespace()
portfolio/README.md: {"insertSpaces":true,"tabSize":2}
portfolio/tailwind.config.js: Using EditorConfig core...
tailwind.config.js: trimTrailingWhitespace()
portfolio/tailwind.config.js: {"insertSpaces":true,"tabSize":2}
portfolio/src/styles/GlobalStyles.js: {"insertSpaces":true,"tabSize":2}
portfolio/src/pages/index.js: {"insertSpaces":true,"tabSize":2}
portfolio/src/styles/GlobalStyles.js: Using EditorConfig core...
src/styles/GlobalStyles.js: trimTrailingWhitespace()
portfolio/src/styles/GlobalStyles.js: {"insertSpaces":true,"tabSize":2}
portfolio/src/components/Header.js: {"insertSpaces":true,"tabSize":2}
portfolio/src/components/Header.js: {"insertSpaces":true,"tabSize":2}
portfolio/src/styles/GlobalStyles.js: {"insertSpaces":true,"tabSize":2}
portfolio/src/pages/index.js: {"insertSpaces":true,"tabSize":2}
portfolio/src/styles/GlobalStyles.js: {"insertSpaces":true,"tabSize":2}
portfolio/gatsby-config.js: {"insertSpaces":true,"tabSize":2}
portfolio/src/styles/GlobalStyles.js: {"insertSpaces":true,"tabSize":2}
portfolio/src/components/Blog.js: {"insertSpaces":true,"tabSize":2}
portfolio/src/components/Blog.js: {"insertSpaces":true,"tabSize":2}
portfolio/src/components/Blog.js: {"insertSpaces":true,"tabSize":2}
portfolio/src/components/Blog.js: {"insertSpaces":true,"tabSize":2}
portfolio/src/components/Blog.js: {"insertSpaces":true,"tabSize":2}
portfolio/src/components/Blog.js: Using EditorConfig core...
src/components/Blog.js: editor.action.trimTrailingWhitespace
portfolio/src/components/Blog.js: {"insertSpaces":true,"tabSize":2}
portfolio/src/components/Blog.js: Using EditorConfig core...
src/components/Blog.js: editor.action.trimTrailingWhitespace
portfolio/src/components/Blog.js: {"insertSpaces":true,"tabSize":2}
portfolio/src/components/Blog.js: Using EditorConfig core...
src/components/Blog.js: editor.action.trimTrailingWhitespace
portfolio/src/components/Blog.js: {"insertSpaces":true,"tabSize":2}
portfolio/src/components/Blog.js: {"insertSpaces":true,"tabSize":2}
portfolio/src/components/Blog.js: {"insertSpaces":true,"tabSize":2}
portfolio/src/components/Blog.js: Using EditorConfig core...
src/components/Blog.js: editor.action.trimTrailingWhitespace
portfolio/src/components/Blog.js: {"insertSpaces":true,"tabSize":2}
portfolio/src/components/Blog.js: {"insertSpaces":true,"tabSize":2}
portfolio/src/components/Blog.js: Using EditorConfig core...
src/components/Blog.js: editor.action.trimTrailingWhitespace
portfolio/src/components/Blog.js: {"insertSpaces":true,"tabSize":2}
portfolio/src/components/Blog.js: {"insertSpaces":true,"tabSize":2}
portfolio/src/components/Blog.js: {"insertSpaces":true,"tabSize":2}
portfolio/src/components/Blog.js: {"insertSpaces":true,"tabSize":2}
portfolio/src/components/Blog.js: Using EditorConfig core...
src/components/Blog.js: editor.action.trimTrailingWhitespace
portfolio/src/components/Blog.js: {"insertSpaces":true,"tabSize":2}
portfolio/src/components/Blog.js: {"insertSpaces":true,"tabSize":2}
portfolio/src/components/Blog.js: Using EditorConfig core...
src/components/Blog.js: editor.action.trimTrailingWhitespace
portfolio/src/components/Blog.js: {"insertSpaces":true,"tabSize":2}
portfolio/src/components/Blog.js: {"insertSpaces":true,"tabSize":2}
portfolio/src/components/Blog.js: Using EditorConfig core...
src/components/Blog.js: editor.action.trimTrailingWhitespace
portfolio/src/components/Blog.js: {"insertSpaces":true,"tabSize":2}
portfolio/src/components/Blog.js: {"insertSpaces":true,"tabSize":2}
portfolio/src/components/Blog.js: Using EditorConfig core...
src/components/Blog.js: editor.action.trimTrailingWhitespace
portfolio/src/components/Blog.js: {"insertSpaces":true,"tabSize":2}
portfolio/src/components/Blog.js: {"insertSpaces":true,"tabSize":2}
portfolio/src/components/Blog.js: Using EditorConfig core...
src/components/Blog.js: editor.action.trimTrailingWhitespace
portfolio/src/components/Blog.js: {"insertSpaces":true,"tabSize":2}
portfolio/src/components/Blog.js: Using EditorConfig core...
src/components/Blog.js: editor.action.trimTrailingWhitespace
portfolio/src/components/Blog.js: {"insertSpaces":true,"tabSize":2}
portfolio/src/components/Blog.js: Using EditorConfig core...
src/components/Blog.js: editor.action.trimTrailingWhitespace
portfolio/src/components/Blog.js: {"insertSpaces":true,"tabSize":2}
portfolio/src/components/Blog.js: {"insertSpaces":true,"tabSize":2}
portfolio/src/components/Blog.js: Using EditorConfig core...
src/components/Blog.js: editor.action.trimTrailingWhitespace
portfolio/src/components/Blog.js: {"insertSpaces":true,"tabSize":2}
portfolio/src/components/Blog.js: Using EditorConfig core...
src/components/Blog.js: editor.action.trimTrailingWhitespace
portfolio/src/components/Blog.js: {"insertSpaces":true,"tabSize":2}
portfolio/src/components/Blog.js: Using EditorConfig core...
src/components/Blog.js: editor.action.trimTrailingWhitespace
portfolio/src/components/Blog.js: {"insertSpaces":true,"tabSize":2}
portfolio/src/components/Blog.js: Using EditorConfig core...
src/components/Blog.js: editor.action.trimTrailingWhitespace
portfolio/src/components/Blog.js: {"insertSpaces":true,"tabSize":2}
portfolio/src/components/Blog.js: Using EditorConfig core...
src/components/Blog.js: editor.action.trimTrailingWhitespace
portfolio/src/components/Blog.js: {"insertSpaces":true,"tabSize":2}
portfolio/src/components/Blog.js: {"insertSpaces":true,"tabSize":2}
portfolio/src/components/Blog.js: {"insertSpaces":true,"tabSize":2}
portfolio/src/components/Blog.js: {"insertSpaces":true,"tabSize":2}
portfolio/src/components/Blog.js: {"insertSpaces":true,"tabSize":2}
portfolio/src/components/Blog.js: {"insertSpaces":true,"tabSize":2}
portfolio/src/components/Blog.js: {"insertSpaces":true,"tabSize":2}
portfolio/src/components/Blog.js: {"insertSpaces":true,"tabSize":2}
portfolio/src/components/Blog.js: {"insertSpaces":true,"tabSize":2}
portfolio/src/components/Blog.js: {"insertSpaces":true,"tabSize":2}
portfolio/src/components/Blog.js: {"insertSpaces":true,"tabSize":2}
portfolio/src/components/Blog.js: {"insertSpaces":true,"tabSize":2}
portfolio/src/components/Blog.js: {"insertSpaces":true,"tabSize":2}
portfolio/src/components/Blog.js: {"insertSpaces":true,"tabSize":2}
portfolio/src/components/Blog.js: {"insertSpaces":true,"tabSize":2}
portfolio/src/components/Blog.js: Using EditorConfig core...
src/components/Blog.js: editor.action.trimTrailingWhitespace
portfolio/src/components/Blog.js: {"insertSpaces":true,"tabSize":2}
portfolio/src/components/Investing.js: {"insertSpaces":true,"tabSize":2}
portfolio/src/components/Header.js: {"insertSpaces":true,"tabSize":2}
portfolio/src/components/Header.js: {"insertSpaces":true,"tabSize":2}
portfolio/src/components/Header.js: {"insertSpaces":true,"tabSize":2}
portfolio/src/styles/GlobalStyles.js: {"insertSpaces":true,"tabSize":2}
portfolio/src/components/Header.js: {"insertSpaces":true,"tabSize":2}
portfolio/src/components/Header.js: Using EditorConfig core...
src/components/Header.js: editor.action.trimTrailingWhitespace
portfolio/src/components/Header.js: {"insertSpaces":true,"tabSize":2}
portfolio/src/components/Blog.js: {"insertSpaces":true,"tabSize":2}
portfolio/src/components/Blog.js: Using EditorConfig core...
src/components/Blog.js: editor.action.trimTrailingWhitespace
portfolio/src/components/Blog.js: {"insertSpaces":true,"tabSize":2}
portfolio/src/components/Header.js: {"insertSpaces":true,"tabSize":2}
portfolio/src/components/Blog.js: Using EditorConfig core...
src/components/Blog.js: trimTrailingWhitespace()
portfolio/src/components/Header.js: Using EditorConfig core...
src/components/Header.js: editor.action.trimTrailingWhitespace
portfolio/src/components/Header.js: {"insertSpaces":true,"tabSize":2}
portfolio/src/components/Header.js: {"insertSpaces":true,"tabSize":2}
portfolio/src/components/Header.js: {"insertSpaces":true,"tabSize":2}
portfolio/src/components/Header.js: {"insertSpaces":true,"tabSize":2}
portfolio/src/components/Blog.js: {"insertSpaces":true,"tabSize":2}
portfolio/src/components/Blog.js: Using EditorConfig core...
src/components/Blog.js: editor.action.trimTrailingWhitespace
portfolio/src/components/Blog.js: {"insertSpaces":true,"tabSize":2}
portfolio/src/components/Blog.js: Using EditorConfig core...
src/components/Blog.js: editor.action.trimTrailingWhitespace
portfolio/src/components/Blog.js: {"insertSpaces":true,"tabSize":2}
portfolio/src/components/Blog.js: Using EditorConfig core...
src/components/Blog.js: editor.action.trimTrailingWhitespace
portfolio/src/components/Blog.js: {"insertSpaces":true,"tabSize":2}
portfolio/src/components/Blog.js: Using EditorConfig core...
src/components/Blog.js: editor.action.trimTrailingWhitespace
portfolio/src/components/Blog.js: {"insertSpaces":true,"tabSize":2}
portfolio/src/components/Blog.js: Using EditorConfig core...
src/components/Blog.js: editor.action.trimTrailingWhitespace
portfolio/src/components/Blog.js: {"insertSpaces":true,"tabSize":2}
portfolio/src/components/Investing.js: {"insertSpaces":true,"tabSize":2}
portfolio/src/components/Blog.js: Using EditorConfig core...
src/components/Blog.js: trimTrailingWhitespace()
portfolio/src/components/Investing.js: {"insertSpaces":true,"tabSize":2}
portfolio/src/components/Investing.js: {"insertSpaces":true,"tabSize":2}
portfolio/src/components/Investing.js: {"insertSpaces":true,"tabSize":2}
portfolio/src/components/Blog.js: {"insertSpaces":true,"tabSize":2}
portfolio/src/components/Blog.js: Using EditorConfig core...
src/components/Blog.js: editor.action.trimTrailingWhitespace
portfolio/src/components/Blog.js: {"insertSpaces":true,"tabSize":2}
portfolio/src/components/Blog.js: Using EditorConfig core...
src/components/Blog.js: editor.action.trimTrailingWhitespace
portfolio/src/components/Blog.js: {"insertSpaces":true,"tabSize":2}
portfolio/src/components/Blog.js: Using EditorConfig core...
src/components/Blog.js: editor.action.trimTrailingWhitespace
portfolio/src/components/Blog.js: {"insertSpaces":true,"tabSize":2}
portfolio/src/components/Blog.js: {"insertSpaces":true,"tabSize":2}
portfolio/src/components/Blog.js: Using EditorConfig core...
src/components/Blog.js: editor.action.trimTrailingWhitespace
portfolio/src/components/Blog.js: {"insertSpaces":true,"tabSize":2}
portfolio/src/components/Blog.js: {"insertSpaces":true,"tabSize":2}
portfolio/src/components/Blog.js: Using EditorConfig core...
src/components/Blog.js: editor.action.trimTrailingWhitespace
portfolio/src/components/Blog.js: {"insertSpaces":true,"tabSize":2}
portfolio/src/components/Blog.js: Using EditorConfig core...
src/components/Blog.js: editor.action.trimTrailingWhitespace
portfolio/src/components/Blog.js: {"insertSpaces":true,"tabSize":2}
portfolio/src/components/Blog.js: {"insertSpaces":true,"tabSize":2}
portfolio/tailwind.config.js: {"insertSpaces":true,"tabSize":2}
portfolio/src/styles/GlobalStyles.js: {"insertSpaces":true,"tabSize":2}
portfolio/src/styles/GlobalStyles.js: Using EditorConfig core...
src/styles/GlobalStyles.js: editor.action.trimTrailingWhitespace
portfolio/src/styles/GlobalStyles.js: {"insertSpaces":true,"tabSize":2}
portfolio/src/styles/GlobalStyles.js: Using EditorConfig core...
src/styles/GlobalStyles.js: editor.action.trimTrailingWhitespace
portfolio/src/styles/GlobalStyles.js: {"insertSpaces":true,"tabSize":2}
portfolio/src/styles/GlobalStyles.js: Using EditorConfig core...
src/styles/GlobalStyles.js: editor.action.trimTrailingWhitespace
portfolio/src/styles/GlobalStyles.js: {"insertSpaces":true,"tabSize":2}
portfolio/src/styles/GlobalStyles.js: Using EditorConfig core...
src/styles/GlobalStyles.js: editor.action.trimTrailingWhitespace
portfolio/src/styles/GlobalStyles.js: {"insertSpaces":true,"tabSize":2}
portfolio/src/components/Header.js: {"insertSpaces":true,"tabSize":2}
portfolio/src/components/Investing.js: {"insertSpaces":true,"tabSize":2}
portfolio/src/components/Header.js: Using EditorConfig core...
src/components/Header.js: trimTrailingWhitespace()
portfolio/src/components/Investing.js: {"insertSpaces":true,"tabSize":2}
portfolio/src/components/Investing.js: {"insertSpaces":true,"tabSize":2}
portfolio/src/components/Investing.js: {"insertSpaces":true,"tabSize":2}
portfolio/src/components/Investing.js: {"insertSpaces":true,"tabSize":2}
portfolio/src/components/Investing.js: {"insertSpaces":true,"tabSize":2}
portfolio/src/components/Header.js: {"insertSpaces":true,"tabSize":2}
portfolio/src/components/Header.js: Using EditorConfig core...
src/components/Header.js: editor.action.trimTrailingWhitespace
portfolio/src/components/Header.js: {"insertSpaces":true,"tabSize":2}
portfolio/src/components/Header.js: {"insertSpaces":true,"tabSize":2}
portfolio/src/components/Blog.js: {"insertSpaces":true,"tabSize":2}
portfolio/src/components/Blog.js: {"insertSpaces":true,"tabSize":2}
portfolio/src/components/Blog.js: {"insertSpaces":true,"tabSize":2}
portfolio/src/components/Blog.js: Using EditorConfig core...
src/components/Blog.js: editor.action.trimTrailingWhitespace
portfolio/src/components/Blog.js: {"insertSpaces":true,"tabSize":2}
portfolio/src/components/Blog.js: {"insertSpaces":true,"tabSize":2}
portfolio/src/components/Blog.js: Using EditorConfig core...
src/components/Blog.js: editor.action.trimTrailingWhitespace
portfolio/src/components/Blog.js: {"insertSpaces":true,"tabSize":2}
portfolio/src/components/Header.js: {"insertSpaces":true,"tabSize":2}
portfolio/src/components/Header.js: Using EditorConfig core...
src/components/Header.js: editor.action.trimTrailingWhitespace
portfolio/src/components/Header.js: Using EditorConfig core...
src/components/Header.js: editor.action.trimTrailingWhitespace
portfolio/src/components/Header.js: {"insertSpaces":true,"tabSize":2}
portfolio/src/components/Header.js: Using EditorConfig core...
src/components/Header.js: editor.action.trimTrailingWhitespace
portfolio/src/components/Header.js: {"insertSpaces":true,"tabSize":2}
portfolio/src/components/Header.js: Using EditorConfig core...
src/components/Header.js: editor.action.trimTrailingWhitespace
portfolio/src/components/Header.js: {"insertSpaces":true,"tabSize":2}
portfolio/src/components/Header.js: {"insertSpaces":true,"tabSize":2}
portfolio/src/components/Header.js: {"insertSpaces":true,"tabSize":2}
portfolio/src/components/Header.js: {"insertSpaces":true,"tabSize":2}
portfolio/src/components/Header.js: {"insertSpaces":true,"tabSize":2}
portfolio/src/components/Header.js: {"insertSpaces":true,"tabSize":2}
portfolio/src/components/Header.js: {"insertSpaces":true,"tabSize":2}
portfolio/src/components/Header.js: {"insertSpaces":true,"tabSize":2}
portfolio/src/components/Header.js: {"insertSpaces":true,"tabSize":2}
portfolio/src/components/Header.js: {"insertSpaces":true,"tabSize":2}
portfolio/src/components/Header.js: {"insertSpaces":true,"tabSize":2}
portfolio/src/components/Blog.js: {"insertSpaces":true,"tabSize":2}
portfolio/src/components/Investing.js: {"insertSpaces":true,"tabSize":2}
portfolio/src/styles/GlobalStyles.js: {"insertSpaces":true,"tabSize":2}
portfolio/tailwind.config.js: {"insertSpaces":true,"tabSize":2}
No more open editors.
No more open editors.
No more open editors.
No more open editors.
No more open editors.
