Looking for git in: git
Using git 2.31.1 from git
> git rev-parse --git-dir
Open repository: /home/dotnet/Documents/itermcolors2terminator
> git fetch
> git status -z -u
> git symbolic-ref --short HEAD
fatal: unable to access 'https://github.com/hdra/itermcolors2terminator/': Could not resolve host: github.com
> git for-each-ref --format=%(refname)%00%(upstream:short)%00%(upstream:track)%00%(objectname) refs/heads/master refs/remotes/master
> git for-each-ref --sort -committerdate --format %(refname) %(objectname) %(*objectname)
> git remote --verbose
Warning: Failed to watch ref '/home/dotnet/Documents/itermcolors2terminator/.git/refs/remotes/origin/master', is most likely packed.
> git config --get commit.template
> git show --textconv :convert.py
> git ls-files --stage -- /home/dotnet/Documents/itermcolors2terminator/convert.py
> git cat-file -s 803cb085ae0f2d7a55b4bcf6361bdc1860b0d016
> git check-ignore -v -z --stdin
> git ls-files --stage -- /home/dotnet/Documents/itermcolors2terminator/convert.py
> git cat-file -s 803cb085ae0f2d7a55b4bcf6361bdc1860b0d016
> git show --textconv :convert.py
> git status -z -u
> git symbolic-ref --short HEAD
> git for-each-ref --format=%(refname)%00%(upstream:short)%00%(upstream:track)%00%(objectname) refs/heads/master refs/remotes/master
> git for-each-ref --sort -committerdate --format %(refname) %(objectname) %(*objectname)
> git remote --verbose
Warning: Failed to watch ref '/home/dotnet/Documents/itermcolors2terminator/.git/refs/remotes/origin/master', is most likely packed.
> git config --get commit.template
> git fetch
> git status -z -u
> git symbolic-ref --short HEAD
> git for-each-ref --format=%(refname)%00%(upstream:short)%00%(upstream:track)%00%(objectname) refs/heads/master refs/remotes/master
> git for-each-ref --sort -committerdate --format %(refname) %(objectname) %(*objectname)
> git remote --verbose
Warning: Failed to watch ref '/home/dotnet/Documents/itermcolors2terminator/.git/refs/remotes/origin/master', is most likely packed.
> git config --get commit.template
> git status -z -u
> git symbolic-ref --short HEAD
> git for-each-ref --format=%(refname)%00%(upstream:short)%00%(upstream:track)%00%(objectname) refs/heads/master refs/remotes/master
> git for-each-ref --sort -committerdate --format %(refname) %(objectname) %(*objectname)
> git remote --verbose
Warning: Failed to watch ref '/home/dotnet/Documents/itermcolors2terminator/.git/refs/remotes/origin/master', is most likely packed.
> git config --get commit.template
> git ls-files --stage -- /home/dotnet/Documents/itermcolors2terminator/convert.py
> git cat-file -s 803cb085ae0f2d7a55b4bcf6361bdc1860b0d016
> git show --textconv :convert.py
> git status -z -u
> git symbolic-ref --short HEAD
> git for-each-ref --format=%(refname)%00%(upstream:short)%00%(upstream:track)%00%(objectname) refs/heads/master refs/remotes/master
> git for-each-ref --sort -committerdate --format %(refname) %(objectname) %(*objectname)
> git remote --verbose
Warning: Failed to watch ref '/home/dotnet/Documents/itermcolors2terminator/.git/refs/remotes/origin/master', is most likely packed.
> git config --get commit.template
> git check-ignore -v -z --stdin
> git fetch
> git status -z -u
> git symbolic-ref --short HEAD
> git for-each-ref --format=%(refname)%00%(upstream:short)%00%(upstream:track)%00%(objectname) refs/heads/master refs/remotes/master
> git for-each-ref --sort -committerdate --format %(refname) %(objectname) %(*objectname)
> git remote --verbose
Warning: Failed to watch ref '/home/dotnet/Documents/itermcolors2terminator/.git/refs/remotes/origin/master', is most likely packed.
> git config --get commit.template
> git status -z -u
> git symbolic-ref --short HEAD
> git for-each-ref --format=%(refname)%00%(upstream:short)%00%(upstream:track)%00%(objectname) refs/heads/master refs/remotes/master
> git for-each-ref --sort -committerdate --format %(refname) %(objectname) %(*objectname)
> git remote --verbose
Warning: Failed to watch ref '/home/dotnet/Documents/itermcolors2terminator/.git/refs/remotes/origin/master', is most likely packed.
> git config --get commit.template
> git status -z -u
> git symbolic-ref --short HEAD
> git for-each-ref --format=%(refname)%00%(upstream:short)%00%(upstream:track)%00%(objectname) refs/heads/master refs/remotes/master
> git for-each-ref --sort -committerdate --format %(refname) %(objectname) %(*objectname)
> git remote --verbose
Warning: Failed to watch ref '/home/dotnet/Documents/itermcolors2terminator/.git/refs/remotes/origin/master', is most likely packed.
> git config --get commit.template
> git show --textconv :convert.py
> git ls-files --stage -- /home/dotnet/Documents/itermcolors2terminator/convert.py
> git cat-file -s 803cb085ae0f2d7a55b4bcf6361bdc1860b0d016
> git fetch
> git status -z -u
> git symbolic-ref --short HEAD
> git for-each-ref --format=%(refname)%00%(upstream:short)%00%(upstream:track)%00%(objectname) refs/heads/master refs/remotes/master
> git for-each-ref --sort -committerdate --format %(refname) %(objectname) %(*objectname)
> git remote --verbose
Warning: Failed to watch ref '/home/dotnet/Documents/itermcolors2terminator/.git/refs/remotes/origin/master', is most likely packed.
> git config --get commit.template
> git show --textconv :terminatorschemes.txt
> git ls-files --stage -- /home/dotnet/Documents/itermcolors2terminator/terminatorschemes.txt
> git fetch
> git status -z -u
> git symbolic-ref --short HEAD
> git for-each-ref --format=%(refname)%00%(upstream:short)%00%(upstream:track)%00%(objectname) refs/heads/master refs/remotes/master
> git for-each-ref --sort -committerdate --format %(refname) %(objectname) %(*objectname)
> git remote --verbose
Warning: Failed to watch ref '/home/dotnet/Documents/itermcolors2terminator/.git/refs/remotes/origin/master', is most likely packed.
> git config --get commit.template
> git fetch
> git ls-files --stage -- /home/dotnet/Documents/itermcolors2terminator/terminatorschemes.txt
> git show --textconv :terminatorschemes.txt
> git status -z -u
> git symbolic-ref --short HEAD
> git for-each-ref --format=%(refname)%00%(upstream:short)%00%(upstream:track)%00%(objectname) refs/heads/master refs/remotes/master
> git for-each-ref --sort -committerdate --format %(refname) %(objectname) %(*objectname)
> git remote --verbose
Warning: Failed to watch ref '/home/dotnet/Documents/itermcolors2terminator/.git/refs/remotes/origin/master', is most likely packed.
> git config --get commit.template
> git ls-files --stage -- /home/dotnet/Documents/itermcolors2terminator/terminatorschemes.txt
> git show --textconv :terminatorschemes.txt
> git status -z -u
> git symbolic-ref --short HEAD
> git for-each-ref --format=%(refname)%00%(upstream:short)%00%(upstream:track)%00%(objectname) refs/heads/master refs/remotes/master
> git for-each-ref --sort -committerdate --format %(refname) %(objectname) %(*objectname)
> git remote --verbose
Warning: Failed to watch ref '/home/dotnet/Documents/itermcolors2terminator/.git/refs/remotes/origin/master', is most likely packed.
> git config --get commit.template
