[2021-04-25 01:11:22.030] [exthost] [info] extension host started
[2021-04-25 01:11:22.123] [exthost] [info] ExtensionService#_doActivateExtension vscode.typescript-language-features {"startup":false,"extensionId":{"value":"vscode.typescript-language-features","_lower":"vscode.typescript-language-features"},"activationEvent":"onLanguage:javascript"}
[2021-04-25 01:11:22.123] [exthost] [info] ExtensionService#loadCommonJSModule file:///usr/share/vscodium-bin/resources/app/extensions/typescript-language-features/dist/extension
[2021-04-25 01:11:22.155] [exthost] [info] ExtensionService#_doActivateExtension vscode.debug-auto-launch {"startup":true,"extensionId":{"value":"vscode.debug-auto-launch","_lower":"vscode.debug-auto-launch"},"activationEvent":"*"}
[2021-04-25 01:11:22.155] [exthost] [info] ExtensionService#loadCommonJSModule file:///usr/share/vscodium-bin/resources/app/extensions/debug-auto-launch/dist/extension
[2021-04-25 01:11:22.158] [exthost] [info] ExtensionService#_doActivateExtension vscode.git {"startup":true,"extensionId":{"value":"vscode.github","_lower":"vscode.github"},"activationEvent":"*"}
[2021-04-25 01:11:22.158] [exthost] [info] ExtensionService#loadCommonJSModule file:///usr/share/vscodium-bin/resources/app/extensions/git/dist/main
[2021-04-25 01:11:22.183] [exthost] [info] ExtensionService#_doActivateExtension asvetliakov.vscode-neovim {"startup":true,"extensionId":{"value":"asvetliakov.vscode-neovim","_lower":"asvetliakov.vscode-neovim"},"activationEvent":"*"}
[2021-04-25 01:11:22.183] [exthost] [info] ExtensionService#loadCommonJSModule file:///home/dotnet/.vscode-oss/extensions/asvetliakov.vscode-neovim-0.0.78/dist/extension.js
[2021-04-25 01:11:22.202] [exthost] [info] ExtensionService#_doActivateExtension CoenraadS.bracket-pair-colorizer {"startup":true,"extensionId":{"value":"CoenraadS.bracket-pair-colorizer","_lower":"coenraads.bracket-pair-colorizer"},"activationEvent":"*"}
[2021-04-25 01:11:22.203] [exthost] [info] ExtensionService#loadCommonJSModule file:///home/dotnet/.vscode-oss/extensions/coenraads.bracket-pair-colorizer-1.0.61/out/src/extension
[2021-04-25 01:11:22.227] [exthost] [info] ExtensionService#_doActivateExtension EditorConfig.EditorConfig {"startup":true,"extensionId":{"value":"EditorConfig.EditorConfig","_lower":"editorconfig.editorconfig"},"activationEvent":"*"}
[2021-04-25 01:11:22.227] [exthost] [info] ExtensionService#loadCommonJSModule file:///home/dotnet/.vscode-oss/extensions/editorconfig.editorconfig-0.16.4/out/editorConfigMain.js
[2021-04-25 01:11:22.267] [exthost] [info] ExtensionService#_doActivateExtension ms-vscode.sublime-keybindings {"startup":true,"extensionId":{"value":"ms-vscode.sublime-keybindings","_lower":"ms-vscode.sublime-keybindings"},"activationEvent":"*"}
[2021-04-25 01:11:22.267] [exthost] [info] ExtensionService#loadCommonJSModule file:///home/dotnet/.vscode-oss/extensions/ms-vscode.sublime-keybindings-4.0.9/dist/extension.js
[2021-04-25 01:11:22.272] [exthost] [info] ExtensionService#_doActivateExtension naumovs.color-highlight {"startup":true,"extensionId":{"value":"naumovs.color-highlight","_lower":"naumovs.color-highlight"},"activationEvent":"*"}
[2021-04-25 01:11:22.273] [exthost] [info] ExtensionService#loadCommonJSModule file:///home/dotnet/.vscode-oss/extensions/naumovs.color-highlight-2.3.0/dist/extension
[2021-04-25 01:11:22.284] [exthost] [info] ExtensionService#_doActivateExtension vscode.npm {"startup":true,"extensionId":{"value":"vscode.npm","_lower":"vscode.npm"},"activationEvent":"workspaceContains:package.json"}
[2021-04-25 01:11:22.284] [exthost] [info] ExtensionService#loadCommonJSModule file:///usr/share/vscodium-bin/resources/app/extensions/npm/dist/npmMain
[2021-04-25 01:11:22.732] [exthost] [info] ExtensionService#_doActivateExtension bradlc.vscode-tailwindcss {"startup":true,"extensionId":{"value":"bradlc.vscode-tailwindcss","_lower":"bradlc.vscode-tailwindcss"},"activationEvent":"workspaceContains:**/{tailwind,tailwind.config,tailwind-config,.tailwindrc}.{js,cjs}"}
[2021-04-25 01:11:22.732] [exthost] [info] ExtensionService#loadCommonJSModule file:///home/dotnet/.vscode-oss/extensions/bradlc.vscode-tailwindcss-0.5.10/dist/extension/index.js
[2021-04-25 01:11:22.877] [exthost] [info] ExtensionService#_doActivateExtension ms-vscode.js-debug {"startup":false,"extensionId":{"value":"ms-vscode.js-debug","_lower":"ms-vscode.js-debug"},"activationEvent":"onCommand:extension.js-debug.clearAutoAttachVariables"}
[2021-04-25 01:11:22.878] [exthost] [info] ExtensionService#loadCommonJSModule file:///usr/share/vscodium-bin/resources/app/extensions/ms-vscode.js-debug/src/extension.js
[2021-04-25 01:11:23.029] [exthost] [info] ExtensionService#_doActivateExtension vscode.github {"startup":false,"extensionId":{"value":"vscode.github","_lower":"vscode.github"},"activationEvent":"*"}
[2021-04-25 01:11:23.029] [exthost] [info] ExtensionService#loadCommonJSModule file:///usr/share/vscodium-bin/resources/app/extensions/github/dist/extension.js
[2021-04-25 01:11:23.140] [exthost] [info] eager extensions activated
[2021-04-25 01:11:23.145] [exthost] [info] ExtensionService#_doActivateExtension vscode.emmet {"startup":false,"extensionId":{"value":"vscode.emmet","_lower":"vscode.emmet"},"activationEvent":"onStartupFinished"}
[2021-04-25 01:11:23.145] [exthost] [info] ExtensionService#loadCommonJSModule file:///usr/share/vscodium-bin/resources/app/extensions/emmet/dist/node/emmetNodeMain
[2021-04-25 01:11:23.153] [exthost] [info] ExtensionService#_doActivateExtension vscode.merge-conflict {"startup":false,"extensionId":{"value":"vscode.merge-conflict","_lower":"vscode.merge-conflict"},"activationEvent":"onStartupFinished"}
[2021-04-25 01:11:23.153] [exthost] [info] ExtensionService#loadCommonJSModule file:///usr/share/vscodium-bin/resources/app/extensions/merge-conflict/dist/mergeConflictMain
[2021-04-25 01:11:23.156] [exthost] [info] ExtensionService#_doActivateExtension vscode.testing-editor-contributions {"startup":false,"extensionId":{"value":"vscode.testing-editor-contributions","_lower":"vscode.testing-editor-contributions"},"activationEvent":"onStartupFinished"}
[2021-04-25 01:11:23.156] [exthost] [info] ExtensionService#loadCommonJSModule file:///usr/share/vscodium-bin/resources/app/extensions/testing-editor-contributions/dist/extension.js
[2021-04-25 01:11:23.158] [exthost] [info] ExtensionService#_doActivateExtension dbaeumer.vscode-eslint {"startup":false,"extensionId":{"value":"dbaeumer.vscode-eslint","_lower":"dbaeumer.vscode-eslint"},"activationEvent":"onStartupFinished"}
[2021-04-25 01:11:23.158] [exthost] [info] ExtensionService#loadCommonJSModule file:///home/dotnet/.vscode-oss/extensions/dbaeumer.vscode-eslint-2.1.20/client/out/extension
[2021-04-25 01:11:23.172] [exthost] [info] ExtensionService#_doActivateExtension esbenp.prettier-vscode {"startup":false,"extensionId":{"value":"esbenp.prettier-vscode","_lower":"esbenp.prettier-vscode"},"activationEvent":"onStartupFinished"}
[2021-04-25 01:11:23.172] [exthost] [info] ExtensionService#loadCommonJSModule file:///home/dotnet/.vscode-oss/extensions/esbenp.prettier-vscode-6.3.2/dist/extension
[2021-04-25 01:11:27.105] [exthost] [warning] TextEditor is closed/disposed
[2021-04-25 01:12:07.338] [exthost] [info] ExtensionService#_doActivateExtension vscode.extension-editing {"startup":false,"extensionId":{"value":"vscode.extension-editing","_lower":"vscode.extension-editing"},"activationEvent":"onLanguage:typescript"}
[2021-04-25 01:12:07.339] [exthost] [info] ExtensionService#loadCommonJSModule file:///usr/share/vscodium-bin/resources/app/extensions/extension-editing/dist/extensionEditingMain
[2021-04-25 01:19:16.687] [exthost] [warning] TextEditor is closed/disposed
[2021-04-25 01:19:16.702] [exthost] [info] ExtensionService#_doActivateExtension vscode.configuration-editing {"startup":false,"extensionId":{"value":"vscode.configuration-editing","_lower":"vscode.configuration-editing"},"activationEvent":"onLanguage:json"}
[2021-04-25 01:19:16.702] [exthost] [info] ExtensionService#loadCommonJSModule file:///usr/share/vscodium-bin/resources/app/extensions/configuration-editing/dist/configurationEditingMain
[2021-04-25 01:19:16.710] [exthost] [info] ExtensionService#_doActivateExtension vscode.json-language-features {"startup":false,"extensionId":{"value":"vscode.json-language-features","_lower":"vscode.json-language-features"},"activationEvent":"onLanguage:json"}
[2021-04-25 01:19:16.710] [exthost] [info] ExtensionService#loadCommonJSModule file:///usr/share/vscodium-bin/resources/app/extensions/json-language-features/client/dist/node/jsonClientMain
[2021-04-25 01:20:35.804] [exthost] [warning] TextEditor is closed/disposed
[2021-04-25 01:23:01.350] [exthost] [info] ExtensionService#_doActivateExtension jpoissonnier.vscode-styled-components {"startup":false,"extensionId":{"value":"jpoissonnier.vscode-styled-components","_lower":"jpoissonnier.vscode-styled-components"},"activationEvent":"onLanguage:typescriptreact"}
[2021-04-25 01:23:01.350] [exthost] [info] ExtensionService#loadCommonJSModule file:///home/dotnet/.vscode-oss/extensions/jpoissonnier.vscode-styled-components-1.5.1/dist/extension.js
[2021-04-25 01:23:01.357] [exthost] [warning] TextEditor is closed/disposed
[2021-04-25 01:35:23.499] [exthost] [warning] TextEditor is closed/disposed
[2021-04-25 01:35:23.513] [exthost] [warning] TextEditor is closed/disposed
