Looking for git in: git
Using git 2.31.1 from git
Opening repository for path='/home/dotnet/Dev/ReactNative/AwesomeProject' failed; ex=Failed to execute git {
  "exitCode": 128,
  "gitErrorCode": "NotAGitRepository",
  "gitCommand": "rev-parse",
  "stdout": "",
  "stderr": "fatal: not a git repository (or any of the parent directories): .git\n"
}
Opening repository for path='/home/dotnet/Dev/ReactNative/AwesomeProject' failed; ex=Failed to execute git {
  "exitCode": 128,
  "gitErrorCode": "NotAGitRepository",
  "gitCommand": "rev-parse",
  "stdout": "",
  "stderr": "fatal: not a git repository (or any of the parent directories): .git\n"
}
Opening repository for path='/home/dotnet/Dev/ReactNative/AwesomeProject/.buckconfig' failed; ex=Error: spawn ENOTDIR
Opening repository for path='/home/dotnet/Dev/ReactNative/AwesomeProject/.editorconfig' failed; ex=Error: spawn ENOTDIR
Opening repository for path='/home/dotnet/Dev/ReactNative/AwesomeProject/.eslintrc.js' failed; ex=Error: spawn ENOTDIR
Opening repository for path='/home/dotnet/Dev/ReactNative/AwesomeProject/.flowconfig' failed; ex=Error: spawn ENOTDIR
Opening repository for path='/home/dotnet/Dev/ReactNative/AwesomeProject/.gitattributes' failed; ex=Error: spawn ENOTDIR
Opening repository for path='/home/dotnet/Dev/ReactNative/AwesomeProject/.gitignore' failed; ex=Error: spawn ENOTDIR
Opening repository for path='/home/dotnet/Dev/ReactNative/AwesomeProject/.prettierrc.js' failed; ex=Error: spawn ENOTDIR
Opening repository for path='/home/dotnet/Dev/ReactNative/AwesomeProject/.watchmanconfig' failed; ex=Error: spawn ENOTDIR
Opening repository for path='/home/dotnet/Dev/ReactNative/AwesomeProject/App.js' failed; ex=Error: spawn ENOTDIR
Opening repository for path='/home/dotnet/Dev/ReactNative/AwesomeProject/__tests__' failed; ex=Failed to execute git {
  "exitCode": 128,
  "gitErrorCode": "NotAGitRepository",
  "gitCommand": "rev-parse",
  "stdout": "",
  "stderr": "fatal: not a git repository (or any of the parent directories): .git\n"
}
Opening repository for path='/home/dotnet/Dev/ReactNative/AwesomeProject/android' failed; ex=Failed to execute git {
  "exitCode": 128,
  "gitErrorCode": "NotAGitRepository",
  "gitCommand": "rev-parse",
  "stdout": "",
  "stderr": "fatal: not a git repository (or any of the parent directories): .git\n"
}
Opening repository for path='/home/dotnet/Dev/ReactNative/AwesomeProject/app.json' failed; ex=Error: spawn ENOTDIR
Opening repository for path='/home/dotnet/Dev/ReactNative/AwesomeProject/babel.config.js' failed; ex=Error: spawn ENOTDIR
Opening repository for path='/home/dotnet/Dev/ReactNative/AwesomeProject/index.js' failed; ex=Error: spawn ENOTDIR
Opening repository for path='/home/dotnet/Dev/ReactNative/AwesomeProject/ios' failed; ex=Failed to execute git {
  "exitCode": 128,
  "gitErrorCode": "NotAGitRepository",
  "gitCommand": "rev-parse",
  "stdout": "",
  "stderr": "fatal: not a git repository (or any of the parent directories): .git\n"
}
Opening repository for path='/home/dotnet/Dev/ReactNative/AwesomeProject/metro.config.js' failed; ex=Error: spawn ENOTDIR
Opening repository for path='/home/dotnet/Dev/ReactNative/AwesomeProject/node_modules' failed; ex=Failed to execute git {
  "exitCode": 128,
  "gitErrorCode": "NotAGitRepository",
  "gitCommand": "rev-parse",
  "stdout": "",
  "stderr": "fatal: not a git repository (or any of the parent directories): .git\n"
}
Opening repository for path='/home/dotnet/Dev/ReactNative/AwesomeProject/package-lock.json' failed; ex=Error: spawn ENOTDIR
Opening repository for path='/home/dotnet/Dev/ReactNative/AwesomeProject/package.json' failed; ex=Error: spawn ENOTDIR
