Initializing document watcher...
AwesomeTSProject/App.tsx: {}
AwesomeTSProject/App.tsx: Using EditorConfig core...
AwesomeTSProject/App.tsx: {}
AwesomeTSProject/App.tsx: Using EditorConfig core...
AwesomeTSProject/src/navigation/AppNavigation.js: {}
AwesomeTSProject/src/navigation/index.js: {}
AwesomeTSProject/src/navigation/index.js: {}
AwesomeTSProject/package.json: {}
AwesomeTSProject/package.json: {}
AwesomeTSProject/src/navigation/index.js: {}
AwesomeTSProject/src/navigation/index.js: {}
AwesomeTSProject/src/navigation/index.js: {}
AwesomeTSProject/src/navigation/index.js: {}
AwesomeTSProject/src/navigation/index.js: {}
AwesomeTSProject/src/navigation/index.js: {}
AwesomeTSProject/src/navigation/index.js: {}
AwesomeTSProject/src/navigation/index.js: {}
AwesomeTSProject/src/navigation/index.js: {}
AwesomeTSProject/src/navigation/index.js: {}
AwesomeTSProject/android/settings.gradle: {}
AwesomeTSProject/android/settings.gradle: Using EditorConfig core...
AwesomeTSProject/android/settings.gradle: Using EditorConfig core...
AwesomeTSProject/android/settings.gradle: {}
AwesomeTSProject/android/settings.gradle: {}
AwesomeTSProject/android/settings.gradle: {}
AwesomeTSProject/android/settings.gradle: {}
AwesomeTSProject/src/navigation/index.js: {}
AwesomeTSProject/android/settings.gradle: {}
AwesomeTSProject/src/navigation/index.js: {}
AwesomeTSProject/package.json: {}
AwesomeTSProject/src/navigation/index.js: {}
AwesomeTSProject/App.tsx: {}
AwesomeTSProject/src/navigation/index.js: {}
AwesomeTSProject/src/navigation/index.js: {}
AwesomeTSProject/src/navigation/index.js: {}
AwesomeTSProject/src/navigation/index.js: {}
AwesomeTSProject/src/navigation/index.js: {}
AwesomeTSProject/src/navigation/index.js: {}
AwesomeTSProject/src/navigation/index.js: {}
AwesomeTSProject/index.js: {}
AwesomeTSProject/App.tsx: {}
AwesomeTSProject/App.tsx: Using EditorConfig core...
AwesomeTSProject/App.tsx: {}
AwesomeTSProject/App.tsx: {}
AwesomeTSProject/App.tsx: {}
AwesomeTSProject/App.tsx: {}
AwesomeTSProject/App.tsx: Using EditorConfig core...
AwesomeTSProject/App.tsx: {}
AwesomeTSProject/App.tsx: {}
AwesomeTSProject/App.tsx: {}
AwesomeTSProject/android/app/src/main/java/com/awesometsproject/MainActivity.java: {}
AwesomeTSProject/android/app/src/main/java/com/awesometsproject/MainActivity.java: {}
AwesomeTSProject/android/app/src/main/java/com/awesometsproject/MainActivity.java: {}
AwesomeTSProject/android/app/src/main/java/com/awesometsproject/MainActivity.java: Using EditorConfig core...
AwesomeTSProject/android/app/src/main/java/com/awesometsproject/MainActivity.java: {}
AwesomeTSProject/android/app/src/main/java/com/awesometsproject/MainActivity.java: {}
AwesomeTSProject/android/app/src/main/java/com/awesometsproject/MainActivity.java: {}
AwesomeTSProject/android/app/src/main/java/com/awesometsproject/MainActivity.java: Using EditorConfig core...
AwesomeTSProject/android/app/src/main/java/com/awesometsproject/MainActivity.java: {}
AwesomeTSProject/android/app/src/main/java/com/awesometsproject/MainActivity.java: {}
AwesomeTSProject/android/app/src/main/java/com/awesometsproject/MainActivity.java: {}
AwesomeTSProject/android/app/src/main/java/com/awesometsproject/MainActivity.java: {}
AwesomeTSProject/android/app/src/main/java/com/awesometsproject/MainActivity.java: {}
AwesomeTSProject/android/app/src/main/java/com/awesometsproject/MainActivity.java: {}
AwesomeTSProject/android/app/src/main/java/com/awesometsproject/MainActivity.java: {}
AwesomeTSProject/android/app/build.gradle: {}
AwesomeTSProject/android/app/build.gradle: {}
AwesomeTSProject/android/app/build.gradle: Using EditorConfig core...
AwesomeTSProject/android/app/build.gradle: {}
AwesomeTSProject/android/app/build.gradle: {}
AwesomeTSProject/android/app/src/main/AndroidManifest.xml: {}
AwesomeTSProject/android/app/src/main/AndroidManifest.xml: {}
AwesomeTSProject/android/app/src/main/AndroidManifest.xml: Using EditorConfig core...
AwesomeTSProject/android/app/src/main/AndroidManifest.xml: {}
AwesomeTSProject/package.json: {}
AwesomeTSProject/package.json: {}
AwesomeTSProject/package.json: {}
AwesomeTSProject/package.json: {}
AwesomeTSProject/package.json: {}
AwesomeTSProject/package.json: {}
AwesomeTSProject/package.json: {}
AwesomeTSProject/package.json: {}
AwesomeTSProject/package.json: {}
AwesomeTSProject/package.json: {}
AwesomeTSProject/package.json: {}
