[Info  - 10:25:00 AM] ESLint server is starting
[Info  - 10:25:01 AM] ESLint server running in node v12.18.3
[Info  - 10:25:01 AM] ESLint server is running.
[Info  - 10:25:01 AM] ESLint library loaded from: /home/dotnet/Dev/portfolio/node_modules/eslint/lib/api.js
[Info  - 10:25:01 AM] Failed to load config "wesbos" to extend from. Referenced from: /home/dotnet/Dev/portfolio/package.json
[Info  - 10:25:01 AM] Failed to load config "wesbos" to extend from. Referenced from: /home/dotnet/Dev/portfolio/package.json
[Info  - 10:25:02 AM] Failed to load config "wesbos" to extend from. Referenced from: /home/dotnet/Dev/portfolio/package.json
[Info  - 10:25:02 AM] Failed to load config "wesbos" to extend from. Referenced from: /home/dotnet/Dev/portfolio/package.json
[Info  - 10:25:02 AM] Failed to load config "wesbos" to extend from. Referenced from: /home/dotnet/Dev/portfolio/package.json
[Info  - 10:25:07 AM] Failed to load config "wesbos" to extend from. Referenced from: /home/dotnet/Dev/portfolio/package.json
[Info  - 10:25:08 AM] Failed to load config "wesbos" to extend from. Referenced from: /home/dotnet/Dev/portfolio/package.json
[Info  - 10:25:08 AM] Failed to load config "wesbos" to extend from. Referenced from: /home/dotnet/Dev/portfolio/package.json
[Info  - 10:25:08 AM] Failed to load config "wesbos" to extend from. Referenced from: /home/dotnet/Dev/portfolio/package.json
[Info  - 10:25:10 AM] Failed to load config "wesbos" to extend from. Referenced from: /home/dotnet/Dev/portfolio/package.json
[Info  - 10:25:10 AM] Failed to load config "wesbos" to extend from. Referenced from: /home/dotnet/Dev/portfolio/package.json
[Info  - 10:26:14 AM] Failed to load config "wesbos" to extend from. Referenced from: /home/dotnet/Dev/portfolio/package.json
[Info  - 10:26:29 AM] Failed to load config "wesbos" to extend from. Referenced from: /home/dotnet/Dev/portfolio/package.json
[Info  - 10:26:39 AM] Failed to load config "wesbos" to extend from. Referenced from: /home/dotnet/Dev/portfolio/package.json
[Info  - 10:26:47 AM] Failed to load config "wesbos" to extend from. Referenced from: /home/dotnet/Dev/portfolio/package.json
[Info  - 10:29:24 AM] Failed to load config "wesbos" to extend from. Referenced from: /home/dotnet/Dev/portfolio/package.json
[Info  - 10:29:24 AM] Failed to load config "wesbos" to extend from. Referenced from: /home/dotnet/Dev/portfolio/package.json
[Info  - 10:29:24 AM] Failed to load config "wesbos" to extend from. Referenced from: /home/dotnet/Dev/portfolio/package.json
