Initializing document watcher...
hello/package.json: {}
hello/package.json: {}
hello/package.json: {}
hello/package.json: {}
hello/package.json: {}
hello/package.json: {}
hello/package.json: {}
hello/package.json: {}
hello/package.json: {}
hello/package.json: {}
hello/package.json: {}
hello/package.json: {}
hello/package.json: {}
hello/package.json: {}
hello/package.json: {}
hello/src/pages/using-typescript.tsx: {}
hello/src/pages/page-2.js: {}
hello/src/pages/using-typescript.tsx: {}
hello/src/pages/using-typescript.tsx: {}
hello/src/pages/using-typescript.tsx: {}
hello/src/pages/index.js: {}
hello/using-typescript.tsx: {}
hello/using-typescript.tsx: {}
hello/src/pages/index.js: {}
hello/src/pages/index.js: {}
hello/README.md: {}
hello/package.json: {}
hello/.prettierrc: {}
hello/src/styles/site.css: {}
hello/gatsby-browser.js: {}
hello/gatsby-config.js: {}
hello/gatsby-node.js: {}
hello/LICENSE: {}
hello/gatsby-ssr.js: {}
hello/gatsby-node.js: {}
hello/gatsby-node.js: {}
hello/gatsby-config.js: {}
hello/gatsby-config.js: {}
hello/gatsby-config.js: Using EditorConfig core...
hello/gatsby-browser.js: {}
hello/gatsby-config.js: {}
hello/gatsby-config.js: {}
hello/postcss.: {}
hello/gatsby-config.js: {}
hello/LICENSE: {}
hello/gatsby-config.js: {}
hello/gatsby-config.js: {}
hello/postcss.config.js: {}
hello/postcss.config.js: Using EditorConfig core...
hello/postcss.config.js: {}
hello/postcss.config.js: {}
hello/postcss.config.js: Using EditorConfig core...
hello/postcss.config.js: {}
hello/postcss.config.js: {}
hello/postcss.config.js: {}
hello/src/styles/site.css: {}
hello/src/pages/index.js: {}
hello/src/components/seo.js: {}
hello/src/components/seo.js: {}
hello/src/components/seo.js: {}
hello/src/components/Projects.js: {}
hello/src/components/Projects.js: Using EditorConfig core...
hello/src/components/Projects.js: {}
hello/src/components/seo.js: {}
hello/src/components/seo.js: Using EditorConfig core...
hello/src/components/seo.js: {}
hello/src/components/seo.js: {}
hello/src/components/seo.js: {}
hello/src/components/seo.js: {}
hello/src/components/seo.js: {}
hello/src/components/Projects.js: {}
hello/src/components/seo.js: {}
hello/package.json: {}
hello/package.json: {}
hello/gatsby-browser.js: {}
hello/gatsby-browser.js: Using EditorConfig core...
hello/gatsby-browser.js: {}
hello/gatsby-browser.js: {}
hello/gatsby-browser.js: {}
hello/gatsby-browser.js: {}
hello/gatsby-browser.js: {}
hello/gatsby-browser.js: {}
hello/gatsby-browser.js: {}
