Initializing document watcher...
frontend/gatsby-config.js: {"insertSpaces":true,"tabSize":2}
frontend/gatsby-config.js: Using EditorConfig core...
gatsby-config.js: editor.action.trimTrailingWhitespace
frontend/.env: {"insertSpaces":true,"tabSize":2}
frontend/gatsby-config.js: {"insertSpaces":true,"tabSize":2}
frontend/.env: {"insertSpaces":true,"tabSize":2}
frontend/gatsby-config.js: {"insertSpaces":true,"tabSize":2}
frontend/.env: Using EditorConfig core...
.env: trimTrailingWhitespace()
.env: insertFinalNewline(LF)
frontend/gatsby-config.js: Using EditorConfig core...
gatsby-config.js: editor.action.trimTrailingWhitespace
frontend/.env: {"insertSpaces":true,"tabSize":2}
frontend/gatsby-config.js: {"insertSpaces":true,"tabSize":2}
frontend/.env: Using EditorConfig core...
.env: trimTrailingWhitespace()
frontend/.env: {"insertSpaces":true,"tabSize":2}
frontend/.env: Using EditorConfig core...
.env: editor.action.trimTrailingWhitespace
frontend/.env: {"insertSpaces":true,"tabSize":2}
frontend/.env: {"insertSpaces":true,"tabSize":2}
frontend/.env: {"insertSpaces":true,"tabSize":2}
frontend/.env: Using EditorConfig core...
.env: editor.action.trimTrailingWhitespace
frontend/.env: {"insertSpaces":true,"tabSize":2}
frontend/gatsby-config.js: {"insertSpaces":true,"tabSize":2}
frontend/.env: {"insertSpaces":true,"tabSize":2}
frontend/gatsby-config.js: {"insertSpaces":true,"tabSize":2}
frontend/.env: Using EditorConfig core...
.env: trimTrailingWhitespace()
frontend/gatsby-config.js: Using EditorConfig core...
gatsby-config.js: editor.action.trimTrailingWhitespace
frontend/gatsby-config.js: Using EditorConfig core...
gatsby-config.js: editor.action.trimTrailingWhitespace
frontend/gatsby-config.js: Using EditorConfig core...
gatsby-config.js: editor.action.trimTrailingWhitespace
frontend/gatsby-config.js: {"insertSpaces":true,"tabSize":2}
frontend/gatsby-config.js: Using EditorConfig core...
gatsby-config.js: editor.action.trimTrailingWhitespace
frontend/gatsby-config.js: {"insertSpaces":true,"tabSize":2}
frontend/gatsby-config.js: {"insertSpaces":true,"tabSize":2}
frontend/gatsby-config.js: Using EditorConfig core...
gatsby-config.js: editor.action.trimTrailingWhitespace
frontend/gatsby-config.js: Using EditorConfig core...
gatsby-config.js: editor.action.trimTrailingWhitespace
frontend/gatsby-config.js: {"insertSpaces":true,"tabSize":2}
frontend/.env: {"insertSpaces":true,"tabSize":2}
frontend/.env: Using EditorConfig core...
.env: editor.action.trimTrailingWhitespace
frontend/.env: {"insertSpaces":true,"tabSize":2}
frontend/.env: Using EditorConfig core...
.env: editor.action.trimTrailingWhitespace
frontend/.env: {"insertSpaces":true,"tabSize":2}
frontend/.env: Using EditorConfig core...
.env: editor.action.trimTrailingWhitespace
frontend/gatsby-config.js: {"insertSpaces":true,"tabSize":2}
frontend/gatsby-config.js: {"insertSpaces":true,"tabSize":2}
frontend/.env: {"insertSpaces":true,"tabSize":2}
frontend/gatsby-config.js: {"insertSpaces":true,"tabSize":2}
frontend/gatsby-config.js: {"insertSpaces":true,"tabSize":2}
frontend/gatsby-config.js: {"insertSpaces":true,"tabSize":2}
frontend/gatsby-config.js: {"insertSpaces":true,"tabSize":2}
frontend/gatsby-config.js: {"insertSpaces":true,"tabSize":2}
frontend/src/components/Blog.js: {"insertSpaces":true,"tabSize":2}
frontend/src/components/Blog.js: {"insertSpaces":true,"tabSize":2}
frontend/src/components/Blog.js: Using EditorConfig core...
src/components/Blog.js: editor.action.trimTrailingWhitespace
frontend/src/components/Blog.js: {"insertSpaces":true,"tabSize":2}
frontend/src/components/Blog.js: Using EditorConfig core...
src/components/Blog.js: editor.action.trimTrailingWhitespace
frontend/src/components/Blog.js: {"insertSpaces":true,"tabSize":2}
frontend/src/components/Blog.js: Using EditorConfig core...
src/components/Blog.js: editor.action.trimTrailingWhitespace
frontend/src/components/Blog.js: {"insertSpaces":true,"tabSize":2}
frontend/src/components/Blog.js: Using EditorConfig core...
src/components/Blog.js: editor.action.trimTrailingWhitespace
frontend/src/components/Blog.js: {"insertSpaces":true,"tabSize":2}
frontend/src/components/Blog.js: {"insertSpaces":true,"tabSize":2}
frontend/src/components/Blog.js: Using EditorConfig core...
src/components/Blog.js: editor.action.trimTrailingWhitespace
frontend/src/components/Blog.js: {"insertSpaces":true,"tabSize":2}
frontend/src/components/Blog.js: Using EditorConfig core...
src/components/Blog.js: editor.action.trimTrailingWhitespace
frontend/src/components/Blog.js: Using EditorConfig core...
src/components/Blog.js: editor.action.trimTrailingWhitespace
frontend/src/components/Blog.js: Using EditorConfig core...
src/components/Blog.js: editor.action.trimTrailingWhitespace
frontend/src/components/Blog.js: Using EditorConfig core...
src/components/Blog.js: editor.action.trimTrailingWhitespace
frontend/src/components/Blog.js: {"insertSpaces":true,"tabSize":2}
frontend/src/components/Blog.js: {"insertSpaces":true,"tabSize":2}
frontend/.env: {"insertSpaces":true,"tabSize":2}
frontend/src/components/Blog.js: {"insertSpaces":true,"tabSize":2}
frontend/gatsby-config.js: {"insertSpaces":true,"tabSize":2}
frontend/gatsby-config.js: {"insertSpaces":true,"tabSize":2}
frontend/gatsby-config.js: {"insertSpaces":true,"tabSize":2}
frontend/src/components/Contact.js: {"insertSpaces":true,"tabSize":2}
frontend/src/components/Blog.js: {"insertSpaces":true,"tabSize":2}
frontend/src/components/Blog.js: Using EditorConfig core...
src/components/Blog.js: editor.action.trimTrailingWhitespace
frontend/src/components/Blog.js: {"insertSpaces":true,"tabSize":2}
frontend/src/components/Blog.js: Using EditorConfig core...
src/components/Blog.js: editor.action.trimTrailingWhitespace
frontend/src/components/Blog.js: Using EditorConfig core...
src/components/Blog.js: editor.action.trimTrailingWhitespace
frontend/src/components/Blog.js: {"insertSpaces":true,"tabSize":2}
frontend/src/components/Blog.js: Using EditorConfig core...
src/components/Blog.js: editor.action.trimTrailingWhitespace
frontend/src/components/Blog.js: Using EditorConfig core...
src/components/Blog.js: editor.action.trimTrailingWhitespace
frontend/src/components/Blog.js: {"insertSpaces":true,"tabSize":2}
frontend/src/components/Blog.js: Using EditorConfig core...
src/components/Blog.js: editor.action.trimTrailingWhitespace
frontend/src/components/Blog.js: {"insertSpaces":true,"tabSize":2}
frontend/src/components/Blog.js: {"insertSpaces":true,"tabSize":2}
