Looking for git in: git
Using git 2.31.1 from git
> git rev-parse --git-dir
Open repository: /home/dotnet/Dev/ReactNative/rn_bestmortgage
> git status -z -u
> git symbolic-ref --short HEAD
> git for-each-ref --format=%(refname)%00%(upstream:short)%00%(upstream:track)%00%(objectname) refs/heads/master refs/remotes/master
> git for-each-ref --sort -committerdate --format %(refname) %(objectname) %(*objectname)
> git remote --verbose
Warning: Failed to watch ref '/home/dotnet/Dev/ReactNative/rn_bestmortgage/.git/refs/remotes/origin/master', is most likely packed.
> git config --get commit.template
> git check-ignore -v -z --stdin
> git check-ignore -v -z --stdin
> git show --textconv :android/settings.gradle
> git ls-files --stage -- /home/dotnet/Dev/ReactNative/rn_bestmortgage/android/settings.gradle
> git cat-file -s 1c713a2c4ae2ea5c5c90c5dd7767e8845fe1ffc1
> git show --textconv :android/gradlew
> git ls-files --stage -- /home/dotnet/Dev/ReactNative/rn_bestmortgage/android/gradlew
> git cat-file -s b0d6d0ab5deb588123dd658f0b079934ee05a72e
> git show --textconv :android/gradle.properties
> git ls-files --stage -- /home/dotnet/Dev/ReactNative/rn_bestmortgage/android/gradle.properties
> git cat-file -s 027ef9db8a300139e8859637f2841adca21d3147
> git check-ignore -v -z --stdin
> git show --textconv :android/build.gradle
> git ls-files --stage -- /home/dotnet/Dev/ReactNative/rn_bestmortgage/android/build.gradle
> git cat-file -s 28f7ec645bd1489589bc4734fef4e76946a2bb4c
> git show --textconv :android/gradle.properties
> git ls-files --stage -- /home/dotnet/Dev/ReactNative/rn_bestmortgage/android/gradle.properties
> git cat-file -s 027ef9db8a300139e8859637f2841adca21d3147
> git check-ignore -v -z --stdin
> git show --textconv :android/app/build.gradle
> git ls-files --stage -- /home/dotnet/Dev/ReactNative/rn_bestmortgage/android/app/build.gradle
> git cat-file -s e2dfc4dbea64bf57bd938f5ef2d373e05476467d
> git show --textconv :App.js
> git ls-files --stage -- /home/dotnet/Dev/ReactNative/rn_bestmortgage/App.js
> git cat-file -s 1ab95f900255aa9bcef93ec09b9a35777606be76
> git check-ignore -v -z --stdin
> git show --textconv :index.js
> git ls-files --stage -- /home/dotnet/Dev/ReactNative/rn_bestmortgage/index.js
> git cat-file -s a850d031de79119ee024e9c2fe22809c31417ab3
> git show --textconv :babel.config.js
> git ls-files --stage -- /home/dotnet/Dev/ReactNative/rn_bestmortgage/babel.config.js
> git cat-file -s f842b77fcfb8b74016365099d8c5fe54cf3269e2
> git show --textconv :App.js
> git ls-files --stage -- /home/dotnet/Dev/ReactNative/rn_bestmortgage/App.js
> git cat-file -s 1ab95f900255aa9bcef93ec09b9a35777606be76
> git check-ignore -v -z --stdin
> git show --textconv :navigation/AppNavigation.js
> git ls-files --stage -- /home/dotnet/Dev/ReactNative/rn_bestmortgage/navigation/AppNavigation.js
> git cat-file -s 300e8281463d84fe09f8284214921ae57673efcf
> git show --textconv :navigation/index.js
> git ls-files --stage -- /home/dotnet/Dev/ReactNative/rn_bestmortgage/navigation/index.js
> git cat-file -s 4a7067521dbbbeb6ef412ddb5c4e26fb35d2df33
> git show --textconv :components/TabBar.js
> git ls-files --stage -- /home/dotnet/Dev/ReactNative/rn_bestmortgage/components/TabBar.js
> git cat-file -s 2d318f400bf79118c1dee6afe55458161bc89f7f
