Initializing document watcher...
rn_bestmortgage/android/settings.gradle: {}
rn_bestmortgage/android/gradlew: {}
rn_bestmortgage/android/gradle.properties: {}
rn_bestmortgage/android/build.gradle: {}
rn_bestmortgage/android/gradle.properties: {}
rn_bestmortgage/android/app/build.gradle: {}
rn_bestmortgage/android/app/build.gradle: {}
rn_bestmortgage/android/app/build.gradle: {}
rn_bestmortgage/android/app/build.gradle: {}
rn_bestmortgage/android/app/build.gradle: {}
rn_bestmortgage/App.js: {}
rn_bestmortgage/App.js: {}
rn_bestmortgage/App.js: {}
rn_bestmortgage/App.js: {}
rn_bestmortgage/App.js: {}
rn_bestmortgage/index.js: {}
rn_bestmortgage/index.js: {}
rn_bestmortgage/index.js: {}
rn_bestmortgage/index.js: {}
rn_bestmortgage/index.js: {}
rn_bestmortgage/index.js: {}
rn_bestmortgage/babel.config.js: {}
rn_bestmortgage/babel.config.js: {}
rn_bestmortgage/babel.config.js: {}
rn_bestmortgage/babel.config.js: {}
rn_bestmortgage/App.js: {}
rn_bestmortgage/App.js: {}
rn_bestmortgage/App.js: {}
rn_bestmortgage/App.js: {}
rn_bestmortgage/App.js: {}
rn_bestmortgage/navigation/AppNavigation.js: {}
rn_bestmortgage/navigation/AppNavigation.js: {}
rn_bestmortgage/navigation/AppNavigation.js: {}
rn_bestmortgage/navigation/AppNavigation.js: {}
rn_bestmortgage/navigation/AppNavigation.js: {}
rn_bestmortgage/navigation/index.js: {}
rn_bestmortgage/navigation/index.js: {}
rn_bestmortgage/components/TabBar.js: {}
rn_bestmortgage/components/TabBar.js: {}
rn_bestmortgage/components/TabBar.js: {}
rn_bestmortgage/components/TabBar.js: {}
rn_bestmortgage/components/TabBar.js: {}
rn_bestmortgage/components/TabBar.js: {}
rn_bestmortgage/components/TabBar.js: {}
rn_bestmortgage/components/TabBar.js: {}
rn_bestmortgage/components/TabBar.js: {}
