Initializing document watcher...
/home/dotnet/.config/VSCodium/User/settings.json: Using EditorConfig core...
/home/dotnet/.config/VSCodium/User/settings.json: Using EditorConfig core...
/home/dotnet/.config/VSCodium/User/settings.json: {}
portfolio/src/components/layout.js: {"insertSpaces":true,"tabSize":2}
portfolio/src/components/layout.js: {"insertSpaces":true,"tabSize":2}
portfolio/src/components/layout.js: {"insertSpaces":true,"tabSize":2}
portfolio/src/components/layout.js: {"insertSpaces":true,"tabSize":2}
portfolio/src/components/layout.js: Using EditorConfig core...
src/components/layout.js: editor.action.trimTrailingWhitespace
/home/dotnet/.config/VSCodium/User/settings.json: {}
/home/dotnet/.config/VSCodium/User/settings.json: {}
portfolio/src/components/layout.js: {"insertSpaces":true,"tabSize":2}
portfolio/src/components/layout.js: Using EditorConfig core...
src/components/layout.js: editor.action.trimTrailingWhitespace
portfolio/src/components/layout.js: Using EditorConfig core...
src/components/layout.js: editor.action.trimTrailingWhitespace
/home/dotnet/.config/VSCodium/User/settings.json: {}
portfolio/src/components/layout.js: {"insertSpaces":true,"tabSize":2}
/home/dotnet/.config/VSCodium/User/settings.json: {}
/home/dotnet/.config/VSCodium/User/settings.json: {}
portfolio/package.json: {"insertSpaces":true,"tabSize":2}
portfolio/README.md: {"insertSpaces":true,"tabSize":2}
portfolio/postcss.config.js: {"insertSpaces":true,"tabSize":2}
portfolio/postcss.config.js: Using EditorConfig core...
postcss.config.js: editor.action.trimTrailingWhitespace
portfolio/package.json: {"insertSpaces":true,"tabSize":2}
portfolio/package.json: {"insertSpaces":true,"tabSize":2}
portfolio/package.json: {"insertSpaces":true,"tabSize":2}
portfolio/package.json: {"insertSpaces":true,"tabSize":2}
portfolio/package.json: {"insertSpaces":true,"tabSize":2}
portfolio/package.json: {"insertSpaces":true,"tabSize":2}
portfolio/package.json: {"insertSpaces":true,"tabSize":2}
/home/dotnet/.config/VSCodium/User/settings.json: {}
/home/dotnet/.config/VSCodium/User/settings.json: Using EditorConfig core...
/home/dotnet/.config/VSCodium/User/settings.json: {}
/home/dotnet/.config/VSCodium/User/settings.json: {}
portfolio/src/components/layout.js: {"insertSpaces":true,"tabSize":2}
portfolio/src/components/layout.js: Using EditorConfig core...
src/components/layout.js: editor.action.trimTrailingWhitespace
portfolio/src/components/layout.js: {"insertSpaces":true,"tabSize":2}
portfolio/src/components/layout.js: {"insertSpaces":true,"tabSize":2}
portfolio/src/components/layout.js: {"insertSpaces":true,"tabSize":2}
portfolio/src/components/layout.js: {"insertSpaces":true,"tabSize":2}
portfolio/src/components/layout.js: {"insertSpaces":true,"tabSize":2}
portfolio/src/components/layout.js: {"insertSpaces":true,"tabSize":2}
portfolio/src/components/layout.js: {"insertSpaces":true,"tabSize":2}
portfolio/src/components/layout.js: {"insertSpaces":true,"tabSize":2}
portfolio/src/components/layout.js: {"insertSpaces":true,"tabSize":2}
portfolio/src/components/layout.js: {"insertSpaces":true,"tabSize":2}
portfolio/src/components/layout.js: {"insertSpaces":true,"tabSize":2}
portfolio/src/components/layout.js: {"insertSpaces":true,"tabSize":2}
portfolio/src/components/Blog.js: {"insertSpaces":true,"tabSize":2}
portfolio/src/components/Blog.js: Using EditorConfig core...
src/components/Blog.js: editor.action.trimTrailingWhitespace
portfolio/src/components/Blog.js: Using EditorConfig core...
src/components/Blog.js: editor.action.trimTrailingWhitespace
portfolio/src/components/Blog.js: {"insertSpaces":true,"tabSize":2}
portfolio/src/components/Blog.js: Using EditorConfig core...
src/components/Blog.js: editor.action.trimTrailingWhitespace
portfolio/src/components/Blog.js: {"insertSpaces":true,"tabSize":2}
portfolio/src/components/Blog.js: Using EditorConfig core...
src/components/Blog.js: editor.action.trimTrailingWhitespace
portfolio/src/components/Blog.js: {"insertSpaces":true,"tabSize":2}
portfolio/src/components/Blog.js: Using EditorConfig core...
src/components/Blog.js: editor.action.trimTrailingWhitespace
portfolio/src/components/Blog.js: {"insertSpaces":true,"tabSize":2}
portfolio/src/components/Blog.js: Using EditorConfig core...
src/components/Blog.js: editor.action.trimTrailingWhitespace
portfolio/package.json: {"insertSpaces":true,"tabSize":2}
portfolio/package.json: {"insertSpaces":true,"tabSize":2}
portfolio/package.json: {"insertSpaces":true,"tabSize":2}
portfolio/package.json: {"insertSpaces":true,"tabSize":2}
portfolio/package.json: {"insertSpaces":true,"tabSize":2}
portfolio/package.json: {"insertSpaces":true,"tabSize":2}
portfolio/src/components/Blog.js: {"insertSpaces":true,"tabSize":2}
portfolio/src/components/Blog.js: Using EditorConfig core...
src/components/Blog.js: editor.action.trimTrailingWhitespace
portfolio/src/components/Blog.js: {"insertSpaces":true,"tabSize":2}
portfolio/src/components/Blog.js: Using EditorConfig core...
src/components/Blog.js: editor.action.trimTrailingWhitespace
portfolio/src/components/Blog.js: {"insertSpaces":true,"tabSize":2}
portfolio/src/components/Blog.js: {"insertSpaces":true,"tabSize":2}
portfolio/src/components/Blog.js: {"insertSpaces":true,"tabSize":2}
portfolio/src/components/Blog.js: Using EditorConfig core...
src/components/Blog.js: editor.action.trimTrailingWhitespace
portfolio/src/components/Blog.js: {"insertSpaces":true,"tabSize":2}
portfolio/src/components/Blog.js: {"insertSpaces":true,"tabSize":2}
portfolio/src/components/Blog.js: Using EditorConfig core...
src/components/Blog.js: editor.action.trimTrailingWhitespace
portfolio/src/components/Blog.js: {"insertSpaces":true,"tabSize":2}
portfolio/src/components/Blog.js: {"insertSpaces":true,"tabSize":2}
portfolio/src/components/Blog.js: {"insertSpaces":true,"tabSize":2}
portfolio/src/components/Blog.js: Using EditorConfig core...
src/components/Blog.js: editor.action.trimTrailingWhitespace
