Looking for git in: git
Using git 2.31.1 from git
> git rev-parse --git-dir
Open repository: /home/dotnet/Dev/ReactNative/rn_bestmortgage
> git status -z -u
> git symbolic-ref --short HEAD
> git for-each-ref --format=%(refname)%00%(upstream:short)%00%(upstream:track)%00%(objectname) refs/heads/master refs/remotes/master
> git for-each-ref --sort -committerdate --format %(refname) %(objectname) %(*objectname)
> git remote --verbose
> git check-ignore -v -z --stdin
Warning: Failed to watch ref '/home/dotnet/Dev/ReactNative/rn_bestmortgage/.git/refs/remotes/origin/master', is most likely packed.
> git config --get commit.template
> git show --textconv :components/TabBar.js
> git ls-files --stage -- /home/dotnet/Dev/ReactNative/rn_bestmortgage/components/TabBar.js
> git cat-file -s 2d318f400bf79118c1dee6afe55458161bc89f7f
> git check-ignore -v -z --stdin
> git show --textconv :screens/HomeScreen.js
> git ls-files --stage -- /home/dotnet/Dev/ReactNative/rn_bestmortgage/screens/HomeScreen.js
> git cat-file -s 345a9e3cebc237f09c9500a24d3b0020bb73afb9
> git show --textconv :screens/FactsListScreen.js
> git ls-files --stage -- /home/dotnet/Dev/ReactNative/rn_bestmortgage/screens/FactsListScreen.js
> git cat-file -s 6ace2dea51c33736832153eaf2f591e8da386aad
> git show --textconv :package.json
> git ls-files --stage -- /home/dotnet/Dev/ReactNative/rn_bestmortgage/package.json
> git cat-file -s 6b9d922f22a560bd4735e585b9fc048afa8da7e2
> git status -z -u
> git symbolic-ref --short HEAD
> git for-each-ref --format=%(refname)%00%(upstream:short)%00%(upstream:track)%00%(objectname) refs/heads/master refs/remotes/master
> git for-each-ref --sort -committerdate --format %(refname) %(objectname) %(*objectname)
> git remote --verbose
Warning: Failed to watch ref '/home/dotnet/Dev/ReactNative/rn_bestmortgage/.git/refs/remotes/origin/master', is most likely packed.
> git config --get commit.template
> git show --textconv :screens/AboutScreen.js
> git ls-files --stage -- /home/dotnet/Dev/ReactNative/rn_bestmortgage/screens/AboutScreen.js
> git cat-file -s 1ee61b12218cd2ec64e358ee6cb6754853eb298a
> git status -z -u
> git ls-files --stage -- /home/dotnet/Dev/ReactNative/rn_bestmortgage/screens/AboutScreen.js
> git symbolic-ref --short HEAD
> git cat-file -s 1ee61b12218cd2ec64e358ee6cb6754853eb298a
> git for-each-ref --format=%(refname)%00%(upstream:short)%00%(upstream:track)%00%(objectname) refs/heads/master refs/remotes/master
> git for-each-ref --sort -committerdate --format %(refname) %(objectname) %(*objectname)
> git remote --verbose
> git show --textconv :screens/AboutScreen.js
Warning: Failed to watch ref '/home/dotnet/Dev/ReactNative/rn_bestmortgage/.git/refs/remotes/origin/master', is most likely packed.
> git config --get commit.template
> git status -z -u
> git symbolic-ref --short HEAD
> git for-each-ref --format=%(refname)%00%(upstream:short)%00%(upstream:track)%00%(objectname) refs/heads/master refs/remotes/master
> git for-each-ref --sort -committerdate --format %(refname) %(objectname) %(*objectname)
> git remote --verbose
Warning: Failed to watch ref '/home/dotnet/Dev/ReactNative/rn_bestmortgage/.git/refs/remotes/origin/master', is most likely packed.
> git config --get commit.template
> git status -z -u
> git symbolic-ref --short HEAD
> git for-each-ref --format=%(refname)%00%(upstream:short)%00%(upstream:track)%00%(objectname) refs/heads/master refs/remotes/master
> git for-each-ref --sort -committerdate --format %(refname) %(objectname) %(*objectname)
> git remote --verbose
Warning: Failed to watch ref '/home/dotnet/Dev/ReactNative/rn_bestmortgage/.git/refs/remotes/origin/master', is most likely packed.
> git config --get commit.template
> git status -z -u
> git symbolic-ref --short HEAD
> git for-each-ref --format=%(refname)%00%(upstream:short)%00%(upstream:track)%00%(objectname) refs/heads/master refs/remotes/master
> git for-each-ref --sort -committerdate --format %(refname) %(objectname) %(*objectname)
> git remote --verbose
Warning: Failed to watch ref '/home/dotnet/Dev/ReactNative/rn_bestmortgage/.git/refs/remotes/origin/master', is most likely packed.
> git config --get commit.template
> git status -z -u
> git symbolic-ref --short HEAD
> git for-each-ref --format=%(refname)%00%(upstream:short)%00%(upstream:track)%00%(objectname) refs/heads/master refs/remotes/master
> git for-each-ref --sort -committerdate --format %(refname) %(objectname) %(*objectname)
> git remote --verbose
Warning: Failed to watch ref '/home/dotnet/Dev/ReactNative/rn_bestmortgage/.git/refs/remotes/origin/master', is most likely packed.
> git config --get commit.template
> git status -z -u
> git symbolic-ref --short HEAD
> git for-each-ref --format=%(refname)%00%(upstream:short)%00%(upstream:track)%00%(objectname) refs/heads/master refs/remotes/master
> git for-each-ref --sort -committerdate --format %(refname) %(objectname) %(*objectname)
> git remote --verbose
Warning: Failed to watch ref '/home/dotnet/Dev/ReactNative/rn_bestmortgage/.git/refs/remotes/origin/master', is most likely packed.
> git config --get commit.template
> git show --textconv :App.js
> git ls-files --stage -- /home/dotnet/Dev/ReactNative/rn_bestmortgage/App.js
> git cat-file -s 1ab95f900255aa9bcef93ec09b9a35777606be76
> git check-ignore -v -z --stdin
> git check-ignore -v -z --stdin
> git check-ignore -v -z --stdin
> git check-ignore -v -z --stdin
> git check-ignore -v -z --stdin
> git check-ignore -v -z --stdin
> git show --textconv :android/app/src/main/java/com/best_mortgage/MainApplication.java
> git ls-files --stage -- /home/dotnet/Dev/ReactNative/rn_bestmortgage/android/app/src/main/java/com/best_mortgage/MainApplication.java
> git cat-file -s 835282d16c3a6f20d5b58be20d492d041bfcc6f4
> git check-ignore -v -z --stdin
> git show --textconv :index.js
> git ls-files --stage -- /home/dotnet/Dev/ReactNative/rn_bestmortgage/index.js
> git cat-file -s a850d031de79119ee024e9c2fe22809c31417ab3
> git show --textconv :package.json
> git ls-files --stage -- /home/dotnet/Dev/ReactNative/rn_bestmortgage/package.json
> git cat-file -s 6b9d922f22a560bd4735e585b9fc048afa8da7e2
> git show --textconv :android/app/src/main/java/com/best_mortgage/MainActivity.java
> git ls-files --stage -- /home/dotnet/Dev/ReactNative/rn_bestmortgage/android/app/src/main/java/com/best_mortgage/MainActivity.java
> git cat-file -s 01ceaa61d1590fab141a1814146589b0d148a431
> git check-ignore -v -z --stdin
> git check-ignore -v -z --stdin
> git check-ignore -v -z --stdin
> git show --textconv :android/build.gradle
> git ls-files --stage -- /home/dotnet/Dev/ReactNative/rn_bestmortgage/android/build.gradle
> git cat-file -s 28f7ec645bd1489589bc4734fef4e76946a2bb4c
> git show --textconv :android/gradlew
> git ls-files --stage -- /home/dotnet/Dev/ReactNative/rn_bestmortgage/android/gradlew
> git cat-file -s b0d6d0ab5deb588123dd658f0b079934ee05a72e
> git show --textconv :android/settings.gradle
> git ls-files --stage -- /home/dotnet/Dev/ReactNative/rn_bestmortgage/android/settings.gradle
> git cat-file -s 1c713a2c4ae2ea5c5c90c5dd7767e8845fe1ffc1
> git show --textconv :android/app/build.gradle
> git ls-files --stage -- /home/dotnet/Dev/ReactNative/rn_bestmortgage/android/app/build.gradle
> git cat-file -s e2dfc4dbea64bf57bd938f5ef2d373e05476467d
> git status -z -u
> git symbolic-ref --short HEAD
> git for-each-ref --format=%(refname)%00%(upstream:short)%00%(upstream:track)%00%(objectname) refs/heads/master refs/remotes/master
> git for-each-ref --sort -committerdate --format %(refname) %(objectname) %(*objectname)
> git remote --verbose
Warning: Failed to watch ref '/home/dotnet/Dev/ReactNative/rn_bestmortgage/.git/refs/remotes/origin/master', is most likely packed.
> git config --get commit.template
> git show --textconv :package.json
> git ls-files --stage -- /home/dotnet/Dev/ReactNative/rn_bestmortgage/package.json
> git cat-file -s 6b9d922f22a560bd4735e585b9fc048afa8da7e2
> git show --textconv :android/app/src/main/AndroidManifest.xml
> git ls-files --stage -- /home/dotnet/Dev/ReactNative/rn_bestmortgage/android/app/src/main/AndroidManifest.xml
> git cat-file -s 9b1135d5e8f14e7a291ce724168fec1669c8cd86
> git show --textconv :android/app/src/main/java/com/best_mortgage/MainApplication.java
> git ls-files --stage -- /home/dotnet/Dev/ReactNative/rn_bestmortgage/android/app/src/main/java/com/best_mortgage/MainApplication.java
> git cat-file -s 835282d16c3a6f20d5b58be20d492d041bfcc6f4
> git show --textconv :android/app/src/main/AndroidManifest.xml
> git ls-files --stage -- /home/dotnet/Dev/ReactNative/rn_bestmortgage/android/app/src/main/AndroidManifest.xml
> git cat-file -s 9b1135d5e8f14e7a291ce724168fec1669c8cd86
