Initializing document watcher...
rn_bestmortgage/screens/HomeScreen.js: {}
rn_bestmortgage/screens/HomeScreen.js: {}
rn_bestmortgage/screens/FactsListScreen.js: {}
rn_bestmortgage/screens/FactsListScreen.js: {}
rn_bestmortgage/package.json: {}
rn_bestmortgage/package.json: {}
rn_bestmortgage/package.json: {}
rn_bestmortgage/package.json: {}
rn_bestmortgage/package.json: {}
rn_bestmortgage/package.json: {}
rn_bestmortgage/package.json: Using EditorConfig core...
rn_bestmortgage/package.json: {}
rn_bestmortgage/screens/AboutScreen.js: {}
rn_bestmortgage/screens/AboutScreen.js: {}
rn_bestmortgage/screens/AboutScreen.js: {}
rn_bestmortgage/screens/AboutScreen.js: {}
rn_bestmortgage/screens/AboutScreen.js: {}
rn_bestmortgage/screens/AboutScreen.js: {}
rn_bestmortgage/screens/AboutScreen.js: {}
rn_bestmortgage/screens/AboutScreen.js: {}
rn_bestmortgage/screens/AboutScreen.js: {}
rn_bestmortgage/screens/AboutScreen.js: {}
rn_bestmortgage/screens/AboutScreen.js: {}
rn_bestmortgage/screens/AboutScreen.js: {}
rn_bestmortgage/screens/AboutScreen.js: {}
rn_bestmortgage/screens/AboutScreen.js: {}
rn_bestmortgage/screens/AboutScreen.js: {}
rn_bestmortgage/App.js: {}
rn_bestmortgage/App.js: {}
rn_bestmortgage/App.js: {}
rn_bestmortgage/App.js: {}
rn_bestmortgage/App.js: {}
rn_bestmortgage/android/app/src/main/java/com/best_mortgage/MainApplication.java: {}
rn_bestmortgage/android/app/src/main/java/com/best_mortgage/MainApplication.java: {}
rn_bestmortgage/android/app/src/main/java/com/best_mortgage/MainApplication.java: {}
rn_bestmortgage/index.js: {}
rn_bestmortgage/package.json: {}
rn_bestmortgage/package.json: {}
rn_bestmortgage/package.json: {}
rn_bestmortgage/android/app/src/main/java/com/best_mortgage/MainActivity.java: {}
rn_bestmortgage/android/app/src/main/java/com/best_mortgage/MainActivity.java: {}
rn_bestmortgage/android/build.gradle: {}
rn_bestmortgage/android/build.gradle: {}
rn_bestmortgage/android/build.gradle: {}
rn_bestmortgage/android/gradlew: {}
rn_bestmortgage/android/settings.gradle: {}
rn_bestmortgage/android/app/build.gradle: {}
rn_bestmortgage/android/app/build.gradle: Using EditorConfig core...
rn_bestmortgage/package.json: {}
rn_bestmortgage/package.json: {}
rn_bestmortgage/package.json: {}
rn_bestmortgage/android/app/src/main/AndroidManifest.xml: {}
rn_bestmortgage/android/app/src/main/java/com/best_mortgage/MainApplication.java: {}
rn_bestmortgage/android/app/src/main/java/com/best_mortgage/MainApplication.java: {}
rn_bestmortgage/android/app/src/main/AndroidManifest.xml: {}
rn_bestmortgage/android/app/src/main/AndroidManifest.xml: {}
rn_bestmortgage/android/app/src/main/AndroidManifest.xml: {}
rn_bestmortgage/android/app/src/main/AndroidManifest.xml: {}
rn_bestmortgage/android/app/src/main/AndroidManifest.xml: {}
rn_bestmortgage/android/app/src/main/AndroidManifest.xml: {}
