[2021-04-14 07:03:13.574] [exthost] [info] extension host started
[2021-04-14 07:03:13.606] [exthost] [info] ExtensionService#_doActivateExtension vscode.microsoft-authentication {"startup":false,"extensionId":{"value":"vscode.microsoft-authentication","_lower":"vscode.microsoft-authentication"},"activationEvent":"onAuthenticationRequest:microsoft"}
[2021-04-14 07:03:13.606] [exthost] [info] ExtensionService#loadCommonJSModule file:///opt/visual-studio-code/resources/app/extensions/microsoft-authentication/dist/extension.js
[2021-04-14 07:03:13.613] [exthost] [info] ExtensionService#_doActivateExtension vscode.debug-auto-launch {"startup":true,"extensionId":{"value":"vscode.debug-auto-launch","_lower":"vscode.debug-auto-launch"},"activationEvent":"*"}
[2021-04-14 07:03:13.613] [exthost] [info] ExtensionService#loadCommonJSModule file:///opt/visual-studio-code/resources/app/extensions/debug-auto-launch/dist/extension
[2021-04-14 07:03:13.614] [exthost] [info] ExtensionService#_doActivateExtension vscode.git {"startup":true,"extensionId":{"value":"vscode.github","_lower":"vscode.github"},"activationEvent":"*"}
[2021-04-14 07:03:13.614] [exthost] [info] ExtensionService#loadCommonJSModule file:///opt/visual-studio-code/resources/app/extensions/git/dist/main
[2021-04-14 07:03:13.627] [exthost] [info] ExtensionService#_doActivateExtension CoenraadS.bracket-pair-colorizer-2 {"startup":true,"extensionId":{"value":"CoenraadS.bracket-pair-colorizer-2","_lower":"coenraads.bracket-pair-colorizer-2"},"activationEvent":"*"}
[2021-04-14 07:03:13.627] [exthost] [info] ExtensionService#loadCommonJSModule file:///home/dotnet/.vscode/extensions/coenraads.bracket-pair-colorizer-2-0.2.0/out/src/extension
[2021-04-14 07:03:13.636] [exthost] [info] ExtensionService#_doActivateExtension EditorConfig.EditorConfig {"startup":true,"extensionId":{"value":"EditorConfig.EditorConfig","_lower":"editorconfig.editorconfig"},"activationEvent":"*"}
[2021-04-14 07:03:13.636] [exthost] [info] ExtensionService#loadCommonJSModule file:///home/dotnet/.vscode/extensions/editorconfig.editorconfig-0.16.4/out/editorConfigMain.js
[2021-04-14 07:03:13.646] [exthost] [info] ExtensionService#_doActivateExtension Equinusocio.vsc-material-theme {"startup":true,"extensionId":{"value":"Equinusocio.vsc-material-theme","_lower":"equinusocio.vsc-material-theme"},"activationEvent":"*"}
[2021-04-14 07:03:13.646] [exthost] [info] ExtensionService#loadCommonJSModule file:///home/dotnet/.vscode/extensions/equinusocio.vsc-material-theme-33.2.2/build/material.theme.config
[2021-04-14 07:03:13.653] [exthost] [info] ExtensionService#_doActivateExtension equinusocio.vsc-material-theme-icons {"startup":true,"extensionId":{"value":"equinusocio.vsc-material-theme-icons","_lower":"equinusocio.vsc-material-theme-icons"},"activationEvent":"*"}
[2021-04-14 07:03:13.654] [exthost] [info] ExtensionService#loadCommonJSModule file:///home/dotnet/.vscode/extensions/equinusocio.vsc-material-theme-icons-2.0.10/out/src/extension
[2021-04-14 07:03:13.661] [exthost] [info] ExtensionService#_doActivateExtension formulahendry.auto-rename-tag {"startup":true,"extensionId":{"value":"formulahendry.auto-rename-tag","_lower":"formulahendry.auto-rename-tag"},"activationEvent":"*"}
[2021-04-14 07:03:13.661] [exthost] [info] ExtensionService#loadCommonJSModule file:///home/dotnet/.vscode/extensions/formulahendry.auto-rename-tag-0.1.6/packages/extension/dist/extensionMain.js
[2021-04-14 07:03:13.666] [exthost] [info] ExtensionService#_doActivateExtension HookyQR.beautify {"startup":true,"extensionId":{"value":"HookyQR.beautify","_lower":"hookyqr.beautify"},"activationEvent":"*"}
[2021-04-14 07:03:13.666] [exthost] [info] ExtensionService#loadCommonJSModule file:///home/dotnet/.vscode/extensions/hookyqr.beautify-1.5.0/extension
[2021-04-14 07:03:13.682] [exthost] [info] ExtensionService#_doActivateExtension ms-vscode.sublime-keybindings {"startup":true,"extensionId":{"value":"ms-vscode.sublime-keybindings","_lower":"ms-vscode.sublime-keybindings"},"activationEvent":"*"}
[2021-04-14 07:03:13.682] [exthost] [info] ExtensionService#loadCommonJSModule file:///home/dotnet/.vscode/extensions/ms-vscode.sublime-keybindings-4.0.8/dist/extension.js
[2021-04-14 07:03:13.683] [exthost] [info] ExtensionService#_doActivateExtension naumovs.color-highlight {"startup":true,"extensionId":{"value":"naumovs.color-highlight","_lower":"naumovs.color-highlight"},"activationEvent":"*"}
[2021-04-14 07:03:13.683] [exthost] [info] ExtensionService#loadCommonJSModule file:///home/dotnet/.vscode/extensions/naumovs.color-highlight-2.3.0/dist/extension
[2021-04-14 07:03:13.687] [exthost] [info] ExtensionService#_doActivateExtension PKief.material-icon-theme {"startup":true,"extensionId":{"value":"PKief.material-icon-theme","_lower":"pkief.material-icon-theme"},"activationEvent":"*"}
[2021-04-14 07:03:13.688] [exthost] [info] ExtensionService#loadCommonJSModule file:///home/dotnet/.vscode/extensions/pkief.material-icon-theme-4.6.0/dist/extension
[2021-04-14 07:03:13.693] [exthost] [info] ExtensionService#_doActivateExtension vscodevim.vim {"startup":true,"extensionId":{"value":"vscodevim.vim","_lower":"vscodevim.vim"},"activationEvent":"*"}
[2021-04-14 07:03:13.693] [exthost] [info] ExtensionService#loadCommonJSModule file:///home/dotnet/.vscode/extensions/vscodevim.vim-1.19.3/out/extension
[2021-04-14 07:03:13.720] [exthost] [info] ExtensionService#_doActivateExtension Zignd.html-css-class-completion {"startup":true,"extensionId":{"value":"Zignd.html-css-class-completion","_lower":"zignd.html-css-class-completion"},"activationEvent":"*"}
[2021-04-14 07:03:13.720] [exthost] [info] ExtensionService#loadCommonJSModule file:///home/dotnet/.vscode/extensions/zignd.html-css-class-completion-1.20.0/dist/extension.js
[2021-04-14 07:03:13.881] [exthost] [info] ExtensionService#_doActivateExtension ms-vscode.js-debug {"startup":false,"extensionId":{"value":"ms-vscode.js-debug","_lower":"ms-vscode.js-debug"},"activationEvent":"onCommand:extension.js-debug.clearAutoAttachVariables"}
[2021-04-14 07:03:13.881] [exthost] [info] ExtensionService#loadCommonJSModule file:///opt/visual-studio-code/resources/app/extensions/ms-vscode.js-debug/src/extension.js
[2021-04-14 07:03:13.991] [exthost] [info] ExtensionService#_doActivateExtension vscode.github {"startup":false,"extensionId":{"value":"vscode.github","_lower":"vscode.github"},"activationEvent":"*"}
[2021-04-14 07:03:13.991] [exthost] [info] ExtensionService#loadCommonJSModule file:///opt/visual-studio-code/resources/app/extensions/github/dist/extension.js
[2021-04-14 07:03:14.020] [exthost] [info] eager extensions activated
[2021-04-14 07:03:14.032] [exthost] [info] ExtensionService#_doActivateExtension vscode.github-authentication {"startup":false,"extensionId":{"value":"vscode.github-authentication","_lower":"vscode.github-authentication"},"activationEvent":"onAuthenticationRequest:github"}
[2021-04-14 07:03:14.032] [exthost] [info] ExtensionService#loadCommonJSModule file:///opt/visual-studio-code/resources/app/extensions/github-authentication/dist/extension.js
[2021-04-14 07:03:14.037] [exthost] [info] ExtensionService#_doActivateExtension vscode.emmet {"startup":false,"extensionId":{"value":"vscode.emmet","_lower":"vscode.emmet"},"activationEvent":"onStartupFinished"}
[2021-04-14 07:03:14.037] [exthost] [info] ExtensionService#loadCommonJSModule file:///opt/visual-studio-code/resources/app/extensions/emmet/dist/node/emmetNodeMain
[2021-04-14 07:03:14.040] [exthost] [info] ExtensionService#_doActivateExtension vscode.merge-conflict {"startup":false,"extensionId":{"value":"vscode.merge-conflict","_lower":"vscode.merge-conflict"},"activationEvent":"onStartupFinished"}
[2021-04-14 07:03:14.040] [exthost] [info] ExtensionService#loadCommonJSModule file:///opt/visual-studio-code/resources/app/extensions/merge-conflict/dist/mergeConflictMain
[2021-04-14 07:03:14.041] [exthost] [info] ExtensionService#_doActivateExtension vscode.testing-editor-contributions {"startup":false,"extensionId":{"value":"vscode.testing-editor-contributions","_lower":"vscode.testing-editor-contributions"},"activationEvent":"onStartupFinished"}
[2021-04-14 07:03:14.041] [exthost] [info] ExtensionService#loadCommonJSModule file:///opt/visual-studio-code/resources/app/extensions/testing-editor-contributions/dist/extension.js
[2021-04-14 07:03:14.042] [exthost] [info] ExtensionService#_doActivateExtension dbaeumer.vscode-eslint {"startup":false,"extensionId":{"value":"dbaeumer.vscode-eslint","_lower":"dbaeumer.vscode-eslint"},"activationEvent":"onStartupFinished"}
[2021-04-14 07:03:14.042] [exthost] [info] ExtensionService#loadCommonJSModule file:///home/dotnet/.vscode/extensions/dbaeumer.vscode-eslint-2.1.20/client/out/extension
[2021-04-14 07:03:14.049] [exthost] [info] ExtensionService#_doActivateExtension esbenp.prettier-vscode {"startup":false,"extensionId":{"value":"esbenp.prettier-vscode","_lower":"esbenp.prettier-vscode"},"activationEvent":"onStartupFinished"}
[2021-04-14 07:03:14.049] [exthost] [info] ExtensionService#loadCommonJSModule file:///home/dotnet/.vscode/extensions/esbenp.prettier-vscode-6.3.2/dist/extension
[2021-04-14 07:03:21.300] [exthost] [info] extension host terminating: received terminate message from renderer
[2021-04-14 07:03:22.310] [exthost] [info] exiting with code 0
[2021-04-14 07:03:22.377] [exthost] [info] extension host started
[2021-04-14 07:03:22.409] [exthost] [info] ExtensionService#_doActivateExtension vscode.microsoft-authentication {"startup":false,"extensionId":{"value":"vscode.microsoft-authentication","_lower":"vscode.microsoft-authentication"},"activationEvent":"onAuthenticationRequest:microsoft"}
[2021-04-14 07:03:22.409] [exthost] [info] ExtensionService#loadCommonJSModule file:///opt/visual-studio-code/resources/app/extensions/microsoft-authentication/dist/extension.js
[2021-04-14 07:03:22.416] [exthost] [info] ExtensionService#_doActivateExtension vscode.debug-auto-launch {"startup":true,"extensionId":{"value":"vscode.debug-auto-launch","_lower":"vscode.debug-auto-launch"},"activationEvent":"*"}
[2021-04-14 07:03:22.416] [exthost] [info] ExtensionService#loadCommonJSModule file:///opt/visual-studio-code/resources/app/extensions/debug-auto-launch/dist/extension
[2021-04-14 07:03:22.418] [exthost] [info] ExtensionService#_doActivateExtension vscode.git {"startup":true,"extensionId":{"value":"vscode.github","_lower":"vscode.github"},"activationEvent":"*"}
[2021-04-14 07:03:22.418] [exthost] [info] ExtensionService#loadCommonJSModule file:///opt/visual-studio-code/resources/app/extensions/git/dist/main
[2021-04-14 07:03:22.429] [exthost] [info] ExtensionService#_doActivateExtension CoenraadS.bracket-pair-colorizer-2 {"startup":true,"extensionId":{"value":"CoenraadS.bracket-pair-colorizer-2","_lower":"coenraads.bracket-pair-colorizer-2"},"activationEvent":"*"}
[2021-04-14 07:03:22.429] [exthost] [info] ExtensionService#loadCommonJSModule file:///home/dotnet/.vscode/extensions/coenraads.bracket-pair-colorizer-2-0.2.0/out/src/extension
[2021-04-14 07:03:22.440] [exthost] [info] ExtensionService#_doActivateExtension EditorConfig.EditorConfig {"startup":true,"extensionId":{"value":"EditorConfig.EditorConfig","_lower":"editorconfig.editorconfig"},"activationEvent":"*"}
[2021-04-14 07:03:22.440] [exthost] [info] ExtensionService#loadCommonJSModule file:///home/dotnet/.vscode/extensions/editorconfig.editorconfig-0.16.4/out/editorConfigMain.js
[2021-04-14 07:03:22.449] [exthost] [info] ExtensionService#_doActivateExtension Equinusocio.vsc-material-theme {"startup":true,"extensionId":{"value":"Equinusocio.vsc-material-theme","_lower":"equinusocio.vsc-material-theme"},"activationEvent":"*"}
[2021-04-14 07:03:22.449] [exthost] [info] ExtensionService#loadCommonJSModule file:///home/dotnet/.vscode/extensions/equinusocio.vsc-material-theme-33.2.2/build/material.theme.config
[2021-04-14 07:03:22.456] [exthost] [info] ExtensionService#_doActivateExtension equinusocio.vsc-material-theme-icons {"startup":true,"extensionId":{"value":"equinusocio.vsc-material-theme-icons","_lower":"equinusocio.vsc-material-theme-icons"},"activationEvent":"*"}
[2021-04-14 07:03:22.456] [exthost] [info] ExtensionService#loadCommonJSModule file:///home/dotnet/.vscode/extensions/equinusocio.vsc-material-theme-icons-2.0.10/out/src/extension
[2021-04-14 07:03:22.464] [exthost] [info] ExtensionService#_doActivateExtension formulahendry.auto-rename-tag {"startup":true,"extensionId":{"value":"formulahendry.auto-rename-tag","_lower":"formulahendry.auto-rename-tag"},"activationEvent":"*"}
[2021-04-14 07:03:22.464] [exthost] [info] ExtensionService#loadCommonJSModule file:///home/dotnet/.vscode/extensions/formulahendry.auto-rename-tag-0.1.6/packages/extension/dist/extensionMain.js
[2021-04-14 07:03:22.470] [exthost] [info] ExtensionService#_doActivateExtension HookyQR.beautify {"startup":true,"extensionId":{"value":"HookyQR.beautify","_lower":"hookyqr.beautify"},"activationEvent":"*"}
[2021-04-14 07:03:22.470] [exthost] [info] ExtensionService#loadCommonJSModule file:///home/dotnet/.vscode/extensions/hookyqr.beautify-1.5.0/extension
[2021-04-14 07:03:22.491] [exthost] [info] ExtensionService#_doActivateExtension ms-vscode.sublime-keybindings {"startup":true,"extensionId":{"value":"ms-vscode.sublime-keybindings","_lower":"ms-vscode.sublime-keybindings"},"activationEvent":"*"}
[2021-04-14 07:03:22.491] [exthost] [info] ExtensionService#loadCommonJSModule file:///home/dotnet/.vscode/extensions/ms-vscode.sublime-keybindings-4.0.8/dist/extension.js
[2021-04-14 07:03:22.492] [exthost] [info] ExtensionService#_doActivateExtension naumovs.color-highlight {"startup":true,"extensionId":{"value":"naumovs.color-highlight","_lower":"naumovs.color-highlight"},"activationEvent":"*"}
[2021-04-14 07:03:22.492] [exthost] [info] ExtensionService#loadCommonJSModule file:///home/dotnet/.vscode/extensions/naumovs.color-highlight-2.3.0/dist/extension
[2021-04-14 07:03:22.498] [exthost] [info] ExtensionService#_doActivateExtension PKief.material-icon-theme {"startup":true,"extensionId":{"value":"PKief.material-icon-theme","_lower":"pkief.material-icon-theme"},"activationEvent":"*"}
[2021-04-14 07:03:22.498] [exthost] [info] ExtensionService#loadCommonJSModule file:///home/dotnet/.vscode/extensions/pkief.material-icon-theme-4.6.0/dist/extension
[2021-04-14 07:03:22.505] [exthost] [info] ExtensionService#_doActivateExtension vscodevim.vim {"startup":true,"extensionId":{"value":"vscodevim.vim","_lower":"vscodevim.vim"},"activationEvent":"*"}
[2021-04-14 07:03:22.505] [exthost] [info] ExtensionService#loadCommonJSModule file:///home/dotnet/.vscode/extensions/vscodevim.vim-1.19.3/out/extension
[2021-04-14 07:03:22.535] [exthost] [info] ExtensionService#_doActivateExtension Zignd.html-css-class-completion {"startup":true,"extensionId":{"value":"Zignd.html-css-class-completion","_lower":"zignd.html-css-class-completion"},"activationEvent":"*"}
[2021-04-14 07:03:22.535] [exthost] [info] ExtensionService#loadCommonJSModule file:///home/dotnet/.vscode/extensions/zignd.html-css-class-completion-1.20.0/dist/extension.js
[2021-04-14 07:03:22.586] [exthost] [info] ExtensionService#_doActivateExtension vscode.npm {"startup":true,"extensionId":{"value":"vscode.npm","_lower":"vscode.npm"},"activationEvent":"workspaceContains:package.json"}
[2021-04-14 07:03:22.586] [exthost] [info] ExtensionService#loadCommonJSModule file:///opt/visual-studio-code/resources/app/extensions/npm/dist/npmMain
[2021-04-14 07:03:22.866] [exthost] [info] ExtensionService#_doActivateExtension ms-vscode.js-debug {"startup":false,"extensionId":{"value":"ms-vscode.js-debug","_lower":"ms-vscode.js-debug"},"activationEvent":"onCommand:extension.js-debug.clearAutoAttachVariables"}
[2021-04-14 07:03:22.866] [exthost] [info] ExtensionService#loadCommonJSModule file:///opt/visual-studio-code/resources/app/extensions/ms-vscode.js-debug/src/extension.js
[2021-04-14 07:03:22.946] [exthost] [info] ExtensionService#_doActivateExtension vscode.github {"startup":false,"extensionId":{"value":"vscode.github","_lower":"vscode.github"},"activationEvent":"*"}
[2021-04-14 07:03:22.946] [exthost] [info] ExtensionService#loadCommonJSModule file:///opt/visual-studio-code/resources/app/extensions/github/dist/extension.js
[2021-04-14 07:03:23.035] [exthost] [info] ExtensionService#_doActivateExtension vscode.github-authentication {"startup":false,"extensionId":{"value":"vscode.github-authentication","_lower":"vscode.github-authentication"},"activationEvent":"onAuthenticationRequest:github"}
[2021-04-14 07:03:23.035] [exthost] [info] ExtensionService#loadCommonJSModule file:///opt/visual-studio-code/resources/app/extensions/github-authentication/dist/extension.js
[2021-04-14 07:03:23.810] [exthost] [info] eager extensions activated
[2021-04-14 07:03:23.815] [exthost] [info] ExtensionService#_doActivateExtension vscode.emmet {"startup":false,"extensionId":{"value":"vscode.emmet","_lower":"vscode.emmet"},"activationEvent":"onStartupFinished"}
[2021-04-14 07:03:23.815] [exthost] [info] ExtensionService#loadCommonJSModule file:///opt/visual-studio-code/resources/app/extensions/emmet/dist/node/emmetNodeMain
[2021-04-14 07:03:23.820] [exthost] [info] ExtensionService#_doActivateExtension vscode.merge-conflict {"startup":false,"extensionId":{"value":"vscode.merge-conflict","_lower":"vscode.merge-conflict"},"activationEvent":"onStartupFinished"}
[2021-04-14 07:03:23.820] [exthost] [info] ExtensionService#loadCommonJSModule file:///opt/visual-studio-code/resources/app/extensions/merge-conflict/dist/mergeConflictMain
[2021-04-14 07:03:23.821] [exthost] [info] ExtensionService#_doActivateExtension vscode.testing-editor-contributions {"startup":false,"extensionId":{"value":"vscode.testing-editor-contributions","_lower":"vscode.testing-editor-contributions"},"activationEvent":"onStartupFinished"}
[2021-04-14 07:03:23.821] [exthost] [info] ExtensionService#loadCommonJSModule file:///opt/visual-studio-code/resources/app/extensions/testing-editor-contributions/dist/extension.js
[2021-04-14 07:03:23.821] [exthost] [info] ExtensionService#_doActivateExtension dbaeumer.vscode-eslint {"startup":false,"extensionId":{"value":"dbaeumer.vscode-eslint","_lower":"dbaeumer.vscode-eslint"},"activationEvent":"onStartupFinished"}
[2021-04-14 07:03:23.821] [exthost] [info] ExtensionService#loadCommonJSModule file:///home/dotnet/.vscode/extensions/dbaeumer.vscode-eslint-2.1.20/client/out/extension
[2021-04-14 07:03:23.828] [exthost] [info] ExtensionService#_doActivateExtension esbenp.prettier-vscode {"startup":false,"extensionId":{"value":"esbenp.prettier-vscode","_lower":"esbenp.prettier-vscode"},"activationEvent":"onStartupFinished"}
[2021-04-14 07:03:23.828] [exthost] [info] ExtensionService#loadCommonJSModule file:///home/dotnet/.vscode/extensions/esbenp.prettier-vscode-6.3.2/dist/extension
[2021-04-14 07:03:27.128] [exthost] [info] ExtensionService#_doActivateExtension vscode.configuration-editing {"startup":false,"extensionId":{"value":"vscode.configuration-editing","_lower":"vscode.configuration-editing"},"activationEvent":"onLanguage:json"}
[2021-04-14 07:03:27.128] [exthost] [info] ExtensionService#loadCommonJSModule file:///opt/visual-studio-code/resources/app/extensions/configuration-editing/dist/configurationEditingMain
[2021-04-14 07:03:27.130] [exthost] [info] ExtensionService#_doActivateExtension vscode.extension-editing {"startup":false,"extensionId":{"value":"vscode.extension-editing","_lower":"vscode.extension-editing"},"activationEvent":"onLanguage:json"}
[2021-04-14 07:03:27.130] [exthost] [info] ExtensionService#loadCommonJSModule file:///opt/visual-studio-code/resources/app/extensions/extension-editing/dist/extensionEditingMain
[2021-04-14 07:03:27.136] [exthost] [info] ExtensionService#_doActivateExtension vscode.json-language-features {"startup":false,"extensionId":{"value":"vscode.json-language-features","_lower":"vscode.json-language-features"},"activationEvent":"onLanguage:json"}
[2021-04-14 07:03:27.136] [exthost] [info] ExtensionService#loadCommonJSModule file:///opt/visual-studio-code/resources/app/extensions/json-language-features/client/dist/node/jsonClientMain
[2021-04-14 07:03:27.422] [exthost] [info] ExtensionService#_doActivateExtension vscode.typescript-language-features {"startup":false,"extensionId":{"value":"vscode.typescript-language-features","_lower":"vscode.typescript-language-features"},"activationEvent":"onLanguage:jsonc"}
[2021-04-14 07:03:27.422] [exthost] [info] ExtensionService#loadCommonJSModule file:///opt/visual-studio-code/resources/app/extensions/typescript-language-features/dist/extension
[2021-04-14 07:12:09.490] [exthost] [info] ExtensionService#_doActivateExtension vscode.markdown-language-features {"startup":false,"extensionId":{"value":"vscode.markdown-language-features","_lower":"vscode.markdown-language-features"},"activationEvent":"onLanguage:markdown"}
[2021-04-14 07:12:09.490] [exthost] [info] ExtensionService#loadCommonJSModule file:///opt/visual-studio-code/resources/app/extensions/markdown-language-features/dist/extension
[2021-04-14 07:12:23.842] [exthost] [info] ExtensionService#_doActivateExtension vscode.css-language-features {"startup":false,"extensionId":{"value":"vscode.css-language-features","_lower":"vscode.css-language-features"},"activationEvent":"onLanguage:css"}
[2021-04-14 07:12:23.842] [exthost] [info] ExtensionService#loadCommonJSModule file:///opt/visual-studio-code/resources/app/extensions/css-language-features/client/dist/node/cssClientMain
[2021-04-14 07:30:56.010] [exthost] [info] ExtensionService#_doActivateExtension extr0py.vscode-relative-line-numbers {"startup":false,"extensionId":{"value":"extr0py.vscode-relative-line-numbers","_lower":"extr0py.vscode-relative-line-numbers"},"activationEvent":"*"}
[2021-04-14 07:30:56.010] [exthost] [info] ExtensionService#loadCommonJSModule file:///home/dotnet/.vscode/extensions/extr0py.vscode-relative-line-numbers-0.0.5/out/src/extension
[2021-04-14 07:37:17.736] [exthost] [error] [vscode.typescript-language-features] provider FAILED
[2021-04-14 07:37:17.743] [exthost] [error] Error: <syntax> TypeScript Server Error (4.2.3)
Debug Failure. False expression: Expected line to be non-zero
Error: Debug Failure. False expression: Expected line to be non-zero
    at failIfInvalidLocation (/opt/visual-studio-code/resources/app/extensions/node_modules/typescript/lib/tsserver.js:153121:22)
    at ScriptInfo.positionToLineOffset (/opt/visual-studio-code/resources/app/extensions/node_modules/typescript/lib/tsserver.js:153088:17)
    at toProtocolTextSpan (/opt/visual-studio-code/resources/app/extensions/node_modules/typescript/lib/tsserver.js:161051:35)
    at /opt/visual-studio-code/resources/app/extensions/node_modules/typescript/lib/tsserver.js:160510:68
    at Array.map (<anonymous>)
    at IOSession.Session.toLocationNavigationTree (/opt/visual-studio-code/resources/app/extensions/node_modules/typescript/lib/tsserver.js:160510:39)
    at IOSession.Session.getNavigationTree (/opt/visual-studio-code/resources/app/extensions/node_modules/typescript/lib/tsserver.js:160521:32)
    at Session.handlers.ts.Map.ts.getEntries._a.<computed> (/opt/visual-studio-code/resources/app/extensions/node_modules/typescript/lib/tsserver.js:159306:61)
    at /opt/visual-studio-code/resources/app/extensions/node_modules/typescript/lib/tsserver.js:160963:88
    at IOSession.Session.executeWithRequestId (/opt/visual-studio-code/resources/app/extensions/node_modules/typescript/lib/tsserver.js:160954:28)
    at IOSession.Session.executeCommand (/opt/visual-studio-code/resources/app/extensions/node_modules/typescript/lib/tsserver.js:160963:33)
    at IOSession.Session.onMessage (/opt/visual-studio-code/resources/app/extensions/node_modules/typescript/lib/tsserver.js:160989:35)
    at Interface.<anonymous> (/opt/visual-studio-code/resources/app/extensions/node_modules/typescript/lib/tsserver.js:163650:31)
    at Interface.emit (events.js:315:20)
    at Interface._onLine (readline.js:329:10)
    at Interface._normalWrite (readline.js:474:12)
    at Socket.ondata (readline.js:186:10)
    at Socket.emit (events.js:315:20)
    at addChunk (_stream_readable.js:295:12)
    at readableAddChunk (_stream_readable.js:271:9)
    at Socket.Readable.push (_stream_readable.js:212:10)
    at Pipe.onStreamRead (internal/stream_base_commons.js:186:23)
    at Function.create (/opt/visual-studio-code/resources/app/extensions/typescript-language-features/dist/extension.js:1:70135)
    at dispatchResponse (/opt/visual-studio-code/resources/app/extensions/typescript-language-features/dist/extension.js:1:64010)
    at dispatchMessage (/opt/visual-studio-code/resources/app/extensions/typescript-language-features/dist/extension.js:1:62869)
    at /opt/visual-studio-code/resources/app/extensions/typescript-language-features/dist/extension.js:1:62379
    at _.fire (/opt/visual-studio-code/resources/app/out/vs/workbench/services/extensions/node/extensionHostProcess.js:57:1836)
    at g.onLengthData (/opt/visual-studio-code/resources/app/extensions/typescript-language-features/dist/extension.js:1:431342)
    at Socket.<anonymous> (/opt/visual-studio-code/resources/app/extensions/typescript-language-features/dist/extension.js:1:430990)
    at Socket.emit (events.js:315:20)
    at addChunk (_stream_readable.js:295:12)
    at readableAddChunk (_stream_readable.js:271:9)
    at Socket.Readable.push (_stream_readable.js:212:10)
    at Pipe.onStreamRead (internal/stream_base_commons.js:186:23)
[2021-04-14 07:47:56.611] [exthost] [info] extension host terminating: received terminate message from renderer
[2021-04-14 07:47:57.645] [exthost] [info] exiting with code 0
