[2021-04-18 07:52:27.619] [exthost] [info] extension host started
[2021-04-18 07:52:28.006] [exthost] [info] ExtensionService#_doActivateExtension vscode.microsoft-authentication {"startup":false,"extensionId":{"value":"vscode.microsoft-authentication","_lower":"vscode.microsoft-authentication"},"activationEvent":"onAuthenticationRequest:microsoft"}
[2021-04-18 07:52:28.006] [exthost] [info] ExtensionService#loadCommonJSModule file:///opt/visual-studio-code/resources/app/extensions/microsoft-authentication/dist/extension.js
[2021-04-18 07:52:28.029] [exthost] [info] ExtensionService#_doActivateExtension vscode.debug-auto-launch {"startup":true,"extensionId":{"value":"vscode.debug-auto-launch","_lower":"vscode.debug-auto-launch"},"activationEvent":"*"}
[2021-04-18 07:52:28.029] [exthost] [info] ExtensionService#loadCommonJSModule file:///opt/visual-studio-code/resources/app/extensions/debug-auto-launch/dist/extension
[2021-04-18 07:52:28.035] [exthost] [info] ExtensionService#_doActivateExtension vscode.git {"startup":true,"extensionId":{"value":"vscode.github","_lower":"vscode.github"},"activationEvent":"*"}
[2021-04-18 07:52:28.035] [exthost] [info] ExtensionService#loadCommonJSModule file:///opt/visual-studio-code/resources/app/extensions/git/dist/main
[2021-04-18 07:52:28.077] [exthost] [info] ExtensionService#_doActivateExtension CoenraadS.bracket-pair-colorizer-2 {"startup":true,"extensionId":{"value":"CoenraadS.bracket-pair-colorizer-2","_lower":"coenraads.bracket-pair-colorizer-2"},"activationEvent":"*"}
[2021-04-18 07:52:28.077] [exthost] [info] ExtensionService#loadCommonJSModule file:///home/dotnet/.vscode/extensions/coenraads.bracket-pair-colorizer-2-0.2.0/out/src/extension
[2021-04-18 07:52:28.114] [exthost] [info] ExtensionService#_doActivateExtension EditorConfig.EditorConfig {"startup":true,"extensionId":{"value":"EditorConfig.EditorConfig","_lower":"editorconfig.editorconfig"},"activationEvent":"*"}
[2021-04-18 07:52:28.114] [exthost] [info] ExtensionService#loadCommonJSModule file:///home/dotnet/.vscode/extensions/editorconfig.editorconfig-0.16.4/out/editorConfigMain.js
[2021-04-18 07:52:28.189] [exthost] [info] ExtensionService#_doActivateExtension Equinusocio.vsc-material-theme {"startup":true,"extensionId":{"value":"Equinusocio.vsc-material-theme","_lower":"equinusocio.vsc-material-theme"},"activationEvent":"*"}
[2021-04-18 07:52:28.189] [exthost] [info] ExtensionService#loadCommonJSModule file:///home/dotnet/.vscode/extensions/equinusocio.vsc-material-theme-33.2.2/build/material.theme.config
[2021-04-18 07:52:28.242] [exthost] [info] ExtensionService#_doActivateExtension equinusocio.vsc-material-theme-icons {"startup":true,"extensionId":{"value":"equinusocio.vsc-material-theme-icons","_lower":"equinusocio.vsc-material-theme-icons"},"activationEvent":"*"}
[2021-04-18 07:52:28.242] [exthost] [info] ExtensionService#loadCommonJSModule file:///home/dotnet/.vscode/extensions/equinusocio.vsc-material-theme-icons-2.0.10/out/src/extension
[2021-04-18 07:52:28.267] [exthost] [info] ExtensionService#_doActivateExtension extr0py.vscode-relative-line-numbers {"startup":true,"extensionId":{"value":"extr0py.vscode-relative-line-numbers","_lower":"extr0py.vscode-relative-line-numbers"},"activationEvent":"*"}
[2021-04-18 07:52:28.267] [exthost] [info] ExtensionService#loadCommonJSModule file:///home/dotnet/.vscode/extensions/extr0py.vscode-relative-line-numbers-0.0.5/out/src/extension
[2021-04-18 07:52:28.270] [exthost] [info] ExtensionService#_doActivateExtension formulahendry.auto-rename-tag {"startup":true,"extensionId":{"value":"formulahendry.auto-rename-tag","_lower":"formulahendry.auto-rename-tag"},"activationEvent":"*"}
[2021-04-18 07:52:28.271] [exthost] [info] ExtensionService#loadCommonJSModule file:///home/dotnet/.vscode/extensions/formulahendry.auto-rename-tag-0.1.6/packages/extension/dist/extensionMain.js
[2021-04-18 07:52:28.303] [exthost] [info] ExtensionService#_doActivateExtension HookyQR.beautify {"startup":true,"extensionId":{"value":"HookyQR.beautify","_lower":"hookyqr.beautify"},"activationEvent":"*"}
[2021-04-18 07:52:28.303] [exthost] [info] ExtensionService#loadCommonJSModule file:///home/dotnet/.vscode/extensions/hookyqr.beautify-1.5.0/extension
[2021-04-18 07:52:28.414] [exthost] [info] ExtensionService#_doActivateExtension ms-vscode.sublime-keybindings {"startup":true,"extensionId":{"value":"ms-vscode.sublime-keybindings","_lower":"ms-vscode.sublime-keybindings"},"activationEvent":"*"}
[2021-04-18 07:52:28.414] [exthost] [info] ExtensionService#loadCommonJSModule file:///home/dotnet/.vscode/extensions/ms-vscode.sublime-keybindings-4.0.8/dist/extension.js
[2021-04-18 07:52:28.418] [exthost] [info] ExtensionService#_doActivateExtension naumovs.color-highlight {"startup":true,"extensionId":{"value":"naumovs.color-highlight","_lower":"naumovs.color-highlight"},"activationEvent":"*"}
[2021-04-18 07:52:28.419] [exthost] [info] ExtensionService#loadCommonJSModule file:///home/dotnet/.vscode/extensions/naumovs.color-highlight-2.3.0/dist/extension
[2021-04-18 07:52:28.435] [exthost] [info] ExtensionService#_doActivateExtension PKief.material-icon-theme {"startup":true,"extensionId":{"value":"PKief.material-icon-theme","_lower":"pkief.material-icon-theme"},"activationEvent":"*"}
[2021-04-18 07:52:28.435] [exthost] [info] ExtensionService#loadCommonJSModule file:///home/dotnet/.vscode/extensions/pkief.material-icon-theme-4.6.0/dist/extension
[2021-04-18 07:52:28.458] [exthost] [info] ExtensionService#_doActivateExtension vscodevim.vim {"startup":true,"extensionId":{"value":"vscodevim.vim","_lower":"vscodevim.vim"},"activationEvent":"*"}
[2021-04-18 07:52:28.458] [exthost] [info] ExtensionService#loadCommonJSModule file:///home/dotnet/.vscode/extensions/vscodevim.vim-1.19.3/out/extension
[2021-04-18 07:52:28.564] [exthost] [info] ExtensionService#_doActivateExtension Zignd.html-css-class-completion {"startup":true,"extensionId":{"value":"Zignd.html-css-class-completion","_lower":"zignd.html-css-class-completion"},"activationEvent":"*"}
[2021-04-18 07:52:28.564] [exthost] [info] ExtensionService#loadCommonJSModule file:///home/dotnet/.vscode/extensions/zignd.html-css-class-completion-1.20.0/dist/extension.js
[2021-04-18 07:52:28.711] [exthost] [info] ExtensionService#_doActivateExtension vscode.npm {"startup":true,"extensionId":{"value":"vscode.npm","_lower":"vscode.npm"},"activationEvent":"workspaceContains:package.json"}
[2021-04-18 07:52:28.711] [exthost] [info] ExtensionService#loadCommonJSModule file:///opt/visual-studio-code/resources/app/extensions/npm/dist/npmMain
[2021-04-18 07:52:29.990] [exthost] [info] ExtensionService#_doActivateExtension ms-vscode.js-debug {"startup":false,"extensionId":{"value":"ms-vscode.js-debug","_lower":"ms-vscode.js-debug"},"activationEvent":"onCommand:extension.js-debug.clearAutoAttachVariables"}
[2021-04-18 07:52:29.990] [exthost] [info] ExtensionService#loadCommonJSModule file:///opt/visual-studio-code/resources/app/extensions/ms-vscode.js-debug/src/extension.js
[2021-04-18 07:52:30.191] [exthost] [info] ExtensionService#_doActivateExtension vscode.github {"startup":false,"extensionId":{"value":"vscode.github","_lower":"vscode.github"},"activationEvent":"*"}
[2021-04-18 07:52:30.191] [exthost] [info] ExtensionService#loadCommonJSModule file:///opt/visual-studio-code/resources/app/extensions/github/dist/extension.js
[2021-04-18 07:52:30.347] [exthost] [info] ExtensionService#_doActivateExtension vscode.github-authentication {"startup":false,"extensionId":{"value":"vscode.github-authentication","_lower":"vscode.github-authentication"},"activationEvent":"onAuthenticationRequest:github"}
[2021-04-18 07:52:30.348] [exthost] [info] ExtensionService#loadCommonJSModule file:///opt/visual-studio-code/resources/app/extensions/github-authentication/dist/extension.js
[2021-04-18 07:52:30.426] [exthost] [info] extension host terminating: received terminate message from renderer
[2021-04-18 07:52:31.442] [exthost] [info] exiting with code 0
