Initializing document watcher...
portfolio/src/components/seo.js: Using EditorConfig core...
src/components/seo.js: editor.action.trimTrailingWhitespace
portfolio/src/components/layout.js: {"insertSpaces":true,"tabSize":2}
portfolio/src/components/layout.js: {"insertSpaces":true,"tabSize":2}
portfolio/src/components/layout.js: {"insertSpaces":true,"tabSize":2}
portfolio/src/components/Blog.js: {"insertSpaces":true,"tabSize":2}
portfolio/src/pages/index.js: {"insertSpaces":true,"tabSize":2}
portfolio/src/pages/index.js: {"insertSpaces":true,"tabSize":2}
portfolio/src/components/layout.js: {"insertSpaces":true,"tabSize":2}
portfolio/src/components/Blog.js: {"insertSpaces":true,"tabSize":2}
portfolio/src/components/Header.js: {"insertSpaces":true,"tabSize":2}
portfolio/src/components/Header.js: Using EditorConfig core...
portfolio/src/components/Header.js: Using EditorConfig core...
src/components/Header.js: editor.action.trimTrailingWhitespace
src/components/Header.js: editor.action.trimTrailingWhitespace
portfolio/src/components/Header.js: {"insertSpaces":true,"tabSize":2}
portfolio/src/components/Header.js: {"insertSpaces":true,"tabSize":2}
portfolio/src/components/Header.js: Using EditorConfig core...
portfolio/src/components/Header.js: Using EditorConfig core...
src/components/Header.js: editor.action.trimTrailingWhitespace
src/components/Header.js: editor.action.trimTrailingWhitespace
portfolio/src/components/Header.js: {"insertSpaces":true,"tabSize":2}
portfolio/src/components/Header.js: Using EditorConfig core...
portfolio/src/components/Header.js: Using EditorConfig core...
src/components/Header.js: editor.action.trimTrailingWhitespace
src/components/Header.js: editor.action.trimTrailingWhitespace
portfolio/src/components/Header.js: {"insertSpaces":true,"tabSize":2}
portfolio/src/components/Header.js: Using EditorConfig core...
src/components/Header.js: editor.action.trimTrailingWhitespace
portfolio/src/components/Header.js: {"insertSpaces":true,"tabSize":2}
portfolio/src/components/Header.js: {"insertSpaces":true,"tabSize":2}
portfolio/src/components/Header.js: {"insertSpaces":true,"tabSize":2}
portfolio/src/components/Header.js: Using EditorConfig core...
src/components/Header.js: editor.action.trimTrailingWhitespace
portfolio/src/components/Header.js: {"insertSpaces":true,"tabSize":2}
portfolio/src/components/Header.js: Using EditorConfig core...
src/components/Header.js: editor.action.trimTrailingWhitespace
portfolio/src/components/Header.js: {"insertSpaces":true,"tabSize":2}
portfolio/src/components/Header.js: Using EditorConfig core...
src/components/Header.js: editor.action.trimTrailingWhitespace
portfolio/src/components/Header.js: {"insertSpaces":true,"tabSize":2}
portfolio/src/components/Header.js: {"insertSpaces":true,"tabSize":2}
portfolio/src/components/Header.js: Using EditorConfig core...
src/components/Header.js: editor.action.trimTrailingWhitespace
portfolio/src/components/Header.js: {"insertSpaces":true,"tabSize":2}
portfolio/src/components/Header.js: Using EditorConfig core...
src/components/Header.js: editor.action.trimTrailingWhitespace
portfolio/src/components/Header.js: {"insertSpaces":true,"tabSize":2}
portfolio/node_modules/react-icons/fa/index.d.ts: {"insertSpaces":true,"tabSize":2}
portfolio/src/components/Header.js: {"insertSpaces":true,"tabSize":2}
portfolio/node_modules/react-icons/fa/index.d.ts: {"insertSpaces":true,"tabSize":2}
portfolio/src/components/Header.js: {"insertSpaces":true,"tabSize":2}
portfolio/src/components/Header.js: Using EditorConfig core...
src/components/Header.js: editor.action.trimTrailingWhitespace
portfolio/src/components/Header.js: {"insertSpaces":true,"tabSize":2}
portfolio/src/components/Header.js: Using EditorConfig core...
src/components/Header.js: editor.action.trimTrailingWhitespace
portfolio/src/components/Header.js: {"insertSpaces":true,"tabSize":2}
portfolio/src/components/Header.js: Using EditorConfig core...
src/components/Header.js: editor.action.trimTrailingWhitespace
portfolio/src/components/Header.js: {"insertSpaces":true,"tabSize":2}
portfolio/src/components/Header.js: {"insertSpaces":true,"tabSize":2}
portfolio/src/components/Header.js: {"insertSpaces":true,"tabSize":2}
portfolio/src/components/Header.js: {"insertSpaces":true,"tabSize":2}
portfolio/src/components/Header.js: {"insertSpaces":true,"tabSize":2}
portfolio/src/components/Header.js: {"insertSpaces":true,"tabSize":2}
portfolio/src/components/Header.js: Using EditorConfig core...
src/components/Header.js: editor.action.trimTrailingWhitespace
portfolio/src/components/Header.js: {"insertSpaces":true,"tabSize":2}
portfolio/src/components/Header.js: {"insertSpaces":true,"tabSize":2}
portfolio/src/components/Header.js: Using EditorConfig core...
src/components/Header.js: editor.action.trimTrailingWhitespace
portfolio/src/components/Header.js: {"insertSpaces":true,"tabSize":2}
portfolio/src/components/Header.js: Using EditorConfig core...
portfolio/src/components/Header.js: Using EditorConfig core...
src/components/Header.js: editor.action.trimTrailingWhitespace
src/components/Header.js: editor.action.trimTrailingWhitespace
portfolio/src/components/Header.js: {"insertSpaces":true,"tabSize":2}
portfolio/src/components/Header.js: Using EditorConfig core...
src/components/Header.js: editor.action.trimTrailingWhitespace
portfolio/src/components/Header.js: {"insertSpaces":true,"tabSize":2}
portfolio/src/components/Header.js: Using EditorConfig core...
src/components/Header.js: editor.action.trimTrailingWhitespace
portfolio/src/components/Header.js: {"insertSpaces":true,"tabSize":2}
portfolio/src/components/Header.js: {"insertSpaces":true,"tabSize":2}
portfolio/src/components/Header.js: {"insertSpaces":true,"tabSize":2}
portfolio/src/components/Header.js: {"insertSpaces":true,"tabSize":2}
portfolio/src/components/Header.js: {"insertSpaces":true,"tabSize":2}
portfolio/src/components/Header.js: Using EditorConfig core...
src/components/Header.js: editor.action.trimTrailingWhitespace
portfolio/src/components/Header.js: {"insertSpaces":true,"tabSize":2}
portfolio/src/components/Header.js: Using EditorConfig core...
src/components/Header.js: editor.action.trimTrailingWhitespace
portfolio/src/components/Header.js: {"insertSpaces":true,"tabSize":2}
portfolio/src/components/Header.js: Using EditorConfig core...
src/components/Header.js: editor.action.trimTrailingWhitespace
portfolio/src/components/Header.js: Using EditorConfig core...
src/components/Header.js: editor.action.trimTrailingWhitespace
portfolio/src/components/Header.js: {"insertSpaces":true,"tabSize":2}
portfolio/src/components/Header.js: Using EditorConfig core...
src/components/Header.js: editor.action.trimTrailingWhitespace
portfolio/src/components/Header.js: {"insertSpaces":true,"tabSize":2}
portfolio/src/components/Header.js: Using EditorConfig core...
src/components/Header.js: editor.action.trimTrailingWhitespace
portfolio/src/components/Header.js: {"insertSpaces":true,"tabSize":2}
portfolio/src/components/Header.js: {"insertSpaces":true,"tabSize":2}
portfolio/src/components/Header.js: Using EditorConfig core...
src/components/Header.js: editor.action.trimTrailingWhitespace
portfolio/src/components/Header.js: {"insertSpaces":true,"tabSize":2}
portfolio/src/components/Header.js: Using EditorConfig core...
portfolio/src/components/Header.js: Using EditorConfig core...
src/components/Header.js: editor.action.trimTrailingWhitespace
src/components/Header.js: editor.action.trimTrailingWhitespace
portfolio/src/components/Header.js: {"insertSpaces":true,"tabSize":2}
portfolio/src/components/Header.js: Using EditorConfig core...
src/components/Header.js: editor.action.trimTrailingWhitespace
portfolio/src/components/Header.js: Using EditorConfig core...
src/components/Header.js: editor.action.trimTrailingWhitespace
portfolio/src/components/Header.js: {"insertSpaces":true,"tabSize":2}
portfolio/src/components/Header.js: Using EditorConfig core...
src/components/Header.js: editor.action.trimTrailingWhitespace
portfolio/src/components/Header.js: {"insertSpaces":true,"tabSize":2}
portfolio/src/components/Header.js: {"insertSpaces":true,"tabSize":2}
portfolio/src/components/Header.js: Using EditorConfig core...
src/components/Header.js: editor.action.trimTrailingWhitespace
portfolio/src/components/Header.js: {"insertSpaces":true,"tabSize":2}
portfolio/src/styles/GlobalStyles.js: {"insertSpaces":true,"tabSize":2}
portfolio/src/styles/GlobalStyles.js: Using EditorConfig core...
src/styles/GlobalStyles.js: editor.action.trimTrailingWhitespace
portfolio/src/styles/GlobalStyles.js: {"insertSpaces":true,"tabSize":2}
portfolio/src/styles/GlobalStyles.js: Using EditorConfig core...
src/styles/GlobalStyles.js: editor.action.trimTrailingWhitespace
portfolio/src/styles/GlobalStyles.js: {"insertSpaces":true,"tabSize":2}
portfolio/src/components/Header.js: {"insertSpaces":true,"tabSize":2}
portfolio/src/components/Header.js: {"insertSpaces":true,"tabSize":2}
portfolio/src/components/Header.js: Using EditorConfig core...
src/components/Header.js: editor.action.trimTrailingWhitespace
portfolio/src/components/Header.js: Using EditorConfig core...
src/components/Header.js: editor.action.trimTrailingWhitespace
portfolio/src/components/Header.js: {"insertSpaces":true,"tabSize":2}
portfolio/src/components/Header.js: Using EditorConfig core...
src/components/Header.js: editor.action.trimTrailingWhitespace
portfolio/src/components/Header.js: {"insertSpaces":true,"tabSize":2}
portfolio/src/components/Header.js: Using EditorConfig core...
src/components/Header.js: editor.action.trimTrailingWhitespace
portfolio/src/components/Header.js: {"insertSpaces":true,"tabSize":2}
portfolio/src/components/Header.js: {"insertSpaces":true,"tabSize":2}
portfolio/src/components/Header.js: Using EditorConfig core...
src/components/Header.js: editor.action.trimTrailingWhitespace
portfolio/src/components/Header.js: {"insertSpaces":true,"tabSize":2}
portfolio/src/components/Header.js: {"insertSpaces":true,"tabSize":2}
portfolio/src/components/Header.js: {"insertSpaces":true,"tabSize":2}
portfolio/src/components/Header.js: {"insertSpaces":true,"tabSize":2}
portfolio/src/components/Header.js: {"insertSpaces":true,"tabSize":2}
portfolio/src/components/Header.js: {"insertSpaces":true,"tabSize":2}
portfolio/src/components/Header.js: {"insertSpaces":true,"tabSize":2}
portfolio/src/components/Header.js: {"insertSpaces":true,"tabSize":2}
portfolio/src/components/Header.js: {"insertSpaces":true,"tabSize":2}
portfolio/src/components/Header.js: Using EditorConfig core...
portfolio/src/components/Header.js: Using EditorConfig core...
src/components/Header.js: editor.action.trimTrailingWhitespace
src/components/Header.js: editor.action.trimTrailingWhitespace
portfolio/src/components/Header.js: {"insertSpaces":true,"tabSize":2}
portfolio/src/components/Header.js: {"insertSpaces":true,"tabSize":2}
portfolio/src/components/Header.js: Using EditorConfig core...
src/components/Header.js: editor.action.trimTrailingWhitespace
portfolio/src/components/Header.js: {"insertSpaces":true,"tabSize":2}
portfolio/src/components/Header.js: Using EditorConfig core...
src/components/Header.js: editor.action.trimTrailingWhitespace
portfolio/src/components/Header.js: {"insertSpaces":true,"tabSize":2}
portfolio/src/styles/GlobalStyles.js: {"insertSpaces":true,"tabSize":2}
portfolio/src/styles/GlobalStyles.js: Using EditorConfig core...
src/styles/GlobalStyles.js: editor.action.trimTrailingWhitespace
portfolio/src/styles/GlobalStyles.js: Using EditorConfig core...
src/styles/GlobalStyles.js: editor.action.trimTrailingWhitespace
portfolio/src/styles/GlobalStyles.js: {"insertSpaces":true,"tabSize":2}
portfolio/src/styles/GlobalStyles.js: {"insertSpaces":true,"tabSize":2}
portfolio/src/components/Header.js: {"insertSpaces":true,"tabSize":2}
portfolio/src/components/Header.js: Using EditorConfig core...
src/components/Header.js: editor.action.trimTrailingWhitespace
portfolio/src/components/Header.js: {"insertSpaces":true,"tabSize":2}
portfolio/src/components/Header.js: Using EditorConfig core...
src/components/Header.js: editor.action.trimTrailingWhitespace
portfolio/src/components/Header.js: {"insertSpaces":true,"tabSize":2}
portfolio/src/components/Header.js: Using EditorConfig core...
src/components/Header.js: editor.action.trimTrailingWhitespace
portfolio/src/components/Header.js: {"insertSpaces":true,"tabSize":2}
portfolio/src/components/Header.js: {"insertSpaces":true,"tabSize":2}
portfolio/src/components/Header.js: {"insertSpaces":true,"tabSize":2}
portfolio/src/components/Header.js: {"insertSpaces":true,"tabSize":2}
portfolio/src/styles/GlobalStyles.js: {"insertSpaces":true,"tabSize":2}
portfolio/src/styles/GlobalStyles.js: Using EditorConfig core...
src/styles/GlobalStyles.js: editor.action.trimTrailingWhitespace
portfolio/src/styles/GlobalStyles.js: {"insertSpaces":true,"tabSize":2}
portfolio/src/styles/GlobalStyles.js: {"insertSpaces":true,"tabSize":2}
portfolio/src/components/Header.js: {"insertSpaces":true,"tabSize":2}
portfolio/src/components/Header.js: Using EditorConfig core...
portfolio/src/components/Header.js: Using EditorConfig core...
src/components/Header.js: editor.action.trimTrailingWhitespace
src/components/Header.js: editor.action.trimTrailingWhitespace
portfolio/src/components/Header.js: {"insertSpaces":true,"tabSize":2}
portfolio/src/components/Header.js: Using EditorConfig core...
src/components/Header.js: editor.action.trimTrailingWhitespace
portfolio/src/components/Header.js: {"insertSpaces":true,"tabSize":2}
portfolio/src/components/Header.js: Using EditorConfig core...
src/components/Header.js: editor.action.trimTrailingWhitespace
portfolio/src/components/Header.js: {"insertSpaces":true,"tabSize":2}
portfolio/src/components/Header.js: Using EditorConfig core...
src/components/Header.js: editor.action.trimTrailingWhitespace
portfolio/src/components/Header.js: {"insertSpaces":true,"tabSize":2}
portfolio/src/components/Header.js: Using EditorConfig core...
src/components/Header.js: editor.action.trimTrailingWhitespace
portfolio/src/components/Header.js: {"insertSpaces":true,"tabSize":2}
portfolio/src/components/Header.js: Using EditorConfig core...
src/components/Header.js: editor.action.trimTrailingWhitespace
portfolio/src/components/Header.js: {"insertSpaces":true,"tabSize":2}
portfolio/src/components/Header.js: Using EditorConfig core...
src/components/Header.js: editor.action.trimTrailingWhitespace
portfolio/src/components/Header.js: {"insertSpaces":true,"tabSize":2}
portfolio/src/components/Header.js: Using EditorConfig core...
src/components/Header.js: editor.action.trimTrailingWhitespace
portfolio/src/components/Header.js: {"insertSpaces":true,"tabSize":2}
portfolio/src/components/Header.js: Using EditorConfig core...
src/components/Header.js: editor.action.trimTrailingWhitespace
portfolio/src/components/Header.js: {"insertSpaces":true,"tabSize":2}
portfolio/src/components/Header.js: Using EditorConfig core...
src/components/Header.js: editor.action.trimTrailingWhitespace
portfolio/src/components/Header.js: {"insertSpaces":true,"tabSize":2}
portfolio/src/components/Header.js: Using EditorConfig core...
src/components/Header.js: editor.action.trimTrailingWhitespace
portfolio/src/components/Header.js: {"insertSpaces":true,"tabSize":2}
portfolio/src/components/Header.js: Using EditorConfig core...
src/components/Header.js: editor.action.trimTrailingWhitespace
portfolio/src/components/Header.js: {"insertSpaces":true,"tabSize":2}
portfolio/src/components/Header.js: Using EditorConfig core...
src/components/Header.js: editor.action.trimTrailingWhitespace
portfolio/src/components/Header.js: {"insertSpaces":true,"tabSize":2}
portfolio/src/components/Header.js: Using EditorConfig core...
src/components/Header.js: editor.action.trimTrailingWhitespace
portfolio/src/components/Header.js: {"insertSpaces":true,"tabSize":2}
portfolio/src/components/Header.js: {"insertSpaces":true,"tabSize":2}
portfolio/src/components/Header.js: Using EditorConfig core...
src/components/Header.js: editor.action.trimTrailingWhitespace
portfolio/src/components/Header.js: {"insertSpaces":true,"tabSize":2}
portfolio/src/components/Header.js: Using EditorConfig core...
src/components/Header.js: editor.action.trimTrailingWhitespace
portfolio/src/components/Header.js: {"insertSpaces":true,"tabSize":2}
portfolio/src/components/Header.js: Using EditorConfig core...
src/components/Header.js: editor.action.trimTrailingWhitespace
portfolio/src/components/Header.js: {"insertSpaces":true,"tabSize":2}
portfolio/src/components/Header.js: Using EditorConfig core...
src/components/Header.js: editor.action.trimTrailingWhitespace
portfolio/src/components/Header.js: {"insertSpaces":true,"tabSize":2}
portfolio/src/components/Header.js: Using EditorConfig core...
src/components/Header.js: editor.action.trimTrailingWhitespace
portfolio/src/components/Header.js: {"insertSpaces":true,"tabSize":2}
portfolio/src/components/Header.js: Using EditorConfig core...
src/components/Header.js: editor.action.trimTrailingWhitespace
portfolio/src/components/Header.js: {"insertSpaces":true,"tabSize":2}
portfolio/src/components/Header.js: Using EditorConfig core...
src/components/Header.js: editor.action.trimTrailingWhitespace
portfolio/src/components/Header.js: {"insertSpaces":true,"tabSize":2}
portfolio/src/components/Header.js: Using EditorConfig core...
src/components/Header.js: editor.action.trimTrailingWhitespace
portfolio/src/components/Header.js: {"insertSpaces":true,"tabSize":2}
portfolio/src/components/Header.js: Using EditorConfig core...
src/components/Header.js: editor.action.trimTrailingWhitespace
portfolio/src/components/Header.js: {"insertSpaces":true,"tabSize":2}
portfolio/src/components/Header.js: Using EditorConfig core...
src/components/Header.js: editor.action.trimTrailingWhitespace
portfolio/src/components/Header.js: {"insertSpaces":true,"tabSize":2}
portfolio/src/components/Header.js: Using EditorConfig core...
src/components/Header.js: editor.action.trimTrailingWhitespace
portfolio/src/components/Header.js: {"insertSpaces":true,"tabSize":2}
portfolio/src/components/Header.js: Using EditorConfig core...
src/components/Header.js: editor.action.trimTrailingWhitespace
portfolio/src/components/Header.js: {"insertSpaces":true,"tabSize":2}
portfolio/src/components/Header.js: Using EditorConfig core...
src/components/Header.js: editor.action.trimTrailingWhitespace
portfolio/src/components/Header.js: {"insertSpaces":true,"tabSize":2}
portfolio/src/components/Header.js: Using EditorConfig core...
src/components/Header.js: editor.action.trimTrailingWhitespace
portfolio/src/components/Header.js: {"insertSpaces":true,"tabSize":2}
portfolio/src/components/Header.js: {"insertSpaces":true,"tabSize":2}
portfolio/src/components/Header.js: {"insertSpaces":true,"tabSize":2}
portfolio/src/components/Header.js: Using EditorConfig core...
src/components/Header.js: editor.action.trimTrailingWhitespace
portfolio/src/components/Header.js: {"insertSpaces":true,"tabSize":2}
portfolio/src/components/Header.js: {"insertSpaces":true,"tabSize":2}
portfolio/src/components/Header.js: Using EditorConfig core...
src/components/Header.js: editor.action.trimTrailingWhitespace
portfolio/src/components/Header.js: {"insertSpaces":true,"tabSize":2}
portfolio/package.json: {"insertSpaces":true,"tabSize":2}
portfolio/package.json: {"insertSpaces":true,"tabSize":2}
portfolio/package.json: {"insertSpaces":true,"tabSize":2}
portfolio/package.json: {"insertSpaces":true,"tabSize":2}
portfolio/package.json: Using EditorConfig core...
package.json: editor.action.trimTrailingWhitespace
portfolio/src/components/Header.js: {"insertSpaces":true,"tabSize":2}
portfolio/src/components/Header.js: Using EditorConfig core...
src/components/Header.js: editor.action.trimTrailingWhitespace
portfolio/src/components/Header.js: Using EditorConfig core...
src/components/Header.js: editor.action.trimTrailingWhitespace
portfolio/src/components/Header.js: Using EditorConfig core...
src/components/Header.js: editor.action.trimTrailingWhitespace
portfolio/src/components/Header.js: Using EditorConfig core...
src/components/Header.js: editor.action.trimTrailingWhitespace
portfolio/src/components/Header.js: Using EditorConfig core...
src/components/Header.js: editor.action.trimTrailingWhitespace
portfolio/src/components/Header.js: Using EditorConfig core...
src/components/Header.js: editor.action.trimTrailingWhitespace
portfolio/src/components/Header.js: Using EditorConfig core...
src/components/Header.js: editor.action.trimTrailingWhitespace
portfolio/src/components/Blog.js: {"insertSpaces":true,"tabSize":2}
portfolio/src/components/Blog.js: Using EditorConfig core...
src/components/Blog.js: editor.action.trimTrailingWhitespace
src/components/Blog.js: insertFinalNewline(LF)
portfolio/src/components/Header.js: {"insertSpaces":true,"tabSize":2}
/home/dotnet/.config/Code/User/settings.json: {}
/home/dotnet/.config/Code/User/settings.json: {}
/home/dotnet/.config/Code/User/settings.json: Using EditorConfig core...
/home/dotnet/.config/Code/User/settings.json: {}
portfolio/src/components/Header.js: {"insertSpaces":true,"tabSize":2}
portfolio/src/components/Header.js: Using EditorConfig core...
src/components/Header.js: editor.action.trimTrailingWhitespace
portfolio/src/components/Header.js: Using EditorConfig core...
src/components/Header.js: editor.action.trimTrailingWhitespace
portfolio/src/components/Header.js: {"insertSpaces":true,"tabSize":2}
portfolio/src/components/Header.js: {"insertSpaces":true,"tabSize":2}
portfolio/package.json: {"insertSpaces":true,"tabSize":2}
portfolio/package.json: Using EditorConfig core...
package.json: editor.action.trimTrailingWhitespace
portfolio/package.json: {"insertSpaces":true,"tabSize":2}
portfolio/package.json: {"insertSpaces":true,"tabSize":2}
portfolio/package.json: {"insertSpaces":true,"tabSize":2}
portfolio/src/components/Header.js: {"insertSpaces":true,"tabSize":2}
portfolio/src/components/Header.js: Using EditorConfig core...
src/components/Header.js: editor.action.trimTrailingWhitespace
portfolio/src/components/Blog.js: {"insertSpaces":true,"tabSize":2}
portfolio/src/components/layout.js: {"insertSpaces":true,"tabSize":2}
portfolio/src/styles/GlobalStyles.js: {"insertSpaces":true,"tabSize":2}
portfolio/src/components/Header.js: {"insertSpaces":true,"tabSize":2}
portfolio/src/components/Header.js: {"insertSpaces":true,"tabSize":2}
portfolio/src/components/Header.js: Using EditorConfig core...
src/components/Header.js: editor.action.trimTrailingWhitespace
portfolio/src/components/Header.js: {"insertSpaces":true,"tabSize":2}
portfolio/src/components/Header.js: {"insertSpaces":true,"tabSize":2}
portfolio/src/components/Header.js: {"insertSpaces":true,"tabSize":2}
portfolio/src/components/Header.js: {"insertSpaces":true,"tabSize":2}
portfolio/src/components/Header.js: Using EditorConfig core...
src/components/Header.js: editor.action.trimTrailingWhitespace
portfolio/src/components/Header.js: {"insertSpaces":true,"tabSize":2}
portfolio/src/components/Header.js: {"insertSpaces":true,"tabSize":2}
portfolio/src/components/Header.js: {"insertSpaces":true,"tabSize":2}
portfolio/src/components/Header.js: Using EditorConfig core...
src/components/Header.js: editor.action.trimTrailingWhitespace
portfolio/src/components/Header.js: Using EditorConfig core...
src/components/Header.js: editor.action.trimTrailingWhitespace
portfolio/src/components/Header.js: {"insertSpaces":true,"tabSize":2}
portfolio/src/components/Header.js: Using EditorConfig core...
src/components/Header.js: editor.action.trimTrailingWhitespace
portfolio/src/components/Header.js: {"insertSpaces":true,"tabSize":2}
portfolio/src/components/Header.js: {"insertSpaces":true,"tabSize":2}
portfolio/src/components/Header.js: Using EditorConfig core...
src/components/Header.js: editor.action.trimTrailingWhitespace
portfolio/src/components/Header.js: {"insertSpaces":true,"tabSize":2}
portfolio/src/components/Header.js: {"insertSpaces":true,"tabSize":2}
portfolio/src/components/Header.js: Using EditorConfig core...
src/components/Header.js: editor.action.trimTrailingWhitespace
portfolio/src/components/Header.js: {"insertSpaces":true,"tabSize":2}
portfolio/src/components/Blog.js: {"insertSpaces":true,"tabSize":2}
portfolio/src/components/Header.js: Using EditorConfig core...
src/components/Header.js: trimTrailingWhitespace()
portfolio/src/components/Header.js: {"insertSpaces":true,"tabSize":2}
portfolio/src/components/Header.js: Using EditorConfig core...
src/components/Header.js: editor.action.trimTrailingWhitespace
portfolio/src/components/Header.js: Using EditorConfig core...
src/components/Header.js: editor.action.trimTrailingWhitespace
portfolio/src/components/Header.js: Using EditorConfig core...
src/components/Header.js: editor.action.trimTrailingWhitespace
portfolio/src/components/Header.js: {"insertSpaces":true,"tabSize":2}
portfolio/src/components/Header.js: Using EditorConfig core...
src/components/Header.js: editor.action.trimTrailingWhitespace
portfolio/src/components/Header.js: {"insertSpaces":true,"tabSize":2}
portfolio/src/components/Header.js: Using EditorConfig core...
src/components/Header.js: editor.action.trimTrailingWhitespace
portfolio/src/components/Header.js: {"insertSpaces":true,"tabSize":2}
portfolio/src/components/Header.js: {"insertSpaces":true,"tabSize":2}
portfolio/src/components/Header.js: Using EditorConfig core...
src/components/Header.js: editor.action.trimTrailingWhitespace
portfolio/src/components/Header.js: {"insertSpaces":true,"tabSize":2}
portfolio/src/components/Header.js: Using EditorConfig core...
src/components/Header.js: editor.action.trimTrailingWhitespace
portfolio/src/components/Header.js: {"insertSpaces":true,"tabSize":2}
portfolio/src/components/Header.js: Using EditorConfig core...
src/components/Header.js: editor.action.trimTrailingWhitespace
portfolio/src/components/Header.js: {"insertSpaces":true,"tabSize":2}
portfolio/src/components/Header.js: Using EditorConfig core...
src/components/Header.js: editor.action.trimTrailingWhitespace
portfolio/src/components/Header.js: {"insertSpaces":true,"tabSize":2}
portfolio/src/components/Header.js: Using EditorConfig core...
src/components/Header.js: editor.action.trimTrailingWhitespace
portfolio/src/components/Header.js: {"insertSpaces":true,"tabSize":2}
portfolio/src/components/Header.js: Using EditorConfig core...
src/components/Header.js: editor.action.trimTrailingWhitespace
portfolio/src/components/Header.js: {"insertSpaces":true,"tabSize":2}
portfolio/src/components/Header.js: Using EditorConfig core...
src/components/Header.js: editor.action.trimTrailingWhitespace
portfolio/src/components/Header.js: {"insertSpaces":true,"tabSize":2}
portfolio/src/components/Header.js: Using EditorConfig core...
src/components/Header.js: editor.action.trimTrailingWhitespace
portfolio/src/components/Header.js: {"insertSpaces":true,"tabSize":2}
portfolio/src/components/Header.js: Using EditorConfig core...
src/components/Header.js: editor.action.trimTrailingWhitespace
portfolio/src/components/Header.js: {"insertSpaces":true,"tabSize":2}
portfolio/src/components/Header.js: {"insertSpaces":true,"tabSize":2}
portfolio/src/components/Header.js: Using EditorConfig core...
src/components/Header.js: editor.action.trimTrailingWhitespace
portfolio/src/components/Header.js: {"insertSpaces":true,"tabSize":2}
portfolio/src/components/Header.js: {"insertSpaces":true,"tabSize":2}
portfolio/src/components/Header.js: Using EditorConfig core...
src/components/Header.js: editor.action.trimTrailingWhitespace
portfolio/src/components/Header.js: {"insertSpaces":true,"tabSize":2}
portfolio/src/components/Header.js: Using EditorConfig core...
src/components/Header.js: editor.action.trimTrailingWhitespace
portfolio/src/components/Header.js: {"insertSpaces":true,"tabSize":2}
portfolio/src/components/Header.js: {"insertSpaces":true,"tabSize":2}
portfolio/src/components/Header.js: Using EditorConfig core...
src/components/Header.js: editor.action.trimTrailingWhitespace
portfolio/src/components/Header.js: {"insertSpaces":true,"tabSize":2}
portfolio/src/components/Header.js: Using EditorConfig core...
src/components/Header.js: editor.action.trimTrailingWhitespace
portfolio/src/components/Header.js: {"insertSpaces":true,"tabSize":2}
portfolio/src/components/Header.js: {"insertSpaces":true,"tabSize":2}
portfolio/src/components/Header.js: {"insertSpaces":true,"tabSize":2}
portfolio/src/components/Header.js: Using EditorConfig core...
src/components/Header.js: editor.action.trimTrailingWhitespace
portfolio/src/components/Header.js: {"insertSpaces":true,"tabSize":2}
portfolio/src/components/Header.js: {"insertSpaces":true,"tabSize":2}
portfolio/src/components/Header.js: {"insertSpaces":true,"tabSize":2}
portfolio/src/components/Header.js: Using EditorConfig core...
src/components/Header.js: editor.action.trimTrailingWhitespace
portfolio/src/components/Header.js: {"insertSpaces":true,"tabSize":2}
portfolio/src/components/Header.js: Using EditorConfig core...
src/components/Header.js: editor.action.trimTrailingWhitespace
portfolio/src/components/Header.js: Using EditorConfig core...
src/components/Header.js: editor.action.trimTrailingWhitespace
portfolio/src/components/Header.js: {"insertSpaces":true,"tabSize":2}
portfolio/src/components/Header.js: {"insertSpaces":true,"tabSize":2}
portfolio/src/components/Header.js: {"insertSpaces":true,"tabSize":2}
portfolio/src/components/Header.js: {"insertSpaces":true,"tabSize":2}
portfolio/src/components/Header.js: {"insertSpaces":true,"tabSize":2}
portfolio/src/components/Header.js: {"insertSpaces":true,"tabSize":2}
portfolio/src/components/Header.js: {"insertSpaces":true,"tabSize":2}
portfolio/src/components/Header.js: {"insertSpaces":true,"tabSize":2}
portfolio/src/components/Header.js: {"insertSpaces":true,"tabSize":2}
portfolio/src/components/Header.js: Using EditorConfig core...
src/components/Header.js: editor.action.trimTrailingWhitespace
portfolio/src/components/Header.js: {"insertSpaces":true,"tabSize":2}
portfolio/src/components/Header.js: {"insertSpaces":true,"tabSize":2}
portfolio/src/components/Header.js: Using EditorConfig core...
src/components/Header.js: editor.action.trimTrailingWhitespace
portfolio/src/components/Header.js: {"insertSpaces":true,"tabSize":2}
portfolio/src/components/Header.js: {"insertSpaces":true,"tabSize":2}
portfolio/src/components/Header.js: Using EditorConfig core...
src/components/Header.js: editor.action.trimTrailingWhitespace
portfolio/src/components/Header.js: {"insertSpaces":true,"tabSize":2}
portfolio/src/components/Header.js: Using EditorConfig core...
src/components/Header.js: editor.action.trimTrailingWhitespace
portfolio/src/components/Header.js: {"insertSpaces":true,"tabSize":2}
portfolio/src/components/Header.js: {"insertSpaces":true,"tabSize":2}
portfolio/src/components/Header.js: Using EditorConfig core...
src/components/Header.js: editor.action.trimTrailingWhitespace
portfolio/src/components/Header.js: {"insertSpaces":true,"tabSize":2}
portfolio/src/components/Header.js: {"insertSpaces":true,"tabSize":2}
portfolio/src/components/Header.js: Using EditorConfig core...
src/components/Header.js: editor.action.trimTrailingWhitespace
portfolio/src/components/Header.js: {"insertSpaces":true,"tabSize":2}
portfolio/src/components/Header.js: {"insertSpaces":true,"tabSize":2}
portfolio/src/components/Header.js: {"insertSpaces":true,"tabSize":2}
portfolio/src/components/Header.js: {"insertSpaces":true,"tabSize":2}
portfolio/src/components/Header.js: Using EditorConfig core...
src/components/Header.js: editor.action.trimTrailingWhitespace
portfolio/src/components/Header.js: {"insertSpaces":true,"tabSize":2}
portfolio/src/components/Header.js: {"insertSpaces":true,"tabSize":2}
portfolio/src/components/Header.js: Using EditorConfig core...
src/components/Header.js: editor.action.trimTrailingWhitespace
portfolio/src/components/Header.js: {"insertSpaces":true,"tabSize":2}
portfolio/src/components/Header.js: Using EditorConfig core...
src/components/Header.js: editor.action.trimTrailingWhitespace
portfolio/src/components/Header.js: {"insertSpaces":true,"tabSize":2}
portfolio/src/components/Header.js: Using EditorConfig core...
src/components/Header.js: editor.action.trimTrailingWhitespace
portfolio/src/components/Header.js: {"insertSpaces":true,"tabSize":2}
portfolio/src/components/Header.js: Using EditorConfig core...
src/components/Header.js: editor.action.trimTrailingWhitespace
portfolio/src/components/Header.js: {"insertSpaces":true,"tabSize":2}
portfolio/src/components/Header.js: {"insertSpaces":true,"tabSize":2}
portfolio/src/components/Header.js: Using EditorConfig core...
src/components/Header.js: editor.action.trimTrailingWhitespace
portfolio/src/components/Header.js: {"insertSpaces":true,"tabSize":2}
portfolio/src/components/Header.js: Using EditorConfig core...
src/components/Header.js: editor.action.trimTrailingWhitespace
portfolio/src/components/Header.js: {"insertSpaces":true,"tabSize":2}
portfolio/src/components/Header.js: {"insertSpaces":true,"tabSize":2}
portfolio/src/components/Header.js: Using EditorConfig core...
src/components/Header.js: editor.action.trimTrailingWhitespace
portfolio/src/components/Header.js: {"insertSpaces":true,"tabSize":2}
portfolio/src/components/Header.js: Using EditorConfig core...
src/components/Header.js: editor.action.trimTrailingWhitespace
portfolio/src/components/Header.js: {"insertSpaces":true,"tabSize":2}
portfolio/src/components/Header.js: Using EditorConfig core...
src/components/Header.js: editor.action.trimTrailingWhitespace
portfolio/src/components/Header.js: {"insertSpaces":true,"tabSize":2}
portfolio/src/components/Header.js: Using EditorConfig core...
src/components/Header.js: editor.action.trimTrailingWhitespace
portfolio/src/components/Header.js: {"insertSpaces":true,"tabSize":2}
portfolio/src/components/Header.js: {"insertSpaces":true,"tabSize":2}
portfolio/src/components/Header.js: {"insertSpaces":true,"tabSize":2}
portfolio/src/components/Header.js: Using EditorConfig core...
src/components/Header.js: editor.action.trimTrailingWhitespace
portfolio/src/components/Header.js: {"insertSpaces":true,"tabSize":2}
portfolio/src/components/Header.js: Using EditorConfig core...
src/components/Header.js: editor.action.trimTrailingWhitespace
portfolio/src/components/Header.js: {"insertSpaces":true,"tabSize":2}
portfolio/src/components/Header.js: Using EditorConfig core...
src/components/Header.js: editor.action.trimTrailingWhitespace
portfolio/src/components/Header.js: {"insertSpaces":true,"tabSize":2}
portfolio/src/components/Header.js: Using EditorConfig core...
src/components/Header.js: editor.action.trimTrailingWhitespace
portfolio/src/components/Header.js: {"insertSpaces":true,"tabSize":2}
portfolio/src/components/Header.js: {"insertSpaces":true,"tabSize":2}
portfolio/src/components/Header.js: {"insertSpaces":true,"tabSize":2}
portfolio/src/components/Blog.js: {"insertSpaces":true,"tabSize":2}
portfolio/src/components/Header.js: {"insertSpaces":true,"tabSize":2}
portfolio/src/pages/index.js: {"insertSpaces":true,"tabSize":2}
portfolio/src/components/Blog.js: {"insertSpaces":true,"tabSize":2}
portfolio/src/components/Header.js: {"insertSpaces":true,"tabSize":2}
portfolio/src/components/Header.js: {"insertSpaces":true,"tabSize":2}
portfolio/src/components/Blog.js: {"insertSpaces":true,"tabSize":2}
portfolio/src/components/layout.js: {"insertSpaces":true,"tabSize":2}
portfolio/src/components/Footer.js: {"insertSpaces":true,"tabSize":2}
portfolio/src/components/layout.js: {"insertSpaces":true,"tabSize":2}
portfolio/src/components/layout.js: Using EditorConfig core...
src/components/layout.js: editor.action.trimTrailingWhitespace
portfolio/src/components/layout.js: {"insertSpaces":true,"tabSize":2}
portfolio/src/components/layout.js: {"insertSpaces":true,"tabSize":2}
portfolio/src/styles/GlobalStyles.js: {"insertSpaces":true,"tabSize":2}
portfolio/src/components/layout.js: {"insertSpaces":true,"tabSize":2}
portfolio/src/components/layout.js: {"insertSpaces":true,"tabSize":2}
portfolio/src/components/Header.js: {"insertSpaces":true,"tabSize":2}
portfolio/src/components/layout.js: {"insertSpaces":true,"tabSize":2}
portfolio/src/components/Header.js: Using EditorConfig core...
src/components/Header.js: trimTrailingWhitespace()
portfolio/src/styles/GlobalStyles.js: {"insertSpaces":true,"tabSize":2}
portfolio/src/components/layout.js: {"insertSpaces":true,"tabSize":2}
portfolio/src/components/layout.js: {"insertSpaces":true,"tabSize":2}
portfolio/src/styles/GlobalStyles.js: {"insertSpaces":true,"tabSize":2}
portfolio/src/pages/index.js: {"insertSpaces":true,"tabSize":2}
portfolio/src/pages/index.js: Using EditorConfig core...
src/pages/index.js: editor.action.trimTrailingWhitespace
portfolio/src/pages/index.js: {"insertSpaces":true,"tabSize":2}
portfolio/src/pages/index.js: {"insertSpaces":true,"tabSize":2}
portfolio/src/pages/index.js: {"insertSpaces":true,"tabSize":2}
portfolio/src/pages/index.js: {"insertSpaces":true,"tabSize":2}
portfolio/src/components/layout.js: {"insertSpaces":true,"tabSize":2}
portfolio/src/components/layout.js: {"insertSpaces":true,"tabSize":2}
portfolio/src/components/layout.js: {"insertSpaces":true,"tabSize":2}
portfolio/src/components/layout.js: {"insertSpaces":true,"tabSize":2}
portfolio/src/components/layout.js: {"insertSpaces":true,"tabSize":2}
portfolio/src/components/layout.js: {"insertSpaces":true,"tabSize":2}
portfolio/src/components/layout.js: {"insertSpaces":true,"tabSize":2}
portfolio/src/components/layout.js: {"insertSpaces":true,"tabSize":2}
portfolio/src/components/layout.js: {"insertSpaces":true,"tabSize":2}
portfolio/src/components/layout.js: {"insertSpaces":true,"tabSize":2}
portfolio/src/components/layout.js: {"insertSpaces":true,"tabSize":2}
portfolio/src/components/layout.js: {"insertSpaces":true,"tabSize":2}
portfolio/src/components/layout.js: {"insertSpaces":true,"tabSize":2}
portfolio/src/components/layout.js: {"insertSpaces":true,"tabSize":2}
portfolio/src/components/layout.js: {"insertSpaces":true,"tabSize":2}
portfolio/src/components/layout.js: {"insertSpaces":true,"tabSize":2}
portfolio/src/components/layout.js: {"insertSpaces":true,"tabSize":2}
portfolio/src/components/layout.js: {"insertSpaces":true,"tabSize":2}
portfolio/src/components/layout.js: {"insertSpaces":true,"tabSize":2}
portfolio/src/styles/GlobalStyles.js: {"insertSpaces":true,"tabSize":2}
portfolio/src/components/layout.js: {"insertSpaces":true,"tabSize":2}
portfolio/src/components/layout.js: {"insertSpaces":true,"tabSize":2}
portfolio/src/styles/GlobalStyles.js: {"insertSpaces":true,"tabSize":2}
portfolio/src/pages/index.js: {"insertSpaces":true,"tabSize":2}
portfolio/src/pages/index.js: Using EditorConfig core...
src/pages/index.js: editor.action.trimTrailingWhitespace
portfolio/src/pages/index.js: {"insertSpaces":true,"tabSize":2}
portfolio/src/components/Blog.js: {"insertSpaces":true,"tabSize":2}
portfolio/src/components/Blog.js: Using EditorConfig core...
src/components/Blog.js: editor.action.trimTrailingWhitespace
portfolio/src/components/Blog.js: {"insertSpaces":true,"tabSize":2}
portfolio/src/components/Blog.js: {"insertSpaces":true,"tabSize":2}
portfolio/src/components/Blog.js: {"insertSpaces":true,"tabSize":2}
portfolio/src/components/Blog.js: {"insertSpaces":true,"tabSize":2}
portfolio/src/components/Blog.js: {"insertSpaces":true,"tabSize":2}
portfolio/src/components/Blog.js: {"insertSpaces":true,"tabSize":2}
portfolio/src/components/Blog.js: Using EditorConfig core...
src/components/Blog.js: editor.action.trimTrailingWhitespace
portfolio/src/components/Blog.js: {"insertSpaces":true,"tabSize":2}
portfolio/src/components/Blog.js: {"insertSpaces":true,"tabSize":2}
portfolio/src/components/Blog.js: Using EditorConfig core...
src/components/Blog.js: editor.action.trimTrailingWhitespace
portfolio/src/components/Blog.js: {"insertSpaces":true,"tabSize":2}
portfolio/src/components/Blog.js: Using EditorConfig core...
src/components/Blog.js: editor.action.trimTrailingWhitespace
portfolio/src/components/Blog.js: {"insertSpaces":true,"tabSize":2}
portfolio/src/components/Blog.js: Using EditorConfig core...
src/components/Blog.js: editor.action.trimTrailingWhitespace
portfolio/src/components/Blog.js: {"insertSpaces":true,"tabSize":2}
portfolio/src/components/Blog.js: Using EditorConfig core...
src/components/Blog.js: editor.action.trimTrailingWhitespace
portfolio/src/components/Blog.js: {"insertSpaces":true,"tabSize":2}
portfolio/src/components/Blog.js: {"insertSpaces":true,"tabSize":2}
portfolio/src/components/Blog.js: {"insertSpaces":true,"tabSize":2}
portfolio/src/components/Blog.js: Using EditorConfig core...
src/components/Blog.js: editor.action.trimTrailingWhitespace
portfolio/src/components/Blog.js: {"insertSpaces":true,"tabSize":2}
portfolio/src/components/Blog.js: Using EditorConfig core...
src/components/Blog.js: editor.action.trimTrailingWhitespace
portfolio/src/components/Blog.js: {"insertSpaces":true,"tabSize":2}
portfolio/src/components/Blog.js: Using EditorConfig core...
src/components/Blog.js: editor.action.trimTrailingWhitespace
portfolio/src/components/Blog.js: {"insertSpaces":true,"tabSize":2}
portfolio/src/components/Blog.js: {"insertSpaces":true,"tabSize":2}
portfolio/src/components/Blog.js: Using EditorConfig core...
src/components/Blog.js: editor.action.trimTrailingWhitespace
portfolio/src/components/Blog.js: {"insertSpaces":true,"tabSize":2}
portfolio/src/components/Blog.js: {"insertSpaces":true,"tabSize":2}
portfolio/src/components/Blog.js: Using EditorConfig core...
src/components/Blog.js: editor.action.trimTrailingWhitespace
portfolio/src/components/Blog.js: Using EditorConfig core...
src/components/Blog.js: editor.action.trimTrailingWhitespace
portfolio/src/components/Blog.js: {"insertSpaces":true,"tabSize":2}
portfolio/src/components/Blog.js: Using EditorConfig core...
src/components/Blog.js: editor.action.trimTrailingWhitespace
portfolio/src/components/Blog.js: Using EditorConfig core...
src/components/Blog.js: editor.action.trimTrailingWhitespace
src/components/Blog.js: insertFinalNewline(LF)
portfolio/src/components/Blog.js: {"insertSpaces":true,"tabSize":2}
portfolio/src/components/Blog.js: Using EditorConfig core...
src/components/Blog.js: editor.action.trimTrailingWhitespace
portfolio/src/components/Blog.js: {"insertSpaces":true,"tabSize":2}
portfolio/src/components/Blog.js: {"insertSpaces":true,"tabSize":2}
portfolio/src/components/Blog.js: {"insertSpaces":true,"tabSize":2}
portfolio/src/components/Blog.js: Using EditorConfig core...
src/components/Blog.js: editor.action.trimTrailingWhitespace
portfolio/src/components/Blog.js: {"insertSpaces":true,"tabSize":2}
portfolio/src/components/Blog.js: Using EditorConfig core...
src/components/Blog.js: editor.action.trimTrailingWhitespace
portfolio/src/components/Blog.js: Using EditorConfig core...
src/components/Blog.js: editor.action.trimTrailingWhitespace
portfolio/src/components/Blog.js: {"insertSpaces":true,"tabSize":2}
portfolio/src/components/Blog.js: {"insertSpaces":true,"tabSize":2}
portfolio/src/components/Blog.js: Using EditorConfig core...
src/components/Blog.js: editor.action.trimTrailingWhitespace
portfolio/src/components/Blog.js: {"insertSpaces":true,"tabSize":2}
portfolio/src/components/Blog.js: {"insertSpaces":true,"tabSize":2}
portfolio/src/components/Blog.js: Using EditorConfig core...
src/components/Blog.js: editor.action.trimTrailingWhitespace
portfolio/src/components/Blog.js: {"insertSpaces":true,"tabSize":2}
portfolio/src/components/Blog.js: Using EditorConfig core...
src/components/Blog.js: editor.action.trimTrailingWhitespace
portfolio/src/components/Blog.js: {"insertSpaces":true,"tabSize":2}
portfolio/src/components/Blog.js: Using EditorConfig core...
src/components/Blog.js: editor.action.trimTrailingWhitespace
portfolio/src/components/Blog.js: {"insertSpaces":true,"tabSize":2}
portfolio/src/components/Blog.js: {"insertSpaces":true,"tabSize":2}
portfolio/src/components/Blog.js: Using EditorConfig core...
src/components/Blog.js: editor.action.trimTrailingWhitespace
portfolio/src/components/Blog.js: {"insertSpaces":true,"tabSize":2}
portfolio/src/components/Blog.js: Using EditorConfig core...
src/components/Blog.js: editor.action.trimTrailingWhitespace
