Initializing document watcher...
portfolio-gatspy/src/pages/index.js: {}
portfolio-gatspy/src/pages/index.js: {}
portfolio-gatspy/src/pages/index.js: {}
portfolio-gatspy/package.json: {}
portfolio-gatspy/package.json: {}
portfolio-gatspy/package.json: {}
portfolio-gatspy/package.json: {}
portfolio-gatspy/package.json: {}
portfolio-gatspy/package.json: {}
portfolio-gatspy/package.json: {}
portfolio-gatspy/package.json: {}
portfolio-gatspy/package.json: {}
portfolio-gatspy/package.json: Using EditorConfig core...
portfolio-gatspy/package.json: {}
portfolio-gatspy/package.json: {}
portfolio-gatspy/package.json: {}
portfolio-gatspy/package.json: {}
portfolio-gatspy/package.json: {}
portfolio-gatspy/package.json: {}
portfolio-gatspy/package.json: {}
portfolio-gatspy/package.json: {}
portfolio-gatspy/package.json: {}
portfolio-gatspy/package.json: {}
portfolio-gatspy/package.json: {}
portfolio-gatspy/package.json: {}
portfolio-gatspy/package.json: {}
portfolio-gatspy/package.json: {}
portfolio-gatspy/package.json: {}
portfolio-gatspy/package.json: {}
portfolio-gatspy/package.json: {}
portfolio-gatspy/package.json: {}
portfolio-gatspy/package.json: {}
portfolio-gatspy/package.json: {}
portfolio-gatspy/package.json: {}
portfolio-gatspy/package.json: {}
portfolio-gatspy/package.json: {}
portfolio-gatspy/package.json: {}
portfolio-gatspy/package.json: {}
portfolio-gatspy/package.json: {}
portfolio-gatspy/package.json: {}
portfolio-gatspy/package.json: {}
portfolio-gatspy/gatsby-ssr.js: {}
portfolio-gatspy/gatsby-node.js: {}
portfolio-gatspy/gatsby-config.js: {}
portfolio-gatspy/gatsby-browser.js: {}
portfolio-gatspy/gatsby-config.js: {}
portfolio-gatspy/gatsby-config.js: {}
portfolio-gatspy/postcss.config.js: {}
portfolio-gatspy/gatsby-config.js: {}
portfolio-gatspy/gatsby-config.js: {}
portfolio-gatspy/postcss.config.js: {}
portfolio-gatspy/postcss.config.js: {}
portfolio-gatspy/gatsby-config.js: {}
portfolio-gatspy/gatsby-config.js: {}
portfolio-gatspy/gatsby-config.js: {}
portfolio-gatspy/gatsby-config.js: {}
portfolio-gatspy/postcss.config.js: {}
portfolio-gatspy/postcss.config.js: {}
portfolio-gatspy/package.json: {}
portfolio-gatspy/package.json: {}
portfolio-gatspy/package.json: {}
portfolio-gatspy/src/components/Projects.js: {}
portfolio-gatspy/src/components/Projects.js: Using EditorConfig core...
portfolio-gatspy/src/components/Projects.js: {}
portfolio-gatspy/src/components/Projects.js: {}
portfolio-gatspy/src/components/Projects.js: {}
portfolio-gatspy/src/components/Projects.js: {}
portfolio-gatspy/src/components/Projects.js: {}
portfolio-gatspy/src/components/Projects.js: {}
portfolio-gatspy/src/components/layout.js: {}
portfolio-gatspy/src/components/layout.js: {}
portfolio-gatspy/src/components/Projects.js: {}
portfolio-gatspy/src/components/Projects.js: {}
portfolio-gatspy/package.json: {}
portfolio-gatspy/package.json: {}
portfolio-gatspy/package.json: {}
portfolio-gatspy/package.json: {}
portfolio-gatspy/package.json: {}
portfolio-gatspy/package.json: {}
portfolio-gatspy/package.json: {}
portfolio-gatspy/package.json: {}
portfolio-gatspy/package.json: {}
portfolio-gatspy/package.json: {}
portfolio-gatspy/gatsby-node.js: {}
portfolio-gatspy/gatsby-ssr.js: {}
portfolio-gatspy/gatsby-config.js: {}
portfolio-gatspy/gatsby-ssr.js: {}
portfolio-gatspy/gatsby-browser.js: {}
portfolio-gatspy/gatsby-browser.js: {}
portfolio-gatspy/gatsby-browser.js: {}
portfolio-gatspy/gatsby-browser.js: {}
portfolio-gatspy/gatsby-browser.js: {}
portfolio-gatspy/gatsby-node.js: {}
portfolio-gatspy/gatsby-ssr.js: {}
portfolio-gatspy/src/pages/index.js: {}
portfolio-gatspy/src/components/Main.js: {}
portfolio-gatspy/src/components/Main.js: Using EditorConfig core...
portfolio-gatspy/src/components/Main.js: {}
portfolio-gatspy/src/components/About.js: {}
portfolio-gatspy/src/components/About.js: {}
portfolio-gatspy/src/components/About.js: {}
portfolio-gatspy/src/components/Main.js: {}
portfolio-gatspy/src/components/About.js: {}
portfolio-gatspy/src/components/Main.js: {}
portfolio-gatspy/src/components/Main.js: {}
portfolio-gatspy/src/components/Main.js: {}
portfolio-gatspy/src/components/Main.js: {}
portfolio-gatspy/src/components/Main.js: {}
portfolio-gatspy/src/components/Main.js: {}
portfolio-gatspy/src/components/Main.js: {}
portfolio-gatspy/src/components/Main.js: {}
portfolio-gatspy/src/components/Main.js: {}
portfolio-gatspy/src/components/Main.js: {}
portfolio-gatspy/src/components/Main.js: {}
portfolio-gatspy/src/components/Main.js: {}
