Initializing document watcher...
MyAppTypeScript/App.tsx: {}
MyAppTypeScript/App.tsx: Using EditorConfig core...
MyAppTypeScript/App.tsx: Using EditorConfig core...
MyAppTypeScript/App.tsx: Using EditorConfig core...
MyAppTypeScript/App.tsx: Using EditorConfig core...
MyAppTypeScript/App.tsx: Using EditorConfig core...
MyAppTypeScript/App.tsx: {}
MyAppTypeScript/package.json: {}
MyAppTypeScript/package.json: {}
MyAppTypeScript/babel.config.js: {}
MyAppTypeScript/App.tsx: {}
MyAppTypeScript/App.tsx: Using EditorConfig core...
/home/dotnet/.config/Code/User/settings.json: {}
/home/dotnet/.config/Code/User/settings.json: Using EditorConfig core...
MyAppTypeScript/App.tsx: {}
MyAppTypeScript/App.tsx: Using EditorConfig core...
MyAppTypeScript/App.tsx: {}
MyAppTypeScript/App.tsx: {}
MyAppTypeScript/App.tsx: {}
MyAppTypeScript/App.tsx: {}
MyAppTypeScript/App.tsx: {}
MyAppTypeScript/App.tsx: {}
MyAppTypeScript/App.tsx: {}
MyAppTypeScript/App.tsx: {}
MyAppTypeScript/App.tsx: {}
MyAppTypeScript/App.tsx: {}
MyAppTypeScript/App.tsx: {}
MyAppTypeScript/App.tsx: {}
MyAppTypeScript/App.tsx: {}
MyAppTypeScript/App.tsx: {}
MyAppTypeScript/App.tsx: {}
MyAppTypeScript/App.tsx: {}
MyAppTypeScript/App.tsx: {}
MyAppTypeScript/App.tsx: {}
MyAppTypeScript/index.js: {}
MyAppTypeScript/index.js: {}
MyAppTypeScript/App.tsx: {}
MyAppTypeScript/App.tsx: {}
No more open editors.
MyAppTypeScript/src/App.tsx: {}
MyAppTypeScript/src/App.tsx: {}
MyAppTypeScript/src/App.tsx: {}
MyAppTypeScript/index.js: Using EditorConfig core...
MyAppTypeScript/__tests__/App-test.tsx: Using EditorConfig core...
MyAppTypeScript/src/App.tsx: {}
MyAppTypeScript/src/App.tsx: {}
MyAppTypeScript/src/App.tsx: {}
MyAppTypeScript/babel.config.js: {}
MyAppTypeScript/tsconfig.json: {}
MyAppTypeScript/index.js: {}
MyAppTypeScript/babel.config.js: {}
MyAppTypeScript/src/App.tsx: {}
MyAppTypeScript/src/App.tsx: {}
MyAppTypeScript/src/App.tsx: {}
MyAppTypeScript/src/App.tsx: {}
MyAppTypeScript/src/App.tsx: {}
MyAppTypeScript/src/App.tsx: {}
MyAppTypeScript/src/App.tsx: Using EditorConfig core...
MyAppTypeScript/src/App.tsx: {}
MyAppTypeScript/index.js: {}
MyAppTypeScript/__tests__/App-test.tsx: {}
MyAppTypeScript/__tests__/App-test.tsx: {}
MyAppTypeScript/src/App.tsx: {}
MyAppTypeScript/src/App.tsx: {}
MyAppTypeScript/src/App.tsx: {}
MyAppTypeScript/src/App.tsx: {}
MyAppTypeScript/src/App.tsx: {}
MyAppTypeScript/src/navigation/AppNavigation.tsx: {}
MyAppTypeScript/src/navigation/AppNavigation.tsx: Using EditorConfig core...
MyAppTypeScript/src/navigation/AppNavigation.tsx: {}
MyAppTypeScript/src/navigation/AppNavigation.tsx: {}
MyAppTypeScript/src/navigation/AppNavigation.tsx: {}
MyAppTypeScript/src/navigation/index.tsx: {}
MyAppTypeScript/src/navigation/index.tsx: Using EditorConfig core...
MyAppTypeScript/src/navigation/index.tsx: Using EditorConfig core...
MyAppTypeScript/src/navigation/index.tsx: {}
MyAppTypeScript/src/navigation/index.tsx: {}
MyAppTypeScript/src/navigation/index.tsx: {}
MyAppTypeScript/src/components/TabBar.tsx: {}
MyAppTypeScript/src/components/TabBar.tsx: Using EditorConfig core...
MyAppTypeScript/package.json: {}
MyAppTypeScript/package.json: {}
MyAppTypeScript/package.json: Using EditorConfig core...
MyAppTypeScript/package.json: Using EditorConfig core...
MyAppTypeScript/package.json: {}
MyAppTypeScript/package.json: {}
MyAppTypeScript/package.json: {}
MyAppTypeScript/src/components/TabBar.tsx: {}
MyAppTypeScript/src/components/TabBar.tsx: {}
MyAppTypeScript/src/components/TabBar.tsx: Using EditorConfig core...
MyAppTypeScript/src/components/TabBar.tsx: {}
MyAppTypeScript/src/components/TabBar.tsx: Using EditorConfig core...
MyAppTypeScript/src/components/TabBar.tsx: {}
MyAppTypeScript/src/components/TabBar.tsx: Using EditorConfig core...
MyAppTypeScript/src/components/TabBar.tsx: {}
MyAppTypeScript/src/components/TabBar.tsx: {}
MyAppTypeScript/index.js: {}
MyAppTypeScript/src/navigation/index.tsx: {}
MyAppTypeScript/src/navigation/index.tsx: {}
MyAppTypeScript/src/navigation/index.tsx: Using EditorConfig core...
MyAppTypeScript/src/navigation/index.tsx: Using EditorConfig core...
MyAppTypeScript/src/navigation/index.tsx: {}
MyAppTypeScript/src/navigation/index.tsx: {}
MyAppTypeScript/src/navigation/index.tsx: {}
MyAppTypeScript/src/navigation/index.tsx: {}
