Looking for git in: git
Using git 2.31.1 from git
> git rev-parse --git-dir
Open repository: /home/dotnet/Dev/portfolio
> git fetch
> git status -z -u
> git symbolic-ref --short HEAD
> git for-each-ref --format=%(refname)%00%(upstream:short)%00%(upstream:track)%00%(objectname) refs/heads/alispit-tel refs/remotes/alispit-tel
> git for-each-ref --sort -committerdate --format %(refname) %(objectname) %(*objectname)
> git remote --verbose
> git config --get commit.template
> git check-ignore -v -z --stdin
> git show --textconv :frontend/src/components/seo.js
> git ls-files --stage -- /home/dotnet/Dev/portfolio/frontend/src/components/seo.js
> git cat-file -s c735177208598661003c11a65915064dc92363de
> git ls-files --stage -- /home/dotnet/Dev/portfolio/frontend/src/components/seo.js
> git cat-file -s c735177208598661003c11a65915064dc92363de
> git show --textconv :frontend/src/components/seo.js
> git status -z -u
> git symbolic-ref --short HEAD
> git for-each-ref --format=%(refname)%00%(upstream:short)%00%(upstream:track)%00%(objectname) refs/heads/alispit-tel refs/remotes/alispit-tel
> git for-each-ref --sort -committerdate --format %(refname) %(objectname) %(*objectname)
> git remote --verbose
> git config --get commit.template
> git ls-files --stage -- /home/dotnet/Dev/portfolio/frontend/src/components/seo.js
> git cat-file -s c735177208598661003c11a65915064dc92363de
> git show --textconv :frontend/src/components/seo.js
> git show --textconv :frontend/src/components/Blog.js
> git ls-files --stage -- /home/dotnet/Dev/portfolio/frontend/src/components/Blog.js
> git cat-file -s 614c8c9aa1712847c5ad60aeec99dba671f0ca83
> git status -z -u
> git symbolic-ref --short HEAD
> git for-each-ref --format=%(refname)%00%(upstream:short)%00%(upstream:track)%00%(objectname) refs/heads/alispit-tel refs/remotes/alispit-tel
> git for-each-ref --sort -committerdate --format %(refname) %(objectname) %(*objectname)
> git remote --verbose
> git config --get commit.template
> git status -z -u
> git symbolic-ref --short HEAD
> git for-each-ref --format=%(refname)%00%(upstream:short)%00%(upstream:track)%00%(objectname) refs/heads/alispit-tel refs/remotes/alispit-tel
> git for-each-ref --sort -committerdate --format %(refname) %(objectname) %(*objectname)
> git remote --verbose
> git config --get commit.template
> git status -z -u
> git symbolic-ref --short HEAD
> git for-each-ref --format=%(refname)%00%(upstream:short)%00%(upstream:track)%00%(objectname) refs/heads/alispit-tel refs/remotes/alispit-tel
> git for-each-ref --sort -committerdate --format %(refname) %(objectname) %(*objectname)
> git remote --verbose
> git config --get commit.template
> git status -z -u
> git symbolic-ref --short HEAD
> git for-each-ref --format=%(refname)%00%(upstream:short)%00%(upstream:track)%00%(objectname) refs/heads/alispit-tel refs/remotes/alispit-tel
> git for-each-ref --sort -committerdate --format %(refname) %(objectname) %(*objectname)
> git remote --verbose
> git config --get commit.template
> git status -z -u
> git symbolic-ref --short HEAD
> git for-each-ref --format=%(refname)%00%(upstream:short)%00%(upstream:track)%00%(objectname) refs/heads/alispit-tel refs/remotes/alispit-tel
> git for-each-ref --sort -committerdate --format %(refname) %(objectname) %(*objectname)
> git remote --verbose
> git config --get commit.template
> git show --textconv :frontend/package.json
> git ls-files --stage -- /home/dotnet/Dev/portfolio/frontend/package.json
> git cat-file -s 122bce9ea7070935ee5327f4f8587ff6f30dbbd9
> git fetch
> git status -z -u
> git symbolic-ref --short HEAD
> git for-each-ref --format=%(refname)%00%(upstream:short)%00%(upstream:track)%00%(objectname) refs/heads/alispit-tel refs/remotes/alispit-tel
> git for-each-ref --sort -committerdate --format %(refname) %(objectname) %(*objectname)
> git remote --verbose
> git config --get commit.template
> git ls-files --stage -- /home/dotnet/Dev/portfolio/frontend/package.json
> git cat-file -s 122bce9ea7070935ee5327f4f8587ff6f30dbbd9
> git show --textconv :frontend/package.json
> git status -z -u
> git symbolic-ref --short HEAD
> git for-each-ref --format=%(refname)%00%(upstream:short)%00%(upstream:track)%00%(objectname) refs/heads/alispit-tel refs/remotes/alispit-tel
> git for-each-ref --sort -committerdate --format %(refname) %(objectname) %(*objectname)
> git remote --verbose
> git config --get commit.template
> git status -z -u
> git symbolic-ref --short HEAD
> git for-each-ref --format=%(refname)%00%(upstream:short)%00%(upstream:track)%00%(objectname) refs/heads/alispit-tel refs/remotes/alispit-tel
> git for-each-ref --sort -committerdate --format %(refname) %(objectname) %(*objectname)
> git remote --verbose
> git config --get commit.template
> git show --textconv :frontend/gatsby-config.js
> git ls-files --stage -- /home/dotnet/Dev/portfolio/frontend/gatsby-config.js
> git cat-file -s a5cb8f9357dc0178b8d296418d1d704c953683b5
> git status -z -u
> git symbolic-ref --short HEAD
> git for-each-ref --format=%(refname)%00%(upstream:short)%00%(upstream:track)%00%(objectname) refs/heads/alispit-tel refs/remotes/alispit-tel
> git for-each-ref --sort -committerdate --format %(refname) %(objectname) %(*objectname)
> git remote --verbose
> git config --get commit.template
> git check-ignore -v -z --stdin
> git show --textconv :frontend/tsconfig.json
> git ls-files --stage -- /home/dotnet/Dev/portfolio/frontend/tsconfig.json
> git check-ignore -v -z --stdin
> git status -z -u
> git symbolic-ref --short HEAD
> git for-each-ref --format=%(refname)%00%(upstream:short)%00%(upstream:track)%00%(objectname) refs/heads/alispit-tel refs/remotes/alispit-tel
> git for-each-ref --sort -committerdate --format %(refname) %(objectname) %(*objectname)
> git remote --verbose
> git config --get commit.template
> git status -z -u
> git symbolic-ref --short HEAD
> git for-each-ref --format=%(refname)%00%(upstream:short)%00%(upstream:track)%00%(objectname) refs/heads/alispit-tel refs/remotes/alispit-tel
> git for-each-ref --sort -committerdate --format %(refname) %(objectname) %(*objectname)
> git remote --verbose
> git config --get commit.template
> git status -z -u
> git symbolic-ref --short HEAD
> git for-each-ref --format=%(refname)%00%(upstream:short)%00%(upstream:track)%00%(objectname) refs/heads/alispit-tel refs/remotes/alispit-tel
> git for-each-ref --sort -committerdate --format %(refname) %(objectname) %(*objectname)
> git remote --verbose
> git config --get commit.template
> git status -z -u
> git symbolic-ref --short HEAD
> git for-each-ref --format=%(refname)%00%(upstream:short)%00%(upstream:track)%00%(objectname) refs/heads/alispit-tel refs/remotes/alispit-tel
> git for-each-ref --sort -committerdate --format %(refname) %(objectname) %(*objectname)
> git remote --verbose
> git config --get commit.template
> git fetch
> git status -z -u
> git symbolic-ref --short HEAD
> git for-each-ref --format=%(refname)%00%(upstream:short)%00%(upstream:track)%00%(objectname) refs/heads/alispit-tel refs/remotes/alispit-tel
> git for-each-ref --sort -committerdate --format %(refname) %(objectname) %(*objectname)
> git remote --verbose
> git config --get commit.template
> git ls-files --stage -- /home/dotnet/Dev/portfolio/frontend/tsconfig.json
> git show --textconv :frontend/tsconfig.json
> git status -z -u
> git symbolic-ref --short HEAD
> git for-each-ref --format=%(refname)%00%(upstream:short)%00%(upstream:track)%00%(objectname) refs/heads/alispit-tel refs/remotes/alispit-tel
> git for-each-ref --sort -committerdate --format %(refname) %(objectname) %(*objectname)
> git remote --verbose
> git config --get commit.template
> git check-ignore -v -z --stdin
> git ls-files --stage -- /home/dotnet/Dev/portfolio/frontend/tsconfig.json
> git show --textconv :frontend/tsconfig.json
> git show --textconv :frontend/src/pages/index.tsx
> git ls-files --stage -- /home/dotnet/Dev/portfolio/frontend/src/pages/index.tsx
> git status -z -u
> git symbolic-ref --short HEAD
> git for-each-ref --format=%(refname)%00%(upstream:short)%00%(upstream:track)%00%(objectname) refs/heads/alispit-tel refs/remotes/alispit-tel
> git for-each-ref --sort -committerdate --format %(refname) %(objectname) %(*objectname)
> git remote --verbose
> git config --get commit.template
> git status -z -u
> git symbolic-ref --short HEAD
> git for-each-ref --format=%(refname)%00%(upstream:short)%00%(upstream:track)%00%(objectname) refs/heads/alispit-tel refs/remotes/alispit-tel
> git for-each-ref --sort -committerdate --format %(refname) %(objectname) %(*objectname)
> git remote --verbose
> git config --get commit.template
> git status -z -u
> git symbolic-ref --short HEAD
> git for-each-ref --format=%(refname)%00%(upstream:short)%00%(upstream:track)%00%(objectname) refs/heads/alispit-tel refs/remotes/alispit-tel
> git for-each-ref --sort -committerdate --format %(refname) %(objectname) %(*objectname)
> git remote --verbose
> git config --get commit.template
> git show --textconv :frontend/src/components/seo.js
> git ls-files --stage -- /home/dotnet/Dev/portfolio/frontend/src/components/seo.js
> git cat-file -s c735177208598661003c11a65915064dc92363de
> git show --textconv :frontend/src/components/seo.tsx
> git ls-files --stage -- /home/dotnet/Dev/portfolio/frontend/src/components/seo.tsx
> git check-ignore -v -z --stdin
> git status -z -u
> git symbolic-ref --short HEAD
> git for-each-ref --format=%(refname)%00%(upstream:short)%00%(upstream:track)%00%(objectname) refs/heads/alispit-tel refs/remotes/alispit-tel
> git for-each-ref --sort -committerdate --format %(refname) %(objectname) %(*objectname)
> git remote --verbose
> git config --get commit.template
> git status -z -u
> git symbolic-ref --short HEAD
> git for-each-ref --format=%(refname)%00%(upstream:short)%00%(upstream:track)%00%(objectname) refs/heads/alispit-tel refs/remotes/alispit-tel
> git for-each-ref --sort -committerdate --format %(refname) %(objectname) %(*objectname)
> git remote --verbose
> git config --get commit.template
> git status -z -u
> git symbolic-ref --short HEAD
> git for-each-ref --format=%(refname)%00%(upstream:short)%00%(upstream:track)%00%(objectname) refs/heads/alispit-tel refs/remotes/alispit-tel
> git for-each-ref --sort -committerdate --format %(refname) %(objectname) %(*objectname)
> git remote --verbose
> git config --get commit.template
> git status -z -u
> git symbolic-ref --short HEAD
> git for-each-ref --format=%(refname)%00%(upstream:short)%00%(upstream:track)%00%(objectname) refs/heads/alispit-tel refs/remotes/alispit-tel
> git for-each-ref --sort -committerdate --format %(refname) %(objectname) %(*objectname)
> git remote --verbose
> git config --get commit.template
> git status -z -u
> git symbolic-ref --short HEAD
> git for-each-ref --format=%(refname)%00%(upstream:short)%00%(upstream:track)%00%(objectname) refs/heads/alispit-tel refs/remotes/alispit-tel
> git for-each-ref --sort -committerdate --format %(refname) %(objectname) %(*objectname)
> git remote --verbose
> git config --get commit.template
> git show --textconv :frontend/src/components/Projects.js
> git ls-files --stage -- /home/dotnet/Dev/portfolio/frontend/src/components/Projects.js
> git cat-file -s e8b4829b50a3f456bd56df71f1620235557e39a6
> git show --textconv :frontend/src/components/layout.js
> git ls-files --stage -- /home/dotnet/Dev/portfolio/frontend/src/components/layout.js
> git cat-file -s 60fdde63c1861e43d6e4d69b95a420dc9ee9e4a4
> git show --textconv :frontend/src/components/layout.tsx
> git ls-files --stage -- /home/dotnet/Dev/portfolio/frontend/src/components/layout.tsx
> git check-ignore -v -z --stdin
> git show --textconv :frontend/src/components/Blog.js
> git ls-files --stage -- /home/dotnet/Dev/portfolio/frontend/src/components/Blog.js
> git cat-file -s 614c8c9aa1712847c5ad60aeec99dba671f0ca83
> git status -z -u
> git symbolic-ref --short HEAD
> git for-each-ref --format=%(refname)%00%(upstream:short)%00%(upstream:track)%00%(objectname) refs/heads/alispit-tel refs/remotes/alispit-tel
> git for-each-ref --sort -committerdate --format %(refname) %(objectname) %(*objectname)
> git remote --verbose
> git config --get commit.template
> git show --textconv :frontend/src/components/Blog.tsx
> git ls-files --stage -- /home/dotnet/Dev/portfolio/frontend/src/components/Blog.tsx
> git check-ignore -v -z --stdin
> git status -z -u
> git symbolic-ref --short HEAD
> git for-each-ref --format=%(refname)%00%(upstream:short)%00%(upstream:track)%00%(objectname) refs/heads/alispit-tel refs/remotes/alispit-tel
> git for-each-ref --sort -committerdate --format %(refname) %(objectname) %(*objectname)
> git remote --verbose
> git config --get commit.template
> git show --textconv :frontend/src/components/Header.js
> git ls-files --stage -- /home/dotnet/Dev/portfolio/frontend/src/components/Header.js
> git cat-file -s 734114e7733ef13389f62293e3487659660cc0bb
> git show --textconv :frontend/src/components/Header.tsx
> git ls-files --stage -- /home/dotnet/Dev/portfolio/frontend/src/components/Header.tsx
> git check-ignore -v -z --stdin
> git status -z -u
> git symbolic-ref --short HEAD
> git for-each-ref --format=%(refname)%00%(upstream:short)%00%(upstream:track)%00%(objectname) refs/heads/alispit-tel refs/remotes/alispit-tel
> git for-each-ref --sort -committerdate --format %(refname) %(objectname) %(*objectname)
> git remote --verbose
> git config --get commit.template
> git show --textconv :frontend/src/components/Blog.tsx
> git ls-files --stage -- /home/dotnet/Dev/portfolio/frontend/src/components/Blog.tsx
> git status -z -u
> git symbolic-ref --short HEAD
> git for-each-ref --format=%(refname)%00%(upstream:short)%00%(upstream:track)%00%(objectname) refs/heads/alispit-tel refs/remotes/alispit-tel
> git for-each-ref --sort -committerdate --format %(refname) %(objectname) %(*objectname)
> git remote --verbose
> git config --get commit.template
> git fetch
> git ls-files --stage -- /home/dotnet/Dev/portfolio/frontend/src/components/Blog.tsx
> git show --textconv :frontend/src/components/Blog.tsx
> git status -z -u
> git symbolic-ref --short HEAD
> git for-each-ref --format=%(refname)%00%(upstream:short)%00%(upstream:track)%00%(objectname) refs/heads/alispit-tel refs/remotes/alispit-tel
> git for-each-ref --sort -committerdate --format %(refname) %(objectname) %(*objectname)
> git remote --verbose
> git config --get commit.template
> git ls-files --stage -- /home/dotnet/Dev/portfolio/frontend/src/components/Blog.tsx
> git show --textconv :frontend/src/components/Blog.tsx
> git status -z -u
> git symbolic-ref --short HEAD
> git for-each-ref --format=%(refname)%00%(upstream:short)%00%(upstream:track)%00%(objectname) refs/heads/alispit-tel refs/remotes/alispit-tel
> git for-each-ref --sort -committerdate --format %(refname) %(objectname) %(*objectname)
> git remote --verbose
> git config --get commit.template
> git status -z -u
> git symbolic-ref --short HEAD
> git for-each-ref --format=%(refname)%00%(upstream:short)%00%(upstream:track)%00%(objectname) refs/heads/alispit-tel refs/remotes/alispit-tel
> git for-each-ref --sort -committerdate --format %(refname) %(objectname) %(*objectname)
> git remote --verbose
> git config --get commit.template
> git status -z -u
> git symbolic-ref --short HEAD
> git for-each-ref --format=%(refname)%00%(upstream:short)%00%(upstream:track)%00%(objectname) refs/heads/alispit-tel refs/remotes/alispit-tel
> git for-each-ref --sort -committerdate --format %(refname) %(objectname) %(*objectname)
> git remote --verbose
> git config --get commit.template
> git show --textconv :frontend/src/components/layout.tsx
> git ls-files --stage -- /home/dotnet/Dev/portfolio/frontend/src/components/layout.tsx
> git show --textconv :frontend/src/pages/index.tsx
> git ls-files --stage -- /home/dotnet/Dev/portfolio/frontend/src/pages/index.tsx
> git show --textconv :frontend/src/components/Blog.tsx
> git ls-files --stage -- /home/dotnet/Dev/portfolio/frontend/src/components/Blog.tsx
> git status -z -u
> git symbolic-ref --short HEAD
> git for-each-ref --format=%(refname)%00%(upstream:short)%00%(upstream:track)%00%(objectname) refs/heads/alispit-tel refs/remotes/alispit-tel
> git for-each-ref --sort -committerdate --format %(refname) %(objectname) %(*objectname)
> git remote --verbose
> git config --get commit.template
> git fetch
> git status -z -u
> git symbolic-ref --short HEAD
> git for-each-ref --format=%(refname)%00%(upstream:short)%00%(upstream:track)%00%(objectname) refs/heads/alispit-tel refs/remotes/alispit-tel
> git for-each-ref --sort -committerdate --format %(refname) %(objectname) %(*objectname)
> git remote --verbose
> git config --get commit.template
> git ls-files --stage -- /home/dotnet/Dev/portfolio/frontend/src/components/Blog.tsx
> git show --textconv :frontend/src/components/Blog.tsx
> git status -z -u
> git symbolic-ref --short HEAD
> git for-each-ref --format=%(refname)%00%(upstream:short)%00%(upstream:track)%00%(objectname) refs/heads/alispit-tel refs/remotes/alispit-tel
> git for-each-ref --sort -committerdate --format %(refname) %(objectname) %(*objectname)
> git remote --verbose
> git config --get commit.template
> git ls-files --stage -- /home/dotnet/Dev/portfolio/frontend/src/components/Blog.tsx
> git show --textconv :frontend/src/components/Blog.tsx
> git status -z -u
> git symbolic-ref --short HEAD
> git for-each-ref --format=%(refname)%00%(upstream:short)%00%(upstream:track)%00%(objectname) refs/heads/alispit-tel refs/remotes/alispit-tel
> git for-each-ref --sort -committerdate --format %(refname) %(objectname) %(*objectname)
> git remote --verbose
> git config --get commit.template
> git fetch
> git status -z -u
> git symbolic-ref --short HEAD
> git for-each-ref --format=%(refname)%00%(upstream:short)%00%(upstream:track)%00%(objectname) refs/heads/alispit-tel refs/remotes/alispit-tel
> git for-each-ref --sort -committerdate --format %(refname) %(objectname) %(*objectname)
> git remote --verbose
> git config --get commit.template
> git ls-files --stage -- /home/dotnet/Dev/portfolio/frontend/src/components/Blog.tsx
> git show --textconv :frontend/src/components/Blog.tsx
> git status -z -u
> git symbolic-ref --short HEAD
> git for-each-ref --format=%(refname)%00%(upstream:short)%00%(upstream:track)%00%(objectname) refs/heads/alispit-tel refs/remotes/alispit-tel
> git for-each-ref --sort -committerdate --format %(refname) %(objectname) %(*objectname)
> git remote --verbose
> git config --get commit.template
> git ls-files --stage -- /home/dotnet/Dev/portfolio/frontend/src/components/Blog.tsx
> git show --textconv :frontend/src/components/Blog.tsx
> git status -z -u
> git symbolic-ref --short HEAD
> git for-each-ref --format=%(refname)%00%(upstream:short)%00%(upstream:track)%00%(objectname) refs/heads/alispit-tel refs/remotes/alispit-tel
> git for-each-ref --sort -committerdate --format %(refname) %(objectname) %(*objectname)
> git remote --verbose
> git config --get commit.template
> git status -z -u
> git symbolic-ref --short HEAD
> git for-each-ref --format=%(refname)%00%(upstream:short)%00%(upstream:track)%00%(objectname) refs/heads/alispit-tel refs/remotes/alispit-tel
> git for-each-ref --sort -committerdate --format %(refname) %(objectname) %(*objectname)
> git remote --verbose
> git config --get commit.template
> git status -z -u
> git symbolic-ref --short HEAD
> git for-each-ref --format=%(refname)%00%(upstream:short)%00%(upstream:track)%00%(objectname) refs/heads/alispit-tel refs/remotes/alispit-tel
> git for-each-ref --sort -committerdate --format %(refname) %(objectname) %(*objectname)
> git remote --verbose
> git config --get commit.template
> git fetch
> git status -z -u
> git symbolic-ref --short HEAD
> git for-each-ref --format=%(refname)%00%(upstream:short)%00%(upstream:track)%00%(objectname) refs/heads/alispit-tel refs/remotes/alispit-tel
> git for-each-ref --sort -committerdate --format %(refname) %(objectname) %(*objectname)
> git remote --verbose
> git config --get commit.template
> git status -z -u
> git symbolic-ref --short HEAD
> git for-each-ref --format=%(refname)%00%(upstream:short)%00%(upstream:track)%00%(objectname) refs/heads/alispit-tel refs/remotes/alispit-tel
> git for-each-ref --sort -committerdate --format %(refname) %(objectname) %(*objectname)
> git remote --verbose
> git config --get commit.template
> git show --textconv :frontend/src/components/Blog.tsx
> git ls-files --stage -- /home/dotnet/Dev/portfolio/frontend/src/components/Blog.tsx
> git status -z -u
> git symbolic-ref --short HEAD
> git for-each-ref --format=%(refname)%00%(upstream:short)%00%(upstream:track)%00%(objectname) refs/heads/alispit-tel refs/remotes/alispit-tel
> git for-each-ref --sort -committerdate --format %(refname) %(objectname) %(*objectname)
> git remote --verbose
> git config --get commit.template
> git status -z -u
> git symbolic-ref --short HEAD
> git for-each-ref --format=%(refname)%00%(upstream:short)%00%(upstream:track)%00%(objectname) refs/heads/alispit-tel refs/remotes/alispit-tel
> git for-each-ref --sort -committerdate --format %(refname) %(objectname) %(*objectname)
> git remote --verbose
> git config --get commit.template
> git fetch
> git ls-files --stage -- /home/dotnet/Dev/portfolio/frontend/src/components/Blog.tsx
> git show --textconv :frontend/src/components/Blog.tsx
> git status -z -u
> git symbolic-ref --short HEAD
> git for-each-ref --format=%(refname)%00%(upstream:short)%00%(upstream:track)%00%(objectname) refs/heads/alispit-tel refs/remotes/alispit-tel
> git for-each-ref --sort -committerdate --format %(refname) %(objectname) %(*objectname)
> git remote --verbose
> git config --get commit.template
> git ls-files --stage -- /home/dotnet/Dev/portfolio/frontend/src/components/Blog.tsx
> git show --textconv :frontend/src/components/Blog.tsx
> git status -z -u
> git symbolic-ref --short HEAD
> git for-each-ref --format=%(refname)%00%(upstream:short)%00%(upstream:track)%00%(objectname) refs/heads/alispit-tel refs/remotes/alispit-tel
> git for-each-ref --sort -committerdate --format %(refname) %(objectname) %(*objectname)
> git remote --verbose
> git config --get commit.template
> git status -z -u
> git symbolic-ref --short HEAD
> git for-each-ref --format=%(refname)%00%(upstream:short)%00%(upstream:track)%00%(objectname) refs/heads/alispit-tel refs/remotes/alispit-tel
> git for-each-ref --sort -committerdate --format %(refname) %(objectname) %(*objectname)
> git remote --verbose
> git config --get commit.template
> git status -z -u
> git symbolic-ref --short HEAD
> git for-each-ref --format=%(refname)%00%(upstream:short)%00%(upstream:track)%00%(objectname) refs/heads/alispit-tel refs/remotes/alispit-tel
> git for-each-ref --sort -committerdate --format %(refname) %(objectname) %(*objectname)
> git remote --verbose
> git config --get commit.template
> git status -z -u
> git symbolic-ref --short HEAD
> git for-each-ref --format=%(refname)%00%(upstream:short)%00%(upstream:track)%00%(objectname) refs/heads/alispit-tel refs/remotes/alispit-tel
> git for-each-ref --sort -committerdate --format %(refname) %(objectname) %(*objectname)
> git remote --verbose
> git config --get commit.template
> git status -z -u
> git symbolic-ref --short HEAD
> git for-each-ref --format=%(refname)%00%(upstream:short)%00%(upstream:track)%00%(objectname) refs/heads/alispit-tel refs/remotes/alispit-tel
> git for-each-ref --sort -committerdate --format %(refname) %(objectname) %(*objectname)
> git remote --verbose
> git config --get commit.template
> git fetch
> git ls-files --stage -- /home/dotnet/Dev/portfolio/frontend/src/components/Blog.tsx
> git show --textconv :frontend/src/components/Blog.tsx
> git status -z -u
> git symbolic-ref --short HEAD
> git for-each-ref --format=%(refname)%00%(upstream:short)%00%(upstream:track)%00%(objectname) refs/heads/alispit-tel refs/remotes/alispit-tel
> git for-each-ref --sort -committerdate --format %(refname) %(objectname) %(*objectname)
> git remote --verbose
> git config --get commit.template
> git ls-files --stage -- /home/dotnet/Dev/portfolio/frontend/src/components/Blog.tsx
> git show --textconv :frontend/src/components/Blog.tsx
> git status -z -u
> git symbolic-ref --short HEAD
> git for-each-ref --format=%(refname)%00%(upstream:short)%00%(upstream:track)%00%(objectname) refs/heads/alispit-tel refs/remotes/alispit-tel
> git for-each-ref --sort -committerdate --format %(refname) %(objectname) %(*objectname)
> git remote --verbose
> git config --get commit.template
> git status -z -u
> git symbolic-ref --short HEAD
> git for-each-ref --format=%(refname)%00%(upstream:short)%00%(upstream:track)%00%(objectname) refs/heads/alispit-tel refs/remotes/alispit-tel
> git for-each-ref --sort -committerdate --format %(refname) %(objectname) %(*objectname)
> git remote --verbose
> git config --get commit.template
> git status -z -u
> git symbolic-ref --short HEAD
> git for-each-ref --format=%(refname)%00%(upstream:short)%00%(upstream:track)%00%(objectname) refs/heads/alispit-tel refs/remotes/alispit-tel
> git for-each-ref --sort -committerdate --format %(refname) %(objectname) %(*objectname)
> git remote --verbose
> git config --get commit.template
> git fetch
> git ls-files --stage -- /home/dotnet/Dev/portfolio/frontend/src/components/Blog.tsx
> git show --textconv :frontend/src/components/Blog.tsx
> git status -z -u
> git symbolic-ref --short HEAD
> git for-each-ref --format=%(refname)%00%(upstream:short)%00%(upstream:track)%00%(objectname) refs/heads/alispit-tel refs/remotes/alispit-tel
> git for-each-ref --sort -committerdate --format %(refname) %(objectname) %(*objectname)
> git remote --verbose
> git config --get commit.template
> git status -z -u
> git symbolic-ref --short HEAD
> git ls-files --stage -- /home/dotnet/Dev/portfolio/frontend/src/components/Blog.tsx
> git for-each-ref --format=%(refname)%00%(upstream:short)%00%(upstream:track)%00%(objectname) refs/heads/alispit-tel refs/remotes/alispit-tel
> git for-each-ref --sort -committerdate --format %(refname) %(objectname) %(*objectname)
> git remote --verbose
> git show --textconv :frontend/src/components/Blog.tsx
> git config --get commit.template
> git fetch
> git ls-files --stage -- /home/dotnet/Dev/portfolio/frontend/src/components/Blog.tsx
> git show --textconv :frontend/src/components/Blog.tsx
> git status -z -u
> git symbolic-ref --short HEAD
> git for-each-ref --format=%(refname)%00%(upstream:short)%00%(upstream:track)%00%(objectname) refs/heads/alispit-tel refs/remotes/alispit-tel
> git for-each-ref --sort -committerdate --format %(refname) %(objectname) %(*objectname)
> git remote --verbose
> git config --get commit.template
> git ls-files --stage -- /home/dotnet/Dev/portfolio/frontend/src/components/Blog.tsx
> git show --textconv :frontend/src/components/Blog.tsx
> git status -z -u
> git symbolic-ref --short HEAD
> git for-each-ref --format=%(refname)%00%(upstream:short)%00%(upstream:track)%00%(objectname) refs/heads/alispit-tel refs/remotes/alispit-tel
> git for-each-ref --sort -committerdate --format %(refname) %(objectname) %(*objectname)
> git remote --verbose
> git config --get commit.template
> git status -z -u
> git symbolic-ref --short HEAD
> git for-each-ref --format=%(refname)%00%(upstream:short)%00%(upstream:track)%00%(objectname) refs/heads/alispit-tel refs/remotes/alispit-tel
> git for-each-ref --sort -committerdate --format %(refname) %(objectname) %(*objectname)
> git remote --verbose
> git config --get commit.template
> git status -z -u
> git symbolic-ref --short HEAD
> git for-each-ref --format=%(refname)%00%(upstream:short)%00%(upstream:track)%00%(objectname) refs/heads/alispit-tel refs/remotes/alispit-tel
> git for-each-ref --sort -committerdate --format %(refname) %(objectname) %(*objectname)
> git remote --verbose
> git config --get commit.template
> git status -z -u
> git symbolic-ref --short HEAD
> git for-each-ref --format=%(refname)%00%(upstream:short)%00%(upstream:track)%00%(objectname) refs/heads/alispit-tel refs/remotes/alispit-tel
> git for-each-ref --sort -committerdate --format %(refname) %(objectname) %(*objectname)
> git remote --verbose
> git config --get commit.template
> git status -z -u
> git symbolic-ref --short HEAD
> git for-each-ref --format=%(refname)%00%(upstream:short)%00%(upstream:track)%00%(objectname) refs/heads/alispit-tel refs/remotes/alispit-tel
> git for-each-ref --sort -committerdate --format %(refname) %(objectname) %(*objectname)
> git remote --verbose
> git config --get commit.template
> git status -z -u
> git symbolic-ref --short HEAD
> git for-each-ref --format=%(refname)%00%(upstream:short)%00%(upstream:track)%00%(objectname) refs/heads/alispit-tel refs/remotes/alispit-tel
> git for-each-ref --sort -committerdate --format %(refname) %(objectname) %(*objectname)
> git remote --verbose
> git config --get commit.template
> git status -z -u
> git symbolic-ref --short HEAD
> git for-each-ref --format=%(refname)%00%(upstream:short)%00%(upstream:track)%00%(objectname) refs/heads/alispit-tel refs/remotes/alispit-tel
> git for-each-ref --sort -committerdate --format %(refname) %(objectname) %(*objectname)
> git remote --verbose
> git config --get commit.template
> git status -z -u
> git symbolic-ref --short HEAD
> git for-each-ref --format=%(refname)%00%(upstream:short)%00%(upstream:track)%00%(objectname) refs/heads/alispit-tel refs/remotes/alispit-tel
> git for-each-ref --sort -committerdate --format %(refname) %(objectname) %(*objectname)
> git remote --verbose
> git config --get commit.template
> git fetch
> git status -z -u
> git symbolic-ref --short HEAD
> git for-each-ref --format=%(refname)%00%(upstream:short)%00%(upstream:track)%00%(objectname) refs/heads/alispit-tel refs/remotes/alispit-tel
> git for-each-ref --sort -committerdate --format %(refname) %(objectname) %(*objectname)
> git remote --verbose
> git config --get commit.template
> git ls-files --stage -- /home/dotnet/Dev/portfolio/frontend/src/components/Blog.tsx
> git show --textconv :frontend/src/components/Blog.tsx
> git status -z -u
> git symbolic-ref --short HEAD
> git for-each-ref --format=%(refname)%00%(upstream:short)%00%(upstream:track)%00%(objectname) refs/heads/alispit-tel refs/remotes/alispit-tel
> git for-each-ref --sort -committerdate --format %(refname) %(objectname) %(*objectname)
> git remote --verbose
> git config --get commit.template
