Initializing document watcher...
frontend/src/components/Blog.js: {"insertSpaces":true,"tabSize":2}
frontend/src/components/Blog.js: Using EditorConfig core...
src/components/Blog.js: editor.action.trimTrailingWhitespace
frontend/src/components/Blog.js: Using EditorConfig core...
src/components/Blog.js: editor.action.trimTrailingWhitespace
frontend/src/components/Blog.js: Using EditorConfig core...
src/components/Blog.js: editor.action.trimTrailingWhitespace
frontend/src/components/Blog.js: Using EditorConfig core...
src/components/Blog.js: editor.action.trimTrailingWhitespace
frontend/src/components/Blog.js: {"insertSpaces":true,"tabSize":2}
frontend/package.json: {"insertSpaces":true,"tabSize":2}
frontend/package.json: {"insertSpaces":true,"tabSize":2}
frontend/package.json: {"insertSpaces":true,"tabSize":2}
frontend/package.json: {"insertSpaces":true,"tabSize":2}
frontend/package.json: {"insertSpaces":true,"tabSize":2}
frontend/gatsby-config.js: {"insertSpaces":true,"tabSize":2}
frontend/gatsby-config.js: Using EditorConfig core...
gatsby-config.js: editor.action.trimTrailingWhitespace
frontend/gatsby-config.js: {"insertSpaces":true,"tabSize":2}
frontend/tsconfig.json: {"insertSpaces":true,"tabSize":2}
frontend/tsconfig.json: {"insertSpaces":true,"tabSize":2}
frontend/tsconfig.json: Using EditorConfig core...
tsconfig.json: editor.action.trimTrailingWhitespace
tsconfig.json: insertFinalNewline(LF)
frontend/tsconfig.json: Using EditorConfig core...
tsconfig.json: editor.action.trimTrailingWhitespace
frontend/tsconfig.json: {"insertSpaces":true,"tabSize":2}
frontend/tsconfig.json: {"insertSpaces":true,"tabSize":2}
frontend/tsconfig.json: {"insertSpaces":true,"tabSize":2}
frontend/tsconfig.json: {"insertSpaces":true,"tabSize":2}
frontend/src/pages/index.tsx: {"insertSpaces":true,"tabSize":2}
frontend/src/pages/index.tsx: Using EditorConfig core...
src/pages/index.tsx: editor.action.trimTrailingWhitespace
frontend/src/pages/index.tsx: Using EditorConfig core...
src/pages/index.tsx: editor.action.trimTrailingWhitespace
frontend/src/pages/index.tsx: {"insertSpaces":true,"tabSize":2}
frontend/src/components/seo.js: {"insertSpaces":true,"tabSize":2}
frontend/src/components/seo.tsx: {"insertSpaces":true,"tabSize":2}
frontend/src/components/seo.tsx: Using EditorConfig core...
src/components/seo.tsx: editor.action.trimTrailingWhitespace
frontend/src/components/seo.tsx: {"insertSpaces":true,"tabSize":2}
frontend/src/components/seo.tsx: {"insertSpaces":true,"tabSize":2}
frontend/src/components/seo.tsx: {"insertSpaces":true,"tabSize":2}
frontend/src/components/seo.tsx: {"insertSpaces":true,"tabSize":2}
frontend/src/components/seo.tsx: {"insertSpaces":true,"tabSize":2}
frontend/src/components/seo.tsx: {"insertSpaces":true,"tabSize":2}
frontend/src/components/Projects.js: {"insertSpaces":true,"tabSize":2}
frontend/src/components/layout.js: {"insertSpaces":true,"tabSize":2}
frontend/src/components/layout.tsx: {"insertSpaces":true,"tabSize":2}
frontend/src/components/Blog.js: {"insertSpaces":true,"tabSize":2}
frontend/src/components/Blog.tsx: {"insertSpaces":true,"tabSize":2}
frontend/src/components/Header.js: {"insertSpaces":true,"tabSize":2}
frontend/src/components/Header.tsx: {"insertSpaces":true,"tabSize":2}
frontend/src/components/Blog.tsx: {"insertSpaces":true,"tabSize":2}
frontend/src/components/Blog.tsx: Using EditorConfig core...
src/components/Blog.tsx: editor.action.trimTrailingWhitespace
frontend/src/components/Blog.tsx: Using EditorConfig core...
src/components/Blog.tsx: editor.action.trimTrailingWhitespace
frontend/src/components/Blog.tsx: {"insertSpaces":true,"tabSize":2}
frontend/src/components/layout.tsx: {"insertSpaces":true,"tabSize":2}
frontend/src/pages/index.tsx: {"insertSpaces":true,"tabSize":2}
frontend/src/components/Blog.tsx: {"insertSpaces":true,"tabSize":2}
frontend/src/components/Blog.tsx: {"insertSpaces":true,"tabSize":2}
frontend/src/components/Blog.tsx: {"insertSpaces":true,"tabSize":2}
frontend/src/components/Blog.tsx: {"insertSpaces":true,"tabSize":2}
frontend/src/components/Blog.tsx: Using EditorConfig core...
src/components/Blog.tsx: editor.action.trimTrailingWhitespace
frontend/src/components/Blog.tsx: {"insertSpaces":true,"tabSize":2}
frontend/src/components/Blog.tsx: Using EditorConfig core...
src/components/Blog.tsx: editor.action.trimTrailingWhitespace
frontend/src/components/Blog.tsx: {"insertSpaces":true,"tabSize":2}
frontend/src/components/Blog.tsx: {"insertSpaces":true,"tabSize":2}
frontend/src/components/Blog.tsx: {"insertSpaces":true,"tabSize":2}
frontend/src/components/Blog.tsx: Using EditorConfig core...
src/components/Blog.tsx: editor.action.trimTrailingWhitespace
No more open editors.
No more open editors.
No more open editors.
frontend/src/components/Blog.tsx: {"insertSpaces":true,"tabSize":2}
frontend/src/components/Blog.tsx: Using EditorConfig core...
src/components/Blog.tsx: editor.action.trimTrailingWhitespace
frontend/src/components/Blog.tsx: {"insertSpaces":true,"tabSize":2}
frontend/src/components/Blog.tsx: {"insertSpaces":true,"tabSize":2}
frontend/src/components/Blog.tsx: {"insertSpaces":true,"tabSize":2}
frontend/src/components/Blog.tsx: {"insertSpaces":true,"tabSize":2}
frontend/src/components/Blog.tsx: Using EditorConfig core...
src/components/Blog.tsx: editor.action.trimTrailingWhitespace
frontend/src/components/Blog.tsx: {"insertSpaces":true,"tabSize":2}
frontend/src/components/Blog.tsx: {"insertSpaces":true,"tabSize":2}
frontend/src/components/Blog.tsx: Using EditorConfig core...
src/components/Blog.tsx: editor.action.trimTrailingWhitespace
frontend/src/components/Blog.tsx: {"insertSpaces":true,"tabSize":2}
frontend/src/components/Blog.tsx: Using EditorConfig core...
src/components/Blog.tsx: editor.action.trimTrailingWhitespace
frontend/src/components/Blog.tsx: {"insertSpaces":true,"tabSize":2}
frontend/src/components/Blog.tsx: {"insertSpaces":true,"tabSize":2}
frontend/src/components/Blog.tsx: Using EditorConfig core...
src/components/Blog.tsx: editor.action.trimTrailingWhitespace
frontend/src/components/Blog.tsx: {"insertSpaces":true,"tabSize":2}
frontend/src/components/Blog.tsx: {"insertSpaces":true,"tabSize":2}
frontend/src/components/Blog.tsx: {"insertSpaces":true,"tabSize":2}
frontend/src/components/Blog.tsx: {"insertSpaces":true,"tabSize":2}
frontend/src/components/Blog.tsx: {"insertSpaces":true,"tabSize":2}
frontend/src/components/Blog.tsx: {"insertSpaces":true,"tabSize":2}
frontend/src/components/Blog.tsx: {"insertSpaces":true,"tabSize":2}
frontend/src/components/Blog.tsx: {"insertSpaces":true,"tabSize":2}
frontend/src/components/Blog.tsx: {"insertSpaces":true,"tabSize":2}
frontend/src/components/Blog.tsx: {"insertSpaces":true,"tabSize":2}
frontend/src/components/Blog.tsx: Using EditorConfig core...
src/components/Blog.tsx: editor.action.trimTrailingWhitespace
frontend/src/components/Blog.tsx: {"insertSpaces":true,"tabSize":2}
frontend/src/components/Blog.tsx: {"insertSpaces":true,"tabSize":2}
frontend/src/components/Blog.tsx: {"insertSpaces":true,"tabSize":2}
frontend/src/components/Blog.tsx: {"insertSpaces":true,"tabSize":2}
frontend/src/components/Blog.tsx: {"insertSpaces":true,"tabSize":2}
frontend/src/components/Blog.tsx: {"insertSpaces":true,"tabSize":2}
frontend/src/components/Blog.tsx: Using EditorConfig core...
src/components/Blog.tsx: editor.action.trimTrailingWhitespace
frontend/src/components/Blog.tsx: {"insertSpaces":true,"tabSize":2}
frontend/src/components/Blog.tsx: Using EditorConfig core...
src/components/Blog.tsx: editor.action.trimTrailingWhitespace
frontend/src/components/Blog.tsx: {"insertSpaces":true,"tabSize":2}
frontend/src/components/Blog.tsx: {"insertSpaces":true,"tabSize":2}
frontend/src/components/Blog.tsx: Using EditorConfig core...
src/components/Blog.tsx: editor.action.trimTrailingWhitespace
frontend/src/components/Blog.tsx: {"insertSpaces":true,"tabSize":2}
frontend/src/components/Blog.tsx: Using EditorConfig core...
src/components/Blog.tsx: editor.action.trimTrailingWhitespace
frontend/src/components/Blog.tsx: {"insertSpaces":true,"tabSize":2}
frontend/src/components/Blog.tsx: Using EditorConfig core...
src/components/Blog.tsx: editor.action.trimTrailingWhitespace
frontend/src/components/Blog.tsx: {"insertSpaces":true,"tabSize":2}
frontend/src/components/Blog.tsx: Using EditorConfig core...
src/components/Blog.tsx: editor.action.trimTrailingWhitespace
frontend/src/components/Blog.tsx: {"insertSpaces":true,"tabSize":2}
frontend/src/components/Blog.tsx: {"insertSpaces":true,"tabSize":2}
frontend/src/components/Blog.tsx: {"insertSpaces":true,"tabSize":2}
