Initializing document watcher...
/home/dotnet/.config/polybar/config: {}
/home/dotnet/.config/polybar/config: {}
/home/dotnet/.config/polybar/config: {}
/home/dotnet/.config/polybar/config: {}
/home/dotnet/.config/polybar/config: {}
/home/dotnet/.Xresources: {}
/home/dotnet/.Xresources: Using EditorConfig core...
/home/dotnet/.Xresources: {}
/home/dotnet/.Xresources: {}
/home/dotnet/.Xresources: Using EditorConfig core...
/home/dotnet/.Xresources: {}
/home/dotnet/.Xresources: {}
/home/dotnet/.config/polybar/config: {}
/home/dotnet/.config/polybar/config: Using EditorConfig core...
/home/dotnet/.config/polybar/config: {}
/home/dotnet/.config/polybar/config: {}
/home/dotnet/.config/polybar/config: {}
/home/dotnet/.config/polybar/config: {}
/home/dotnet/.config/polybar/config: Using EditorConfig core...
/home/dotnet/.Xresources: {}
/home/dotnet/.config/polybar/config: {}
/home/dotnet/.config/polybar/config: {}
/home/dotnet/.config/polybar/config: {}
/home/dotnet/.config/polybar/config: Using EditorConfig core...
/home/dotnet/.config/polybar/config: {}
/home/dotnet/.config/polybar/config: Using EditorConfig core...
/home/dotnet/.config/polybar/config: {}
/home/dotnet/.config/polybar/config: Using EditorConfig core...
/home/dotnet/.config/polybar/config: {}
/home/dotnet/.config/polybar/config: Using EditorConfig core...
/home/dotnet/.config/polybar/config: Using EditorConfig core...
/home/dotnet/.config/polybar/config: {}
/home/dotnet/.config/polybar/config: Using EditorConfig core...
/home/dotnet/.config/polybar/config: {}
/home/dotnet/.config/polybar/config: Using EditorConfig core...
/home/dotnet/.config/polybar/config: {}
/home/dotnet/.config/polybar/config: {}
/home/dotnet/.config/polybar/config: {}
