Initializing document watcher...
portfolio-gatspy/package.json: {}
portfolio-gatspy/package.json: {}
portfolio-gatspy/package.json: {}
portfolio-gatspy/package.json: {}
portfolio-gatspy/package.json: {}
portfolio-gatspy/package.json: {}
portfolio-gatspy/package.json: {}
portfolio-gatspy/package.json: {}
portfolio-gatspy/src/components/About.js: {}
portfolio-gatspy/src/components/header.js: {}
portfolio-gatspy/src/pages/index.js: {}
portfolio-gatspy/src/components/layout.js: {}
portfolio-gatspy/src/components/header.js: {}
portfolio-gatspy/src/components/Header.js: {}
portfolio-gatspy/src/components/header.js: {}
portfolio-gatspy/src/components/Header.js: {}
portfolio-gatspy/src/components/header.js: {}
portfolio-gatspy/src/components/header.js: {}
portfolio-gatspy/src/components/Header.js: {}
portfolio-gatspy/src/components/Header.js: {}
