Initializing document watcher...
portfolio/src/components/Header.js: {}
portfolio/src/components/Header.js: Using EditorConfig core...
portfolio/.editorconfig: {}
portfolio/.editorconfig: {}
portfolio/.editorconfig: {}
portfolio/.editorconfig: Using EditorConfig core...
.editorconfig: insertFinalNewline(LF)
.editorconfig file saved.
portfolio/src/components/Header.js: {"insertSpaces":true,"tabSize":2}
portfolio/.editorconfig: {"insertSpaces":true,"tabSize":2}
portfolio/src/components/seo.js: {"insertSpaces":true,"tabSize":2}
portfolio/.editorconfig: {"insertSpaces":true,"tabSize":2}
portfolio/src/styles/GlobalStyles.js: {"insertSpaces":true,"tabSize":2}
portfolio/src/components/layout.js: {"insertSpaces":true,"tabSize":2}
portfolio/src/components/layout.js: {"insertSpaces":true,"tabSize":2}
portfolio/src/components/layout.js: {"insertSpaces":true,"tabSize":2}
portfolio/src/components/layout.js: {"insertSpaces":true,"tabSize":2}
portfolio/src/components/layout.js: {"insertSpaces":true,"tabSize":2}
portfolio/src/components/layout.js: {"insertSpaces":true,"tabSize":2}
portfolio/src/components/layout.js: {"insertSpaces":true,"tabSize":2}
portfolio/src/components/layout.js: {"insertSpaces":true,"tabSize":2}
portfolio/src/components/layout.js: {"insertSpaces":true,"tabSize":2}
portfolio/src/components/layout.js: {"insertSpaces":true,"tabSize":2}
portfolio/src/components/layout.js: {"insertSpaces":true,"tabSize":2}
portfolio/src/components/layout.js: {"insertSpaces":true,"tabSize":2}
portfolio/src/components/layout.js: {"insertSpaces":true,"tabSize":2}
portfolio/src/styles/GlobalStyles.js: {"insertSpaces":true,"tabSize":2}
portfolio/.editorconfig: {"insertSpaces":true,"tabSize":2}
portfolio/src/components/seo.js: {"insertSpaces":true,"tabSize":2}
