Initializing document watcher...
MyAppTypeScript/src/navigation/AppNavigation.tsx: {}
MyAppTypeScript/src/navigation/AppNavigation.tsx: {}
MyAppTypeScript/src/navigation/AppNavigation.tsx: {}
MyAppTypeScript/src/screens/HomeScreen.js: {}
MyAppTypeScript/src/screens/HomeScreen.tsx: {}
MyAppTypeScript/src/screens/FactsListScreen.js: {}
MyAppTypeScript/src/screens/HomeScreen.tsx: {}
MyAppTypeScript/src/screens/HomeScreen.tsx: {}
MyAppTypeScript/src/screens/HomeScreen.tsx: {}
MyAppTypeScript/src/screens/HomeScreen.tsx: {}
MyAppTypeScript/src/navigation/index.tsx: {}
MyAppTypeScript/src/screens/HomeScreen.tsx: {}
MyAppTypeScript/package.json: {}
MyAppTypeScript/package.json: Using EditorConfig core...
MyAppTypeScript/package.json: {}
MyAppTypeScript/package.json: {}
MyAppTypeScript/src/screens/HomeScreen.tsx: {}
MyAppTypeScript/src/screens/HomeScreen.tsx: Using EditorConfig core...
MyAppTypeScript/src/screens/FactsListScreen.js: {}
MyAppTypeScript/src/screens/FactsListScreen.tsx: {}
MyAppTypeScript/src/screens/FactsListScreen.tsx: Using EditorConfig core...
MyAppTypeScript/src/screens/FactsListScreen.tsx: {}
MyAppTypeScript/src/screens/FactDetailScreen.js: {}
MyAppTypeScript/src/screens/FactDetailScreen.tsx: {}
MyAppTypeScript/src/screens/AboutScreen.js: {}
MyAppTypeScript/src/screens/AboutScreen.tsx: {}
MyAppTypeScript/src/screens/AboutScreen.tsx: Using EditorConfig core...
MyAppTypeScript/src/screens/AboutScreen.tsx: {}
MyAppTypeScript/src/screens/AboutScreen.tsx: Using EditorConfig core...
MyAppTypeScript/src/screens/FactDetailScreen.tsx: {}
MyAppTypeScript/src/screens/FactDetailScreen.tsx: Using EditorConfig core...
MyAppTypeScript/src/screens/AboutScreen.tsx: {}
MyAppTypeScript/src/screens/AboutScreen.tsx: Using EditorConfig core...
MyAppTypeScript/src/screens/ContactScreen.tsx: {}
MyAppTypeScript/src/screens/ContactScreen.tsx: {}
MyAppTypeScript/src/screens/ContactScreen.tsx: Using EditorConfig core...
MyAppTypeScript/src/screens/FactDetailScreen.tsx: {}
MyAppTypeScript/src/screens/FactDetailScreen.tsx: Using EditorConfig core...
MyAppTypeScript/src/screens/FactDetailScreen.tsx: {}
MyAppTypeScript/src/screens/FactDetailScreen.tsx: {}
MyAppTypeScript/src/screens/FactDetailScreen.tsx: {}
MyAppTypeScript/src/screens/FactDetailScreen.tsx: {}
MyAppTypeScript/android/app/_BUCK: {}
MyAppTypeScript/android/gradle.properties: {}
MyAppTypeScript/android/gradle.properties: {}
MyAppTypeScript/android/gradle.properties: {}
MyAppTypeScript/android/gradle.properties: {}
MyAppTypeScript/android/gradle.properties: {}
MyAppTypeScript/android/gradle.properties: {}
MyAppTypeScript/android/gradlew: {}
MyAppTypeScript/android/settings.gradle: {}
MyAppTypeScript/android/gradlew.bat: {}
MyAppTypeScript/android/build.gradle: {}
MyAppTypeScript/android/build.gradle: {}
MyAppTypeScript/android/gradle/wrapper/gradle-wrapper.properties: {}
MyAppTypeScript/android/gradle/wrapper/gradle-wrapper.properties: {}
MyAppTypeScript/android/gradle/wrapper/gradle-wrapper.properties: {}
MyAppTypeScript/android/gradle/wrapper/gradle-wrapper.properties: Using EditorConfig core...
MyAppTypeScript/android/gradle/wrapper/gradle-wrapper.properties: {}
MyAppTypeScript/android/gradle/wrapper/gradle-wrapper.properties: {}
MyAppTypeScript/android/gradle/wrapper/gradle-wrapper.properties: {}
MyAppTypeScript/android/gradle/wrapper/gradle-wrapper.properties: Using EditorConfig core...
MyAppTypeScript/android/gradle/wrapper/gradle-wrapper.properties: {}
MyAppTypeScript/index.js: {}
MyAppTypeScript/index.js: {}
MyAppTypeScript/index.js: {}
MyAppTypeScript/index.js: {}
MyAppTypeScript/index.js: {}
MyAppTypeScript/index.js: {}
MyAppTypeScript/index.js: {}
MyAppTypeScript/index.js: {}
MyAppTypeScript/android/gradle/wrapper/gradle-wrapper.properties: {}
MyAppTypeScript/index.js: {}
MyAppTypeScript/android/build.gradle: {}
MyAppTypeScript/android/build.gradle: {}
MyAppTypeScript/android/build.gradle: Using EditorConfig core...
MyAppTypeScript/android/build.gradle: {}
MyAppTypeScript/android/build.gradle: {}
