Looking for git in: git
Using git 2.31.1 from git
> git rev-parse --git-dir
Open repository: /home/dotnet/.config
> git status -z -u
> git check-ignore -v -z --stdin
> git symbolic-ref --short HEAD
> git for-each-ref --format=%(refname)%00%(upstream:short)%00%(upstream:track)%00%(objectname) refs/heads/main refs/remotes/main
> git for-each-ref --sort -committerdate --format %(refname) %(objectname) %(*objectname)
> git remote --verbose
> git config --get commit.template
> git show --textconv :polybar/config
> git ls-files --stage -- /home/dotnet/.config/polybar/config
> git cat-file -s 6f2de0189cb9b2cbeafc6f07ec15316fb80e5ff5
> git show --textconv :i3/config
> git ls-files --stage -- /home/dotnet/.config/i3/config
> git cat-file -s 2a8f61c9794947d675bc2577e3229b2794bcad69
> git check-ignore -v -z --stdin
> git show --textconv :polybar/config
> git ls-files --stage -- /home/dotnet/.config/polybar/config
> git cat-file -s 6f2de0189cb9b2cbeafc6f07ec15316fb80e5ff5
> git show --textconv :i3/config
> git ls-files --stage -- /home/dotnet/.config/i3/config
> git cat-file -s 2a8f61c9794947d675bc2577e3229b2794bcad69
