[2021-04-14 07:03:14.836] [renderer3] [error] ENOENT: no such file or directory, open '/home/dotnet/.config/Code/User/globalStorage/vscodevim.vim/.registers': Error: ENOENT: no such file or directory, open '/home/dotnet/.config/Code/User/globalStorage/vscodevim.vim/.registers'
[2021-04-14 07:03:23.701] [renderer3] [error] ENOENT: no such file or directory, open '/home/dotnet/.config/Code/User/globalStorage/vscodevim.vim/.registers': Error: ENOENT: no such file or directory, open '/home/dotnet/.config/Code/User/globalStorage/vscodevim.vim/.registers'
[2021-04-14 07:30:56.003] [renderer3] [error] Cannot invoke loadWASM more than once.: Error: Cannot invoke loadWASM more than once.
    at Object.t.loadWASM (/opt/visual-studio-code/resources/app/node_modules.asar/vscode-oniguruma/release/main.js:1:4823)
    at TextMateLoader.loadOniguruma (/home/dotnet/.vscode/extensions/coenraads.bracket-pair-colorizer-2-0.2.0/out/src/textMateLoader.js:115:19)
    at new TextMateLoader (/home/dotnet/.vscode/extensions/coenraads.bracket-pair-colorizer-2-0.2.0/out/src/textMateLoader.js:19:31)
    at new Settings (/home/dotnet/.vscode/extensions/coenraads.bracket-pair-colorizer-2-0.2.0/out/src/settings.js:10:31)
    at new DocumentDecorationManager (/home/dotnet/.vscode/extensions/coenraads.bracket-pair-colorizer-2-0.2.0/out/src/documentDecorationManager.js:9:25)
    at restart (/home/dotnet/.vscode/extensions/coenraads.bracket-pair-colorizer-2-0.2.0/out/src/extension.js:42:37)
    at /home/dotnet/.vscode/extensions/coenraads.bracket-pair-colorizer-2-0.2.0/out/src/extension.js:7:43
    at _.fire (/opt/visual-studio-code/resources/app/out/vs/workbench/services/extensions/node/extensionHostProcess.js:57:1836)
    at D.deltaExtensions (/opt/visual-studio-code/resources/app/out/vs/workbench/services/extensions/node/extensionHostProcess.js:86:73206)
    at h.$deltaExtensions (/opt/visual-studio-code/resources/app/out/vs/workbench/services/extensions/node/extensionHostProcess.js:91:19664)
    at processTicksAndRejections (internal/process/task_queues.js:97:5)
[2021-04-14 07:37:17.745] [renderer3] [error] <syntax> TypeScript Server Error (4.2.3)
Debug Failure. False expression: Expected line to be non-zero
Error: Debug Failure. False expression: Expected line to be non-zero
    at failIfInvalidLocation (/opt/visual-studio-code/resources/app/extensions/node_modules/typescript/lib/tsserver.js:153121:22)
    at ScriptInfo.positionToLineOffset (/opt/visual-studio-code/resources/app/extensions/node_modules/typescript/lib/tsserver.js:153088:17)
    at toProtocolTextSpan (/opt/visual-studio-code/resources/app/extensions/node_modules/typescript/lib/tsserver.js:161051:35)
    at /opt/visual-studio-code/resources/app/extensions/node_modules/typescript/lib/tsserver.js:160510:68
    at Array.map (<anonymous>)
    at IOSession.Session.toLocationNavigationTree (/opt/visual-studio-code/resources/app/extensions/node_modules/typescript/lib/tsserver.js:160510:39)
    at IOSession.Session.getNavigationTree (/opt/visual-studio-code/resources/app/extensions/node_modules/typescript/lib/tsserver.js:160521:32)
    at Session.handlers.ts.Map.ts.getEntries._a.<computed> (/opt/visual-studio-code/resources/app/extensions/node_modules/typescript/lib/tsserver.js:159306:61)
    at /opt/visual-studio-code/resources/app/extensions/node_modules/typescript/lib/tsserver.js:160963:88
    at IOSession.Session.executeWithRequestId (/opt/visual-studio-code/resources/app/extensions/node_modules/typescript/lib/tsserver.js:160954:28)
    at IOSession.Session.executeCommand (/opt/visual-studio-code/resources/app/extensions/node_modules/typescript/lib/tsserver.js:160963:33)
    at IOSession.Session.onMessage (/opt/visual-studio-code/resources/app/extensions/node_modules/typescript/lib/tsserver.js:160989:35)
    at Interface.<anonymous> (/opt/visual-studio-code/resources/app/extensions/node_modules/typescript/lib/tsserver.js:163650:31)
    at Interface.emit (events.js:315:20)
    at Interface._onLine (readline.js:329:10)
    at Interface._normalWrite (readline.js:474:12)
    at Socket.ondata (readline.js:186:10)
    at Socket.emit (events.js:315:20)
    at addChunk (_stream_readable.js:295:12)
    at readableAddChunk (_stream_readable.js:271:9)
    at Socket.Readable.push (_stream_readable.js:212:10)
    at Pipe.onStreamRead (internal/stream_base_commons.js:186:23): Error: <syntax> TypeScript Server Error (4.2.3)
Debug Failure. False expression: Expected line to be non-zero
Error: Debug Failure. False expression: Expected line to be non-zero
    at failIfInvalidLocation (/opt/visual-studio-code/resources/app/extensions/node_modules/typescript/lib/tsserver.js:153121:22)
    at ScriptInfo.positionToLineOffset (/opt/visual-studio-code/resources/app/extensions/node_modules/typescript/lib/tsserver.js:153088:17)
    at toProtocolTextSpan (/opt/visual-studio-code/resources/app/extensions/node_modules/typescript/lib/tsserver.js:161051:35)
    at /opt/visual-studio-code/resources/app/extensions/node_modules/typescript/lib/tsserver.js:160510:68
    at Array.map (<anonymous>)
    at IOSession.Session.toLocationNavigationTree (/opt/visual-studio-code/resources/app/extensions/node_modules/typescript/lib/tsserver.js:160510:39)
    at IOSession.Session.getNavigationTree (/opt/visual-studio-code/resources/app/extensions/node_modules/typescript/lib/tsserver.js:160521:32)
    at Session.handlers.ts.Map.ts.getEntries._a.<computed> (/opt/visual-studio-code/resources/app/extensions/node_modules/typescript/lib/tsserver.js:159306:61)
    at /opt/visual-studio-code/resources/app/extensions/node_modules/typescript/lib/tsserver.js:160963:88
    at IOSession.Session.executeWithRequestId (/opt/visual-studio-code/resources/app/extensions/node_modules/typescript/lib/tsserver.js:160954:28)
    at IOSession.Session.executeCommand (/opt/visual-studio-code/resources/app/extensions/node_modules/typescript/lib/tsserver.js:160963:33)
    at IOSession.Session.onMessage (/opt/visual-studio-code/resources/app/extensions/node_modules/typescript/lib/tsserver.js:160989:35)
    at Interface.<anonymous> (/opt/visual-studio-code/resources/app/extensions/node_modules/typescript/lib/tsserver.js:163650:31)
    at Interface.emit (events.js:315:20)
    at Interface._onLine (readline.js:329:10)
    at Interface._normalWrite (readline.js:474:12)
    at Socket.ondata (readline.js:186:10)
    at Socket.emit (events.js:315:20)
    at addChunk (_stream_readable.js:295:12)
    at readableAddChunk (_stream_readable.js:271:9)
    at Socket.Readable.push (_stream_readable.js:212:10)
    at Pipe.onStreamRead (internal/stream_base_commons.js:186:23)
    at Function.create (/opt/visual-studio-code/resources/app/extensions/typescript-language-features/dist/extension.js:1:70135)
    at dispatchResponse (/opt/visual-studio-code/resources/app/extensions/typescript-language-features/dist/extension.js:1:64010)
    at dispatchMessage (/opt/visual-studio-code/resources/app/extensions/typescript-language-features/dist/extension.js:1:62869)
    at /opt/visual-studio-code/resources/app/extensions/typescript-language-features/dist/extension.js:1:62379
    at _.fire (/opt/visual-studio-code/resources/app/out/vs/workbench/services/extensions/node/extensionHostProcess.js:57:1836)
    at g.onLengthData (/opt/visual-studio-code/resources/app/extensions/typescript-language-features/dist/extension.js:1:431342)
    at Socket.<anonymous> (/opt/visual-studio-code/resources/app/extensions/typescript-language-features/dist/extension.js:1:430990)
    at Socket.emit (events.js:315:20)
    at addChunk (_stream_readable.js:295:12)
    at readableAddChunk (_stream_readable.js:271:9)
    at Socket.Readable.push (_stream_readable.js:212:10)
    at Pipe.onStreamRead (internal/stream_base_commons.js:186:23)
