00:00:00.001929 VirtualBox DHCP Server 6.1.18 r142142 linux.amd64 (Feb 16 2021 07:45:49) release log
00:00:00.001929 Log opened 2021-04-17T20:00:27.184908000Z
00:00:00.001929 Build Type: release
00:00:00.001929 OS Product: Linux
00:00:00.001929 OS Release: 5.11.13-arch1-1
00:00:00.001929 OS Version: #1 SMP PREEMPT Sat, 10 Apr 2021 20:47:14 +0000
00:00:00.001929 DMI Product Name: VivoBook_ASUSLaptop X415EA_X415EA
00:00:00.001929 DMI Product Version: 1.0       
00:00:00.001929 Firmware type: UEFI
00:00:00.001929 Secure Boot: Disabled
00:00:00.001929 Host RAM: 7638MB (7.4GB) total, 4925MB (4.8GB) available
00:00:00.001929 Executable: /usr/lib/virtualbox/VBoxNetDHCP
00:00:00.001929 Process ID: 3216
00:00:00.001929 Package type: LINUX_64BITS_GENERIC (OSE)
00:00:00.001929 --config:  HostInterfaceNetworking-vboxnet0
00:00:00.001929 --comment: HostInterfaceNetworking-vboxnet0
00:00:00.001929 IP address:   192.168.56.100/24
00:00:00.001929 Address pool: 192.168.56.101 - 192.168.56.254
00:00:00.001929 MAC address is not specified: will use generated MAC 08:00:27:96:4f:39
00:00:00.001929 Db::i_enterFixedAddressAssignment: 08:00:27:96:4f:39: 192.168.56.100
00:00:00.001929 loading leases from /home/dotnet/.config/VirtualBox/HostInterfaceNetworking-vboxnet0-Dhcpd.leases
00:00:00.001929 > LOAD: EXPIRED lease 192.168.56.101 to 08:00:27:45:7e:85, expired, valid from 2021-04-17T17:34:03Z for 600s until 2021-04-17T17:44:03Z
00:00:06.234276 DISCOVER xid 0x00000c4c chaddr 08:00:27:45:7e:85
00:00:06.234322  ciaddr 0.0.0.0
00:00:06.234331  params { 1 3 6 28 }
00:00:06.234347 > allocateAddress to client 08:00:27:45:7e:85
00:00:06.234353 > ... found existing binding 192.168.56.101 to 08:00:27:45:7e:85, expired, valid from 2021-04-17T17:34:03Z for 600s until 2021-04-17T17:44:03Z
00:00:06.234366 Lease time 600 secs (default)
00:00:06.234371 >>> requested option 1 (SubnetMask)
00:00:06.234375 ... always supplied
00:00:06.234377 >>> requested option 3 (Routers)
00:00:06.234380 ... not found
00:00:06.234383 >>> requested option 6 (DNSes)
00:00:06.234385 ... not found
00:00:06.234388 >>> requested option 28 (BroadcastAddress)
00:00:06.234391 ... not found
00:00:06.234398 encoding option 1 (SubnetMask)
00:00:06.234401 encoding option 51 (LeaseTime)
00:00:06.234404 OFFER xid 0x00000c4c chaddr 08:00:27:45:7e:85
00:00:06.234413  ciaddr 0.0.0.0 yiaddr 192.168.56.101
00:00:06.234421 encoded message: 548 bytes
00:00:06.234424 00007fcc7c0011d0/0000: 02 01 06 00 4c 0c 00 00-00 00 00 00 00 00 00 00 ....L...........
00:00:06.234434 00007fcc7c0011e0/0010: c0 a8 38 65 00 00 00 00-00 00 00 00 08 00 27 45 ..8e..........'E
00:00:06.234437 00007fcc7c0011f0/0020: 7e 85 00 00 00 00 00 00-00 00 00 00 00 00 00 00 ~...............
00:00:06.234440 00007fcc7c001200/0030: 00 00 00 00 00 00 00 00-00 00 00 00 00 00 00 00 ................
00:00:06.234442 00007fcc7c001210/0040: 00 00 00 00 00 00 00 00-00 00 00 00 00 00 00 00 ................
00:00:06.234445 00007fcc7c001220/0050: 00 00 00 00 00 00 00 00-00 00 00 00 00 00 00 00 ................
00:00:06.234447 00007fcc7c001230/0060: 00 00 00 00 00 00 00 00-00 00 00 00 00 00 00 00 ................
00:00:06.234450 00007fcc7c001240/0070: 00 00 00 00 00 00 00 00-00 00 00 00 00 00 00 00 ................
00:00:06.234452 00007fcc7c001250/0080: 00 00 00 00 00 00 00 00-00 00 00 00 00 00 00 00 ................
00:00:06.234455 00007fcc7c001260/0090: 00 00 00 00 00 00 00 00-00 00 00 00 00 00 00 00 ................
00:00:06.234457 00007fcc7c001270/00a0: 00 00 00 00 00 00 00 00-00 00 00 00 00 00 00 00 ................
00:00:06.234460 00007fcc7c001280/00b0: 00 00 00 00 00 00 00 00-00 00 00 00 00 00 00 00 ................
00:00:06.234462 00007fcc7c001290/00c0: 00 00 00 00 00 00 00 00-00 00 00 00 00 00 00 00 ................
00:00:06.234465 00007fcc7c0012a0/00d0: 00 00 00 00 00 00 00 00-00 00 00 00 00 00 00 00 ................
00:00:06.234468 00007fcc7c0012b0/00e0: 00 00 00 00 00 00 00 00-00 00 00 00 63 82 53 63 ............c.Sc
00:00:06.234470 00007fcc7c0012c0/00f0: 36 04 c0 a8 38 64 35 01-02 01 04 ff ff ff 00 33 6...8d5........3
00:00:06.234473 00007fcc7c0012d0/0100: 04 00 00 02 58 ff 00 00-00 00 00 00 00 00 00 00 ....X...........
00:00:06.234476 00007fcc7c0012e0/0110: 00 00 00 00 00 00 00 00-00 00 00 00 00 00 00 00 ................
00:00:06.234478 00007fcc7c0012f0/0120: 00 00 00 00 00 00 00 00-00 00 00 00 00 00 00 00 ................
00:00:06.234481 00007fcc7c001300/0130: 00 00 00 00 00 00 00 00-00 00 00 00 00 00 00 00 ................
00:00:06.234484 00007fcc7c001310/0140: 00 00 00 00 00 00 00 00-00 00 00 00 00 00 00 00 ................
00:00:06.234486 00007fcc7c001320/0150: 00 00 00 00 00 00 00 00-00 00 00 00 00 00 00 00 ................
00:00:06.234489 00007fcc7c001330/0160: 00 00 00 00 00 00 00 00-00 00 00 00 00 00 00 00 ................
00:00:06.234491 00007fcc7c001340/0170: 00 00 00 00 00 00 00 00-00 00 00 00 00 00 00 00 ................
00:00:06.234494 00007fcc7c001350/0180: 00 00 00 00 00 00 00 00-00 00 00 00 00 00 00 00 ................
00:00:06.234496 00007fcc7c001360/0190: 00 00 00 00 00 00 00 00-00 00 00 00 00 00 00 00 ................
00:00:06.234499 00007fcc7c001370/01a0: 00 00 00 00 00 00 00 00-00 00 00 00 00 00 00 00 ................
00:00:06.234502 00007fcc7c001380/01b0: 00 00 00 00 00 00 00 00-00 00 00 00 00 00 00 00 ................
00:00:06.234504 00007fcc7c001390/01c0: 00 00 00 00 00 00 00 00-00 00 00 00 00 00 00 00 ................
00:00:06.234507 00007fcc7c0013a0/01d0: 00 00 00 00 00 00 00 00-00 00 00 00 00 00 00 00 ................
00:00:06.234509 00007fcc7c0013b0/01e0: 00 00 00 00 00 00 00 00-00 00 00 00 00 00 00 00 ................
00:00:06.234512 00007fcc7c0013c0/01f0: 00 00 00 00 00 00 00 00-00 00 00 00 00 00 00 00 ................
00:00:06.234515 00007fcc7c0013d0/0200: 00 00 00 00 00 00 00 00-00 00 00 00 00 00 00 00 ................
00:00:06.234517 00007fcc7c0013e0/0210: 00 00 00 00 00 00 00 00-00 00 00 00 00 00 00 00 ................
00:00:06.234520 00007fcc7c0013f0/0220: 00 00 00 00                                     ....
00:00:06.235134 REQUEST xid 0x00000c4d chaddr 08:00:27:45:7e:85
00:00:06.235147  ciaddr 0.0.0.0
00:00:06.235153  for server 192.168.56.100 requested address 192.168.56.101
00:00:06.235162  params { 1 3 6 28 }
00:00:06.235176   54: c0 a8 38 64
00:00:06.235181 > allocateAddress 192.168.56.101 to client 08:00:27:45:7e:85
00:00:06.235186 > ... found existing binding 192.168.56.101 to 08:00:27:45:7e:85, offered, valid from 2021-04-17T20:00:33Z for 600s until 2021-04-17T20:10:33Z
00:00:06.235194 Lease time 600 secs (default)
00:00:06.235198 writing leases to /home/dotnet/.config/VirtualBox/HostInterfaceNetworking-vboxnet0-Dhcpd.leases
00:00:06.238508 >>> requested option 1 (SubnetMask)
00:00:06.238529 ... always supplied
00:00:06.238532 >>> requested option 3 (Routers)
00:00:06.238535 ... not found
00:00:06.238538 >>> requested option 6 (DNSes)
00:00:06.238541 ... not found
00:00:06.238544 >>> requested option 28 (BroadcastAddress)
00:00:06.238547 ... not found
00:00:06.238552 encoding option 1 (SubnetMask)
00:00:06.238555 encoding option 51 (LeaseTime)
00:00:06.238559 ACK xid 0x00000c4d chaddr 08:00:27:45:7e:85
00:00:06.238570  ciaddr 0.0.0.0 yiaddr 192.168.56.101
00:00:06.238580 encoded message: 548 bytes
00:00:06.238582 00007fcc7c0011d0/0000: 02 01 06 00 4d 0c 00 00-00 00 00 00 00 00 00 00 ....M...........
00:00:06.238604 00007fcc7c0011e0/0010: c0 a8 38 65 00 00 00 00-00 00 00 00 08 00 27 45 ..8e..........'E
00:00:06.238609 00007fcc7c0011f0/0020: 7e 85 00 00 00 00 00 00-00 00 00 00 00 00 00 00 ~...............
00:00:06.238614 00007fcc7c001200/0030: 00 00 00 00 00 00 00 00-00 00 00 00 00 00 00 00 ................
00:00:06.238616 00007fcc7c001210/0040: 00 00 00 00 00 00 00 00-00 00 00 00 00 00 00 00 ................
00:00:06.238619 00007fcc7c001220/0050: 00 00 00 00 00 00 00 00-00 00 00 00 00 00 00 00 ................
00:00:06.238621 00007fcc7c001230/0060: 00 00 00 00 00 00 00 00-00 00 00 00 00 00 00 00 ................
00:00:06.238624 00007fcc7c001240/0070: 00 00 00 00 00 00 00 00-00 00 00 00 00 00 00 00 ................
00:00:06.238626 00007fcc7c001250/0080: 00 00 00 00 00 00 00 00-00 00 00 00 00 00 00 00 ................
00:00:06.238629 00007fcc7c001260/0090: 00 00 00 00 00 00 00 00-00 00 00 00 00 00 00 00 ................
00:00:06.238632 00007fcc7c001270/00a0: 00 00 00 00 00 00 00 00-00 00 00 00 00 00 00 00 ................
00:00:06.238634 00007fcc7c001280/00b0: 00 00 00 00 00 00 00 00-00 00 00 00 00 00 00 00 ................
00:00:06.238637 00007fcc7c001290/00c0: 00 00 00 00 00 00 00 00-00 00 00 00 00 00 00 00 ................
00:00:06.238639 00007fcc7c0012a0/00d0: 00 00 00 00 00 00 00 00-00 00 00 00 00 00 00 00 ................
00:00:06.238642 00007fcc7c0012b0/00e0: 00 00 00 00 00 00 00 00-00 00 00 00 63 82 53 63 ............c.Sc
00:00:06.238644 00007fcc7c0012c0/00f0: 36 04 c0 a8 38 64 35 01-05 01 04 ff ff ff 00 33 6...8d5........3
00:00:06.238647 00007fcc7c0012d0/0100: 04 00 00 02 58 ff 00 00-00 00 00 00 00 00 00 00 ....X...........
00:00:06.238650 00007fcc7c0012e0/0110: 00 00 00 00 00 00 00 00-00 00 00 00 00 00 00 00 ................
00:00:06.238653 00007fcc7c0012f0/0120: 00 00 00 00 00 00 00 00-00 00 00 00 00 00 00 00 ................
00:00:06.238655 00007fcc7c001300/0130: 00 00 00 00 00 00 00 00-00 00 00 00 00 00 00 00 ................
00:00:06.238658 00007fcc7c001310/0140: 00 00 00 00 00 00 00 00-00 00 00 00 00 00 00 00 ................
00:00:06.238660 00007fcc7c001320/0150: 00 00 00 00 00 00 00 00-00 00 00 00 00 00 00 00 ................
00:00:06.238663 00007fcc7c001330/0160: 00 00 00 00 00 00 00 00-00 00 00 00 00 00 00 00 ................
00:00:06.238665 00007fcc7c001340/0170: 00 00 00 00 00 00 00 00-00 00 00 00 00 00 00 00 ................
00:00:06.238668 00007fcc7c001350/0180: 00 00 00 00 00 00 00 00-00 00 00 00 00 00 00 00 ................
00:00:06.238671 00007fcc7c001360/0190: 00 00 00 00 00 00 00 00-00 00 00 00 00 00 00 00 ................
00:00:06.238673 00007fcc7c001370/01a0: 00 00 00 00 00 00 00 00-00 00 00 00 00 00 00 00 ................
00:00:06.238676 00007fcc7c001380/01b0: 00 00 00 00 00 00 00 00-00 00 00 00 00 00 00 00 ................
00:00:06.238678 00007fcc7c001390/01c0: 00 00 00 00 00 00 00 00-00 00 00 00 00 00 00 00 ................
00:00:06.238681 00007fcc7c0013a0/01d0: 00 00 00 00 00 00 00 00-00 00 00 00 00 00 00 00 ................
00:00:06.238683 00007fcc7c0013b0/01e0: 00 00 00 00 00 00 00 00-00 00 00 00 00 00 00 00 ................
00:00:06.238686 00007fcc7c0013c0/01f0: 00 00 00 00 00 00 00 00-00 00 00 00 00 00 00 00 ................
00:00:06.238688 00007fcc7c0013d0/0200: 00 00 00 00 00 00 00 00-00 00 00 00 00 00 00 00 ................
00:00:06.238691 00007fcc7c0013e0/0210: 00 00 00 00 00 00 00 00-00 00 00 00 00 00 00 00 ................
00:00:06.238693 00007fcc7c0013f0/0220: 00 00 00 00                                     ....
