Looking for git in: git
Using git 2.31.1 from git
> git rev-parse --git-dir
Open repository: /home/dotnet/Dev/portfolio
> git status -z -u
> git symbolic-ref --short HEAD
> git for-each-ref --format=%(refname)%00%(upstream:short)%00%(upstream:track)%00%(objectname) refs/heads/alispit-tel refs/remotes/alispit-tel
> git for-each-ref --sort -committerdate --format %(refname) %(objectname) %(*objectname)
> git remote --verbose
> git config --get commit.template
> git show --textconv :src/components/Blog.js
> git ls-files --stage -- /home/dotnet/Dev/portfolio/src/components/Blog.js
> git cat-file -s d0a68a79f8534a66994791786cda2bdff5819b0b
> git check-ignore -v -z --stdin
> git status -z -u
> git symbolic-ref --short HEAD
> git for-each-ref --format=%(refname)%00%(upstream:short)%00%(upstream:track)%00%(objectname) refs/heads/alispit-tel refs/remotes/alispit-tel
> git for-each-ref --sort -committerdate --format %(refname) %(objectname) %(*objectname)
> git remote --verbose
> git config --get commit.template
> git ls-files --stage -- /home/dotnet/Dev/portfolio/src/components/Blog.js
> git cat-file -s d0a68a79f8534a66994791786cda2bdff5819b0b
> git show --textconv :src/components/Blog.js
> git status -z -u
> git symbolic-ref --short HEAD
> git for-each-ref --format=%(refname)%00%(upstream:short)%00%(upstream:track)%00%(objectname) refs/heads/alispit-tel refs/remotes/alispit-tel
> git for-each-ref --sort -committerdate --format %(refname) %(objectname) %(*objectname)
> git remote --verbose
> git config --get commit.template
> git show --textconv :src/components/Blog.js
> git ls-files --stage -- /home/dotnet/Dev/portfolio/src/components/Blog.js
> git cat-file -s d0a68a79f8534a66994791786cda2bdff5819b0b
> git status -z -u
> git symbolic-ref --short HEAD
> git for-each-ref --format=%(refname)%00%(upstream:short)%00%(upstream:track)%00%(objectname) refs/heads/alispit-tel refs/remotes/alispit-tel
> git for-each-ref --sort -committerdate --format %(refname) %(objectname) %(*objectname)
> git remote --verbose
> git config --get commit.template
> git status -z -u
> git symbolic-ref --short HEAD
> git for-each-ref --format=%(refname)%00%(upstream:short)%00%(upstream:track)%00%(objectname) refs/heads/alispit-tel refs/remotes/alispit-tel
> git for-each-ref --sort -committerdate --format %(refname) %(objectname) %(*objectname)
> git remote --verbose
> git config --get commit.template
> git status -z -u
> git symbolic-ref --short HEAD
> git for-each-ref --format=%(refname)%00%(upstream:short)%00%(upstream:track)%00%(objectname) refs/heads/alispit-tel refs/remotes/alispit-tel
> git for-each-ref --sort -committerdate --format %(refname) %(objectname) %(*objectname)
> git remote --verbose
> git config --get commit.template
> git status -z -u
> git symbolic-ref --short HEAD
> git for-each-ref --format=%(refname)%00%(upstream:short)%00%(upstream:track)%00%(objectname) refs/heads/alispit-tel refs/remotes/alispit-tel
> git for-each-ref --sort -committerdate --format %(refname) %(objectname) %(*objectname)
> git remote --verbose
> git config --get commit.template
> git show --textconv :src/pages/index.js
> git ls-files --stage -- /home/dotnet/Dev/portfolio/src/pages/index.js
> git cat-file -s 95fc8d1f713a5a72ba6f7361acb89e2557413bb0
> git show --textconv :src/components/Main.js
> git ls-files --stage -- /home/dotnet/Dev/portfolio/src/components/Main.js
> git cat-file -s cbe245b83906b48887e537794ee6a0f5a0c9ca2b
> git show --textconv :src/components/layout.js
> git ls-files --stage -- /home/dotnet/Dev/portfolio/src/components/layout.js
> git cat-file -s c239b04b5523514ab9c6387ff4e6d137e0586025
> git show --textconv :src/components/Projects.js
> git ls-files --stage -- /home/dotnet/Dev/portfolio/src/components/Projects.js
> git cat-file -s 6bfc100fa0252a16315e711be5d9fe9ff6e79357
> git show --textconv :src/components/layout.js
> git ls-files --stage -- /home/dotnet/Dev/portfolio/src/components/layout.js
> git cat-file -s c239b04b5523514ab9c6387ff4e6d137e0586025
> git status -z -u
> git symbolic-ref --short HEAD
> git ls-files --stage -- /home/dotnet/Dev/portfolio/src/components/layout.js
> git for-each-ref --format=%(refname)%00%(upstream:short)%00%(upstream:track)%00%(objectname) refs/heads/alispit-tel refs/remotes/alispit-tel
> git cat-file -s c239b04b5523514ab9c6387ff4e6d137e0586025
> git for-each-ref --sort -committerdate --format %(refname) %(objectname) %(*objectname)
> git remote --verbose
> git show --textconv :src/components/layout.js
> git config --get commit.template
> git status -z -u
> git symbolic-ref --short HEAD
> git for-each-ref --format=%(refname)%00%(upstream:short)%00%(upstream:track)%00%(objectname) refs/heads/alispit-tel refs/remotes/alispit-tel
> git for-each-ref --sort -committerdate --format %(refname) %(objectname) %(*objectname)
> git remote --verbose
> git config --get commit.template
> git show --textconv :src/components/layout.js
> git ls-files --stage -- /home/dotnet/Dev/portfolio/src/components/layout.js
> git cat-file -s c239b04b5523514ab9c6387ff4e6d137e0586025
> git status -z -u
> git symbolic-ref --short HEAD
> git for-each-ref --format=%(refname)%00%(upstream:short)%00%(upstream:track)%00%(objectname) refs/heads/alispit-tel refs/remotes/alispit-tel
> git for-each-ref --sort -committerdate --format %(refname) %(objectname) %(*objectname)
> git remote --verbose
> git config --get commit.template
> git check-ignore -v -z --stdin
